2023-02-04 22:25:01,861 INFO org.springframework.boot.StartupInfoLogger [restartedMain] Starting TheatreManagementApplication using Java 17.0.4.1 on DESKTOP-2F7T33D with PID 17848 (C:\Users\ADMIN\Documents\workspace-spring-tool-suite-4-4.16.1.RELEASE\manoj\theatremanagement\target\classes started by ADMIN in C:\Users\ADMIN\Documents\workspace-spring-tool-suite-4-4.16.1.RELEASE\manoj\theatremanagement)
2023-02-04 22:25:01,859 INFO org.hibernate.validator.internal.util.Version [background-preinit] HV000001: Hibernate Validator 6.2.5.Final
2023-02-04 22:25:01,866 INFO org.springframework.boot.SpringApplication [restartedMain] No active profile set, falling back to 1 default profile: "default"
2023-02-04 22:25:01,983 INFO org.springframework.boot.logging.DeferredLog [restartedMain] Devtools property defaults active! Set 'spring.devtools.add-properties' to 'false' to disable
2023-02-04 22:25:01,984 INFO org.springframework.boot.logging.DeferredLog [restartedMain] For additional web related logging consider setting the 'logging.level.web' property to 'DEBUG'
2023-02-04 22:25:04,910 INFO org.springframework.data.repository.config.RepositoryConfigurationDelegate [restartedMain] Bootstrapping Spring Data JPA repositories in DEFAULT mode.
2023-02-04 22:25:05,120 INFO org.springframework.data.repository.config.RepositoryConfigurationDelegate [restartedMain] Finished Spring Data repository scanning in 182 ms. Found 7 JPA repository interfaces.
2023-02-04 22:25:06,388 INFO org.springframework.boot.web.embedded.tomcat.TomcatWebServer [restartedMain] Tomcat initialized with port(s): 8080 (http)
2023-02-04 22:25:06,411 INFO org.apache.juli.logging.DirectJDKLog [restartedMain] Initializing ProtocolHandler ["http-nio-8080"]
2023-02-04 22:25:06,412 INFO org.apache.juli.logging.DirectJDKLog [restartedMain] Starting service [Tomcat]
2023-02-04 22:25:06,413 INFO org.apache.juli.logging.DirectJDKLog [restartedMain] Starting Servlet engine: [Apache Tomcat/9.0.70]
2023-02-04 22:25:06,572 INFO org.apache.juli.logging.DirectJDKLog [restartedMain] Initializing Spring embedded WebApplicationContext
2023-02-04 22:25:06,572 INFO org.springframework.boot.web.servlet.context.ServletWebServerApplicationContext [restartedMain] Root WebApplicationContext: initialization completed in 4587 ms
2023-02-04 22:25:07,066 INFO org.hibernate.jpa.internal.util.LogHelper [restartedMain] HHH000204: Processing PersistenceUnitInfo [name: default]
2023-02-04 22:25:07,191 INFO org.hibernate.Version [restartedMain] HHH000412: Hibernate ORM core version 5.6.14.Final
2023-02-04 22:25:07,596 INFO org.hibernate.annotations.common.reflection.java.JavaReflectionManager [restartedMain] HCANN000001: Hibernate Commons Annotations {5.1.2.Final}
2023-02-04 22:25:07,842 INFO com.zaxxer.hikari.HikariDataSource [restartedMain] HikariPool-1 - Starting...
2023-02-04 22:25:07,853 WARN com.zaxxer.hikari.util.DriverDataSource [restartedMain] Registered driver with driverClassName=com.mysql.jdbc.Driver was not found, trying direct instantiation.
2023-02-04 22:25:08,526 INFO com.zaxxer.hikari.HikariDataSource [restartedMain] HikariPool-1 - Start completed.
2023-02-04 22:25:08,596 INFO org.hibernate.dialect.Dialect [restartedMain] HHH000400: Using dialect: org.hibernate.dialect.MySQL8Dialect
2023-02-04 22:25:10,202 INFO org.hibernate.engine.transaction.jta.platform.internal.JtaPlatformInitiator [restartedMain] HHH000490: Using JtaPlatform implementation: [org.hibernate.engine.transaction.jta.platform.internal.NoJtaPlatform]
2023-02-04 22:25:10,220 INFO org.springframework.orm.jpa.AbstractEntityManagerFactoryBean [restartedMain] Initialized JPA EntityManagerFactory for persistence unit 'default'
2023-02-04 22:25:11,061 WARN org.springframework.boot.autoconfigure.orm.jpa.JpaBaseConfiguration$JpaWebConfiguration [restartedMain] spring.jpa.open-in-view is enabled by default. Therefore, database queries may be performed during view rendering. Explicitly configure spring.jpa.open-in-view to disable this warning
2023-02-04 22:25:11,292 INFO org.springframework.boot.autoconfigure.web.servlet.WelcomePageHandlerMapping [restartedMain] Adding welcome page: class path resource [static/index.html]
2023-02-04 22:25:12,304 INFO org.springframework.boot.devtools.autoconfigure.OptionalLiveReloadServer [restartedMain] LiveReload server is running on port 35729
2023-02-04 22:25:12,342 INFO org.apache.juli.logging.DirectJDKLog [restartedMain] Starting ProtocolHandler ["http-nio-8080"]
2023-02-04 22:25:12,381 INFO org.springframework.boot.web.embedded.tomcat.TomcatWebServer [restartedMain] Tomcat started on port(s): 8080 (http) with context path ''
2023-02-04 22:25:12,400 INFO org.springframework.boot.StartupInfoLogger [restartedMain] Started TheatreManagementApplication in 12.228 seconds (JVM running for 16.728)
2023-02-04 22:26:37,422 INFO org.apache.juli.logging.DirectJDKLog [http-nio-8080-exec-1] Initializing Spring DispatcherServlet 'dispatcherServlet'
2023-02-04 22:26:37,422 INFO org.springframework.web.servlet.FrameworkServlet [http-nio-8080-exec-1] Initializing Servlet 'dispatcherServlet'
2023-02-04 22:26:37,426 INFO org.springframework.web.servlet.FrameworkServlet [http-nio-8080-exec-1] Completed initialization in 4 ms
2023-02-04 22:26:37,503 INFO com.example.demo.controller.CinemaController [http-nio-8080-exec-1] get a allCinema
2023-02-04 22:27:32,982 INFO com.example.demo.controller.CinemaController [http-nio-8080-exec-3] get a allCinema
2023-02-04 22:28:03,829 INFO com.example.demo.controller.CinemaController [http-nio-8080-exec-6] get a allCinema
2023-02-04 22:28:41,520 INFO com.example.demo.controller.CinemaController [http-nio-8080-exec-7] get a allCinema
2023-02-04 22:29:26,313 INFO com.example.demo.controller.CinemaController [http-nio-8080-exec-9] get a allCinema
2023-02-04 22:29:44,600 INFO com.example.demo.controller.CinemaController [http-nio-8080-exec-8] get a allCinema
2023-02-04 22:30:11,263 INFO com.example.demo.controller.CinemaController [http-nio-8080-exec-10] get a allCinema
2023-02-04 22:30:43,588 INFO com.example.demo.controller.CinemaController [http-nio-8080-exec-1] get a allCinema
2023-02-04 22:30:58,361 INFO com.example.demo.controller.CinemaController [http-nio-8080-exec-2] get a allCinema
2023-02-04 22:31:32,653 INFO com.example.demo.controller.CinemaController [http-nio-8080-exec-3] get a allCinema
2023-02-04 22:31:51,290 INFO com.example.demo.controller.CinemaController [http-nio-8080-exec-4] get a allCinema
2023-02-04 22:32:13,578 INFO com.example.demo.controller.CinemaController [http-nio-8080-exec-5] get a allCinema
2023-02-04 22:32:27,743 INFO com.example.demo.controller.CinemaController [http-nio-8080-exec-6] get a allCinema
2023-02-04 22:32:52,934 INFO com.example.demo.controller.CinemaController [http-nio-8080-exec-7] get a allCinema
2023-02-04 22:33:04,559 INFO com.example.demo.controller.CinemaController [http-nio-8080-exec-9] get a allCinema
2023-02-04 22:33:11,841 INFO com.example.demo.controller.CinemaController [http-nio-8080-exec-8] get a allCinema
2023-02-04 22:34:26,316 INFO org.springframework.boot.admin.SpringApplicationAdminMXBeanRegistrar$SpringApplicationAdmin [RMI TCP Connection(18)-127.0.0.1] Application shutdown requested.
2023-02-04 22:34:26,337 INFO org.apache.juli.logging.DirectJDKLog [RMI TCP Connection(18)-127.0.0.1] Pausing ProtocolHandler ["http-nio-8080"]
2023-02-04 22:34:26,337 INFO org.apache.juli.logging.DirectJDKLog [RMI TCP Connection(18)-127.0.0.1] Stopping service [Tomcat]
2023-02-04 22:34:26,341 INFO org.apache.juli.logging.DirectJDKLog [RMI TCP Connection(18)-127.0.0.1] Destroying Spring FrameworkServlet 'dispatcherServlet'
2023-02-04 22:34:26,345 INFO org.apache.juli.logging.DirectJDKLog [RMI TCP Connection(18)-127.0.0.1] Stopping ProtocolHandler ["http-nio-8080"]
2023-02-04 22:34:26,349 INFO org.apache.juli.logging.DirectJDKLog [RMI TCP Connection(18)-127.0.0.1] Destroying ProtocolHandler ["http-nio-8080"]
2023-02-04 22:34:26,356 INFO org.springframework.orm.jpa.AbstractEntityManagerFactoryBean [RMI TCP Connection(18)-127.0.0.1] Closing JPA EntityManagerFactory for persistence unit 'default'
2023-02-04 22:34:26,361 INFO com.zaxxer.hikari.HikariDataSource [RMI TCP Connection(18)-127.0.0.1] HikariPool-1 - Shutdown initiated...
2023-02-04 22:34:26,375 INFO com.zaxxer.hikari.HikariDataSource [RMI TCP Connection(18)-127.0.0.1] HikariPool-1 - Shutdown completed.
