2023-01-13 10:41:36,844 INFO org.hibernate.validator.internal.util.Version [background-preinit] HV000001: Hibernate Validator 6.2.5.Final
2023-01-13 10:41:36,856 INFO org.springframework.boot.StartupInfoLogger [restartedMain] Starting TheatreManagementApplication using Java 17.0.4.1 on DESKTOP-2F7T33D with PID 984 (C:\Users\ADMIN\Documents\workspace-spring-tool-suite-4-4.16.1.RELEASE\theatremanagement\target\classes started by ADMIN in C:\Users\ADMIN\Documents\workspace-spring-tool-suite-4-4.16.1.RELEASE\theatremanagement)
2023-01-13 10:41:36,858 INFO org.springframework.boot.SpringApplication [restartedMain] No active profile set, falling back to 1 default profile: "default"
2023-01-13 10:41:36,959 INFO org.springframework.boot.logging.DeferredLog [restartedMain] Devtools property defaults active! Set 'spring.devtools.add-properties' to 'false' to disable
2023-01-13 10:41:36,960 INFO org.springframework.boot.logging.DeferredLog [restartedMain] For additional web related logging consider setting the 'logging.level.web' property to 'DEBUG'
2023-01-13 10:41:38,145 INFO org.springframework.data.repository.config.RepositoryConfigurationDelegate [restartedMain] Bootstrapping Spring Data JPA repositories in DEFAULT mode.
2023-01-13 10:41:38,262 INFO org.springframework.data.repository.config.RepositoryConfigurationDelegate [restartedMain] Finished Spring Data repository scanning in 100 ms. Found 7 JPA repository interfaces.
2023-01-13 10:41:39,057 INFO org.springframework.boot.web.embedded.tomcat.TomcatWebServer [restartedMain] Tomcat initialized with port(s): 8080 (http)
2023-01-13 10:41:39,074 INFO org.apache.juli.logging.DirectJDKLog [restartedMain] Initializing ProtocolHandler ["http-nio-8080"]
2023-01-13 10:41:39,075 INFO org.apache.juli.logging.DirectJDKLog [restartedMain] Starting service [Tomcat]
2023-01-13 10:41:39,075 INFO org.apache.juli.logging.DirectJDKLog [restartedMain] Starting Servlet engine: [Apache Tomcat/9.0.70]
2023-01-13 10:41:39,209 INFO org.apache.juli.logging.DirectJDKLog [restartedMain] Initializing Spring embedded WebApplicationContext
2023-01-13 10:41:39,209 INFO org.springframework.boot.web.servlet.context.ServletWebServerApplicationContext [restartedMain] Root WebApplicationContext: initialization completed in 2248 ms
2023-01-13 10:41:39,426 INFO org.hibernate.jpa.internal.util.LogHelper [restartedMain] HHH000204: Processing PersistenceUnitInfo [name: default]
2023-01-13 10:41:39,495 INFO org.hibernate.Version [restartedMain] HHH000412: Hibernate ORM core version 5.6.14.Final
2023-01-13 10:41:39,713 INFO org.hibernate.annotations.common.reflection.java.JavaReflectionManager [restartedMain] HCANN000001: Hibernate Commons Annotations {5.1.2.Final}
2023-01-13 10:41:39,860 INFO com.zaxxer.hikari.HikariDataSource [restartedMain] HikariPool-1 - Starting...
2023-01-13 10:41:39,870 WARN com.zaxxer.hikari.util.DriverDataSource [restartedMain] Registered driver with driverClassName=com.mysql.jdbc.Driver was not found, trying direct instantiation.
2023-01-13 10:41:40,298 INFO com.zaxxer.hikari.HikariDataSource [restartedMain] HikariPool-1 - Start completed.
2023-01-13 10:41:40,355 INFO org.hibernate.dialect.Dialect [restartedMain] HHH000400: Using dialect: org.hibernate.dialect.MySQL8Dialect
2023-01-13 10:41:41,695 INFO org.hibernate.engine.transaction.jta.platform.internal.JtaPlatformInitiator [restartedMain] HHH000490: Using JtaPlatform implementation: [org.hibernate.engine.transaction.jta.platform.internal.NoJtaPlatform]
2023-01-13 10:41:41,712 INFO org.springframework.orm.jpa.AbstractEntityManagerFactoryBean [restartedMain] Initialized JPA EntityManagerFactory for persistence unit 'default'
2023-01-13 10:41:42,445 WARN org.springframework.boot.autoconfigure.orm.jpa.JpaBaseConfiguration$JpaWebConfiguration [restartedMain] spring.jpa.open-in-view is enabled by default. Therefore, database queries may be performed during view rendering. Explicitly configure spring.jpa.open-in-view to disable this warning
2023-01-13 10:41:43,805 INFO org.springframework.boot.devtools.autoconfigure.OptionalLiveReloadServer [restartedMain] LiveReload server is running on port 35729
2023-01-13 10:41:43,850 INFO org.apache.juli.logging.DirectJDKLog [restartedMain] Starting ProtocolHandler ["http-nio-8080"]
2023-01-13 10:41:43,896 INFO org.springframework.boot.web.embedded.tomcat.TomcatWebServer [restartedMain] Tomcat started on port(s): 8080 (http) with context path ''
2023-01-13 10:41:43,916 INFO org.springframework.boot.StartupInfoLogger [restartedMain] Started TheatreManagementApplication in 7.721 seconds (JVM running for 8.912)
2023-01-13 10:41:49,133 INFO org.apache.juli.logging.DirectJDKLog [http-nio-8080-exec-1] Initializing Spring DispatcherServlet 'dispatcherServlet'
2023-01-13 10:41:49,133 INFO org.springframework.web.servlet.FrameworkServlet [http-nio-8080-exec-1] Initializing Servlet 'dispatcherServlet'
2023-01-13 10:41:49,136 INFO org.springframework.web.servlet.FrameworkServlet [http-nio-8080-exec-1] Completed initialization in 2 ms
2023-01-13 10:41:50,133 INFO org.springdoc.api.AbstractOpenApiResource [http-nio-8080-exec-3] Init duration for springdoc-openapi is: 637 ms
2023-01-13 10:42:12,422 INFO com.example.demo.controller.TheatreController [http-nio-8080-exec-4] get a theatre
2023-01-13 10:53:30,855 INFO com.example.demo.controller.TheatreController [http-nio-8080-exec-7] save new theater - Theatrename=inox,PhoneNumber= 9942956273 
2023-01-13 10:53:31,013 WARN org.hibernate.engine.jdbc.spi.SqlExceptionHelper [http-nio-8080-exec-7] SQL Error: 1364, SQLState: HY000
2023-01-13 10:53:31,014 ERROR org.hibernate.engine.jdbc.spi.SqlExceptionHelper [http-nio-8080-exec-7] Field 'id' doesn't have a default value
2023-01-13 10:53:31,016 INFO org.hibernate.engine.jdbc.batch.internal.AbstractBatchImpl [http-nio-8080-exec-7] HHH000010: On release of batch it still contained JDBC statements
2023-01-13 10:53:31,028 ERROR org.apache.juli.logging.DirectJDKLog [http-nio-8080-exec-7] Servlet.service() for servlet [dispatcherServlet] in context with path [] threw exception [Request processing failed; nested exception is org.springframework.orm.jpa.JpaSystemException: could not execute statement; nested exception is org.hibernate.exception.GenericJDBCException: could not execute statement] with root cause
java.sql.SQLException: Field 'id' doesn't have a default value
	at com.mysql.cj.jdbc.exceptions.SQLError.createSQLException(SQLError.java:129)
	at com.mysql.cj.jdbc.exceptions.SQLExceptionsMapping.translateException(SQLExceptionsMapping.java:122)
	at com.mysql.cj.jdbc.ClientPreparedStatement.executeInternal(ClientPreparedStatement.java:916)
	at com.mysql.cj.jdbc.ClientPreparedStatement.executeUpdateInternal(ClientPreparedStatement.java:1061)
	at com.mysql.cj.jdbc.ClientPreparedStatement.executeUpdateInternal(ClientPreparedStatement.java:1009)
	at com.mysql.cj.jdbc.ClientPreparedStatement.executeLargeUpdate(ClientPreparedStatement.java:1320)
	at com.mysql.cj.jdbc.ClientPreparedStatement.executeUpdate(ClientPreparedStatement.java:994)
	at com.zaxxer.hikari.pool.ProxyPreparedStatement.executeUpdate(ProxyPreparedStatement.java:61)
	at com.zaxxer.hikari.pool.HikariProxyPreparedStatement.executeUpdate(HikariProxyPreparedStatement.java)
	at org.hibernate.engine.jdbc.internal.ResultSetReturnImpl.executeUpdate(ResultSetReturnImpl.java:197)
	at org.hibernate.engine.jdbc.batch.internal.NonBatchingBatch.addToBatch(NonBatchingBatch.java:46)
	at org.hibernate.persister.entity.AbstractEntityPersister.insert(AbstractEntityPersister.java:3375)
	at org.hibernate.persister.entity.AbstractEntityPersister.insert(AbstractEntityPersister.java:3937)
	at org.hibernate.action.internal.EntityInsertAction.execute(EntityInsertAction.java:107)
	at org.hibernate.engine.spi.ActionQueue.executeActions(ActionQueue.java:604)
	at org.hibernate.engine.spi.ActionQueue.lambda$executeActions$1(ActionQueue.java:478)
	at java.base/java.util.LinkedHashMap.forEach(LinkedHashMap.java:721)
	at org.hibernate.engine.spi.ActionQueue.executeActions(ActionQueue.java:475)
	at org.hibernate.event.internal.AbstractFlushingEventListener.performExecutions(AbstractFlushingEventListener.java:344)
	at org.hibernate.event.internal.DefaultFlushEventListener.onFlush(DefaultFlushEventListener.java:40)
	at org.hibernate.event.service.internal.EventListenerGroupImpl.fireEventOnEachListener(EventListenerGroupImpl.java:107)
	at org.hibernate.internal.SessionImpl.doFlush(SessionImpl.java:1407)
	at org.hibernate.internal.SessionImpl.managedFlush(SessionImpl.java:489)
	at org.hibernate.internal.SessionImpl.flushBeforeTransactionCompletion(SessionImpl.java:3303)
	at org.hibernate.internal.SessionImpl.beforeTransactionCompletion(SessionImpl.java:2438)
	at org.hibernate.engine.jdbc.internal.JdbcCoordinatorImpl.beforeTransactionCompletion(JdbcCoordinatorImpl.java:449)
	at org.hibernate.resource.transaction.backend.jdbc.internal.JdbcResourceLocalTransactionCoordinatorImpl.beforeCompletionCallback(JdbcResourceLocalTransactionCoordinatorImpl.java:183)
	at org.hibernate.resource.transaction.backend.jdbc.internal.JdbcResourceLocalTransactionCoordinatorImpl.access$300(JdbcResourceLocalTransactionCoordinatorImpl.java:40)
	at org.hibernate.resource.transaction.backend.jdbc.internal.JdbcResourceLocalTransactionCoordinatorImpl$TransactionDriverControlImpl.commit(JdbcResourceLocalTransactionCoordinatorImpl.java:281)
	at org.hibernate.engine.transaction.internal.TransactionImpl.commit(TransactionImpl.java:101)
	at org.springframework.orm.jpa.JpaTransactionManager.doCommit(JpaTransactionManager.java:562)
	at org.springframework.transaction.support.AbstractPlatformTransactionManager.processCommit(AbstractPlatformTransactionManager.java:743)
	at org.springframework.transaction.support.AbstractPlatformTransactionManager.commit(AbstractPlatformTransactionManager.java:711)
	at org.springframework.transaction.interceptor.TransactionAspectSupport.commitTransactionAfterReturning(TransactionAspectSupport.java:654)
	at org.springframework.transaction.interceptor.TransactionAspectSupport.invokeWithinTransaction(TransactionAspectSupport.java:407)
	at org.springframework.transaction.interceptor.TransactionInterceptor.invoke(TransactionInterceptor.java:119)
	at org.springframework.aop.framework.ReflectiveMethodInvocation.proceed(ReflectiveMethodInvocation.java:186)
	at org.springframework.dao.support.PersistenceExceptionTranslationInterceptor.invoke(PersistenceExceptionTranslationInterceptor.java:137)
	at org.springframework.aop.framework.ReflectiveMethodInvocation.proceed(ReflectiveMethodInvocation.java:186)
	at org.springframework.data.jpa.repository.support.CrudMethodMetadataPostProcessor$CrudMethodMetadataPopulatingMethodInterceptor.invoke(CrudMethodMetadataPostProcessor.java:174)
	at org.springframework.aop.framework.ReflectiveMethodInvocation.proceed(ReflectiveMethodInvocation.java:186)
	at org.springframework.aop.interceptor.ExposeInvocationInterceptor.invoke(ExposeInvocationInterceptor.java:97)
	at org.springframework.aop.framework.ReflectiveMethodInvocation.proceed(ReflectiveMethodInvocation.java:186)
	at org.springframework.aop.framework.JdkDynamicAopProxy.invoke(JdkDynamicAopProxy.java:215)
	at jdk.proxy3/jdk.proxy3.$Proxy132.save(Unknown Source)
	at com.example.demo.serviceImpl.TheatreServiceimpl.saveTheatre(TheatreServiceimpl.java:43)
	at com.example.demo.controller.TheatreController.saveTheatre(TheatreController.java:41)
	at java.base/jdk.internal.reflect.NativeMethodAccessorImpl.invoke0(Native Method)
	at java.base/jdk.internal.reflect.NativeMethodAccessorImpl.invoke(NativeMethodAccessorImpl.java:77)
	at java.base/jdk.internal.reflect.DelegatingMethodAccessorImpl.invoke(DelegatingMethodAccessorImpl.java:43)
	at java.base/java.lang.reflect.Method.invoke(Method.java:568)
	at org.springframework.web.method.support.InvocableHandlerMethod.doInvoke(InvocableHandlerMethod.java:205)
	at org.springframework.web.method.support.InvocableHandlerMethod.invokeForRequest(InvocableHandlerMethod.java:150)
	at org.springframework.web.servlet.mvc.method.annotation.ServletInvocableHandlerMethod.invokeAndHandle(ServletInvocableHandlerMethod.java:117)
	at org.springframework.web.servlet.mvc.method.annotation.RequestMappingHandlerAdapter.invokeHandlerMethod(RequestMappingHandlerAdapter.java:895)
	at org.springframework.web.servlet.mvc.method.annotation.RequestMappingHandlerAdapter.handleInternal(RequestMappingHandlerAdapter.java:808)
	at org.springframework.web.servlet.mvc.method.AbstractHandlerMethodAdapter.handle(AbstractHandlerMethodAdapter.java:87)
	at org.springframework.web.servlet.DispatcherServlet.doDispatch(DispatcherServlet.java:1071)
	at org.springframework.web.servlet.DispatcherServlet.doService(DispatcherServlet.java:964)
	at org.springframework.web.servlet.FrameworkServlet.processRequest(FrameworkServlet.java:1006)
	at org.springframework.web.servlet.FrameworkServlet.doPost(FrameworkServlet.java:909)
	at javax.servlet.http.HttpServlet.service(HttpServlet.java:696)
	at org.springframework.web.servlet.FrameworkServlet.service(FrameworkServlet.java:883)
	at javax.servlet.http.HttpServlet.service(HttpServlet.java:779)
	at org.apache.catalina.core.ApplicationFilterChain.internalDoFilter(ApplicationFilterChain.java:227)
	at org.apache.catalina.core.ApplicationFilterChain.doFilter(ApplicationFilterChain.java:162)
	at org.apache.tomcat.websocket.server.WsFilter.doFilter(WsFilter.java:53)
	at org.apache.catalina.core.ApplicationFilterChain.internalDoFilter(ApplicationFilterChain.java:189)
	at org.apache.catalina.core.ApplicationFilterChain.doFilter(ApplicationFilterChain.java:162)
	at org.springframework.web.filter.RequestContextFilter.doFilterInternal(RequestContextFilter.java:100)
	at org.springframework.web.filter.OncePerRequestFilter.doFilter(OncePerRequestFilter.java:117)
	at org.apache.catalina.core.ApplicationFilterChain.internalDoFilter(ApplicationFilterChain.java:189)
	at org.apache.catalina.core.ApplicationFilterChain.doFilter(ApplicationFilterChain.java:162)
	at org.springframework.web.filter.FormContentFilter.doFilterInternal(FormContentFilter.java:93)
	at org.springframework.web.filter.OncePerRequestFilter.doFilter(OncePerRequestFilter.java:117)
	at org.apache.catalina.core.ApplicationFilterChain.internalDoFilter(ApplicationFilterChain.java:189)
	at org.apache.catalina.core.ApplicationFilterChain.doFilter(ApplicationFilterChain.java:162)
	at org.springframework.web.filter.CharacterEncodingFilter.doFilterInternal(CharacterEncodingFilter.java:201)
	at org.springframework.web.filter.OncePerRequestFilter.doFilter(OncePerRequestFilter.java:117)
	at org.apache.catalina.core.ApplicationFilterChain.internalDoFilter(ApplicationFilterChain.java:189)
	at org.apache.catalina.core.ApplicationFilterChain.doFilter(ApplicationFilterChain.java:162)
	at org.apache.catalina.core.StandardWrapperValve.invoke(StandardWrapperValve.java:177)
	at org.apache.catalina.core.StandardContextValve.invoke(StandardContextValve.java:97)
	at org.apache.catalina.authenticator.AuthenticatorBase.invoke(AuthenticatorBase.java:541)
	at org.apache.catalina.core.StandardHostValve.invoke(StandardHostValve.java:135)
	at org.apache.catalina.valves.ErrorReportValve.invoke(ErrorReportValve.java:92)
	at org.apache.catalina.core.StandardEngineValve.invoke(StandardEngineValve.java:78)
	at org.apache.catalina.connector.CoyoteAdapter.service(CoyoteAdapter.java:360)
	at org.apache.coyote.http11.Http11Processor.service(Http11Processor.java:399)
	at org.apache.coyote.AbstractProcessorLight.process(AbstractProcessorLight.java:65)
	at org.apache.coyote.AbstractProtocol$ConnectionHandler.process(AbstractProtocol.java:891)
	at org.apache.tomcat.util.net.NioEndpoint$SocketProcessor.doRun(NioEndpoint.java:1784)
	at org.apache.tomcat.util.net.SocketProcessorBase.run(SocketProcessorBase.java:49)
	at org.apache.tomcat.util.threads.ThreadPoolExecutor.runWorker(ThreadPoolExecutor.java:1191)
	at org.apache.tomcat.util.threads.ThreadPoolExecutor$Worker.run(ThreadPoolExecutor.java:659)
	at org.apache.tomcat.util.threads.TaskThread$WrappingRunnable.run(TaskThread.java:61)
	at java.base/java.lang.Thread.run(Thread.java:833)
2023-01-13 10:57:56,863 INFO org.springframework.boot.admin.SpringApplicationAdminMXBeanRegistrar$SpringApplicationAdmin [RMI TCP Connection(26)-127.0.0.1] Application shutdown requested.
2023-01-13 10:57:56,879 INFO org.apache.juli.logging.DirectJDKLog [RMI TCP Connection(26)-127.0.0.1] Pausing ProtocolHandler ["http-nio-8080"]
2023-01-13 10:57:56,880 INFO org.apache.juli.logging.DirectJDKLog [RMI TCP Connection(26)-127.0.0.1] Stopping service [Tomcat]
2023-01-13 10:57:56,883 INFO org.apache.juli.logging.DirectJDKLog [RMI TCP Connection(26)-127.0.0.1] Destroying Spring FrameworkServlet 'dispatcherServlet'
2023-01-13 10:57:56,887 INFO org.apache.juli.logging.DirectJDKLog [RMI TCP Connection(26)-127.0.0.1] Stopping ProtocolHandler ["http-nio-8080"]
2023-01-13 10:57:56,890 INFO org.apache.juli.logging.DirectJDKLog [RMI TCP Connection(26)-127.0.0.1] Destroying ProtocolHandler ["http-nio-8080"]
2023-01-13 10:57:56,897 INFO org.springframework.orm.jpa.AbstractEntityManagerFactoryBean [RMI TCP Connection(26)-127.0.0.1] Closing JPA EntityManagerFactory for persistence unit 'default'
2023-01-13 10:57:56,902 INFO com.zaxxer.hikari.HikariDataSource [RMI TCP Connection(26)-127.0.0.1] HikariPool-1 - Shutdown initiated...
2023-01-13 10:57:56,912 INFO com.zaxxer.hikari.HikariDataSource [RMI TCP Connection(26)-127.0.0.1] HikariPool-1 - Shutdown completed.
2023-01-13 10:58:13,325 INFO org.hibernate.validator.internal.util.Version [background-preinit] HV000001: Hibernate Validator 6.2.5.Final
2023-01-13 10:58:13,329 INFO org.springframework.boot.StartupInfoLogger [restartedMain] Starting TheatreManagementApplication using Java 17.0.4.1 on DESKTOP-2F7T33D with PID 11448 (C:\Users\ADMIN\Documents\workspace-spring-tool-suite-4-4.16.1.RELEASE\theatremanagement\target\classes started by ADMIN in C:\Users\ADMIN\Documents\workspace-spring-tool-suite-4-4.16.1.RELEASE\theatremanagement)
2023-01-13 10:58:13,330 INFO org.springframework.boot.SpringApplication [restartedMain] No active profile set, falling back to 1 default profile: "default"
2023-01-13 10:58:13,433 INFO org.springframework.boot.logging.DeferredLog [restartedMain] Devtools property defaults active! Set 'spring.devtools.add-properties' to 'false' to disable
2023-01-13 10:58:13,433 INFO org.springframework.boot.logging.DeferredLog [restartedMain] For additional web related logging consider setting the 'logging.level.web' property to 'DEBUG'
2023-01-13 10:58:14,541 INFO org.springframework.data.repository.config.RepositoryConfigurationDelegate [restartedMain] Bootstrapping Spring Data JPA repositories in DEFAULT mode.
2023-01-13 10:58:14,661 INFO org.springframework.data.repository.config.RepositoryConfigurationDelegate [restartedMain] Finished Spring Data repository scanning in 105 ms. Found 7 JPA repository interfaces.
2023-01-13 10:58:15,497 INFO org.springframework.boot.web.embedded.tomcat.TomcatWebServer [restartedMain] Tomcat initialized with port(s): 8080 (http)
2023-01-13 10:58:15,514 INFO org.apache.juli.logging.DirectJDKLog [restartedMain] Initializing ProtocolHandler ["http-nio-8080"]
2023-01-13 10:58:15,515 INFO org.apache.juli.logging.DirectJDKLog [restartedMain] Starting service [Tomcat]
2023-01-13 10:58:15,516 INFO org.apache.juli.logging.DirectJDKLog [restartedMain] Starting Servlet engine: [Apache Tomcat/9.0.70]
2023-01-13 10:58:15,647 INFO org.apache.juli.logging.DirectJDKLog [restartedMain] Initializing Spring embedded WebApplicationContext
2023-01-13 10:58:15,648 INFO org.springframework.boot.web.servlet.context.ServletWebServerApplicationContext [restartedMain] Root WebApplicationContext: initialization completed in 2214 ms
2023-01-13 10:58:15,883 INFO org.hibernate.jpa.internal.util.LogHelper [restartedMain] HHH000204: Processing PersistenceUnitInfo [name: default]
2023-01-13 10:58:15,955 INFO org.hibernate.Version [restartedMain] HHH000412: Hibernate ORM core version 5.6.14.Final
2023-01-13 10:58:16,176 INFO org.hibernate.annotations.common.reflection.java.JavaReflectionManager [restartedMain] HCANN000001: Hibernate Commons Annotations {5.1.2.Final}
2023-01-13 10:58:16,318 INFO com.zaxxer.hikari.HikariDataSource [restartedMain] HikariPool-1 - Starting...
2023-01-13 10:58:16,328 WARN com.zaxxer.hikari.util.DriverDataSource [restartedMain] Registered driver with driverClassName=com.mysql.jdbc.Driver was not found, trying direct instantiation.
2023-01-13 10:58:16,765 INFO com.zaxxer.hikari.HikariDataSource [restartedMain] HikariPool-1 - Start completed.
2023-01-13 10:58:16,809 INFO org.hibernate.dialect.Dialect [restartedMain] HHH000400: Using dialect: org.hibernate.dialect.MySQL8Dialect
2023-01-13 10:58:18,126 INFO org.hibernate.engine.transaction.jta.platform.internal.JtaPlatformInitiator [restartedMain] HHH000490: Using JtaPlatform implementation: [org.hibernate.engine.transaction.jta.platform.internal.NoJtaPlatform]
2023-01-13 10:58:18,144 INFO org.springframework.orm.jpa.AbstractEntityManagerFactoryBean [restartedMain] Initialized JPA EntityManagerFactory for persistence unit 'default'
2023-01-13 10:58:18,837 WARN org.springframework.boot.autoconfigure.orm.jpa.JpaBaseConfiguration$JpaWebConfiguration [restartedMain] spring.jpa.open-in-view is enabled by default. Therefore, database queries may be performed during view rendering. Explicitly configure spring.jpa.open-in-view to disable this warning
2023-01-13 10:58:19,950 INFO org.springframework.boot.devtools.autoconfigure.OptionalLiveReloadServer [restartedMain] LiveReload server is running on port 35729
2023-01-13 10:58:19,982 INFO org.apache.juli.logging.DirectJDKLog [restartedMain] Starting ProtocolHandler ["http-nio-8080"]
2023-01-13 10:58:20,015 INFO org.springframework.boot.web.embedded.tomcat.TomcatWebServer [restartedMain] Tomcat started on port(s): 8080 (http) with context path ''
2023-01-13 10:58:20,031 INFO org.springframework.boot.StartupInfoLogger [restartedMain] Started TheatreManagementApplication in 7.362 seconds (JVM running for 8.62)
2023-01-13 10:59:33,374 INFO org.apache.juli.logging.DirectJDKLog [http-nio-8080-exec-1] Initializing Spring DispatcherServlet 'dispatcherServlet'
2023-01-13 10:59:33,375 INFO org.springframework.web.servlet.FrameworkServlet [http-nio-8080-exec-1] Initializing Servlet 'dispatcherServlet'
2023-01-13 10:59:33,377 INFO org.springframework.web.servlet.FrameworkServlet [http-nio-8080-exec-1] Completed initialization in 1 ms
2023-01-13 10:59:34,298 INFO org.springdoc.api.AbstractOpenApiResource [http-nio-8080-exec-3] Init duration for springdoc-openapi is: 622 ms
2023-01-13 11:00:00,888 INFO org.springframework.boot.admin.SpringApplicationAdminMXBeanRegistrar$SpringApplicationAdmin [RMI TCP Connection(10)-127.0.0.1] Application shutdown requested.
2023-01-13 11:00:00,911 INFO org.apache.juli.logging.DirectJDKLog [RMI TCP Connection(10)-127.0.0.1] Pausing ProtocolHandler ["http-nio-8080"]
2023-01-13 11:00:00,913 INFO org.apache.juli.logging.DirectJDKLog [RMI TCP Connection(10)-127.0.0.1] Stopping service [Tomcat]
2023-01-13 11:00:00,915 INFO org.apache.juli.logging.DirectJDKLog [RMI TCP Connection(10)-127.0.0.1] Destroying Spring FrameworkServlet 'dispatcherServlet'
2023-01-13 11:00:00,919 INFO org.apache.juli.logging.DirectJDKLog [RMI TCP Connection(10)-127.0.0.1] Stopping ProtocolHandler ["http-nio-8080"]
2023-01-13 11:00:00,923 INFO org.apache.juli.logging.DirectJDKLog [RMI TCP Connection(10)-127.0.0.1] Destroying ProtocolHandler ["http-nio-8080"]
2023-01-13 11:00:00,930 INFO org.springframework.orm.jpa.AbstractEntityManagerFactoryBean [RMI TCP Connection(10)-127.0.0.1] Closing JPA EntityManagerFactory for persistence unit 'default'
2023-01-13 11:00:00,934 INFO com.zaxxer.hikari.HikariDataSource [RMI TCP Connection(10)-127.0.0.1] HikariPool-1 - Shutdown initiated...
2023-01-13 11:00:00,947 INFO com.zaxxer.hikari.HikariDataSource [RMI TCP Connection(10)-127.0.0.1] HikariPool-1 - Shutdown completed.
2023-01-13 11:00:11,215 INFO org.hibernate.validator.internal.util.Version [background-preinit] HV000001: Hibernate Validator 6.2.5.Final
2023-01-13 11:00:11,217 INFO org.springframework.boot.StartupInfoLogger [restartedMain] Starting TheatreManagementApplication using Java 17.0.4.1 on DESKTOP-2F7T33D with PID 8428 (C:\Users\ADMIN\Documents\workspace-spring-tool-suite-4-4.16.1.RELEASE\theatremanagement\target\classes started by ADMIN in C:\Users\ADMIN\Documents\workspace-spring-tool-suite-4-4.16.1.RELEASE\theatremanagement)
2023-01-13 11:00:11,219 INFO org.springframework.boot.SpringApplication [restartedMain] No active profile set, falling back to 1 default profile: "default"
2023-01-13 11:00:11,318 INFO org.springframework.boot.logging.DeferredLog [restartedMain] Devtools property defaults active! Set 'spring.devtools.add-properties' to 'false' to disable
2023-01-13 11:00:11,319 INFO org.springframework.boot.logging.DeferredLog [restartedMain] For additional web related logging consider setting the 'logging.level.web' property to 'DEBUG'
2023-01-13 11:00:12,441 INFO org.springframework.data.repository.config.RepositoryConfigurationDelegate [restartedMain] Bootstrapping Spring Data JPA repositories in DEFAULT mode.
2023-01-13 11:00:12,565 INFO org.springframework.data.repository.config.RepositoryConfigurationDelegate [restartedMain] Finished Spring Data repository scanning in 107 ms. Found 7 JPA repository interfaces.
2023-01-13 11:00:13,424 INFO org.springframework.boot.web.embedded.tomcat.TomcatWebServer [restartedMain] Tomcat initialized with port(s): 8080 (http)
2023-01-13 11:00:13,442 INFO org.apache.juli.logging.DirectJDKLog [restartedMain] Initializing ProtocolHandler ["http-nio-8080"]
2023-01-13 11:00:13,443 INFO org.apache.juli.logging.DirectJDKLog [restartedMain] Starting service [Tomcat]
2023-01-13 11:00:13,443 INFO org.apache.juli.logging.DirectJDKLog [restartedMain] Starting Servlet engine: [Apache Tomcat/9.0.70]
2023-01-13 11:00:13,556 INFO org.apache.juli.logging.DirectJDKLog [restartedMain] Initializing Spring embedded WebApplicationContext
2023-01-13 11:00:13,557 INFO org.springframework.boot.web.servlet.context.ServletWebServerApplicationContext [restartedMain] Root WebApplicationContext: initialization completed in 2237 ms
2023-01-13 11:00:13,774 INFO org.hibernate.jpa.internal.util.LogHelper [restartedMain] HHH000204: Processing PersistenceUnitInfo [name: default]
2023-01-13 11:00:13,851 INFO org.hibernate.Version [restartedMain] HHH000412: Hibernate ORM core version 5.6.14.Final
2023-01-13 11:00:14,076 INFO org.hibernate.annotations.common.reflection.java.JavaReflectionManager [restartedMain] HCANN000001: Hibernate Commons Annotations {5.1.2.Final}
2023-01-13 11:00:14,223 INFO com.zaxxer.hikari.HikariDataSource [restartedMain] HikariPool-1 - Starting...
2023-01-13 11:00:14,231 WARN com.zaxxer.hikari.util.DriverDataSource [restartedMain] Registered driver with driverClassName=com.mysql.jdbc.Driver was not found, trying direct instantiation.
2023-01-13 11:00:14,686 INFO com.zaxxer.hikari.HikariDataSource [restartedMain] HikariPool-1 - Start completed.
2023-01-13 11:00:14,734 INFO org.hibernate.dialect.Dialect [restartedMain] HHH000400: Using dialect: org.hibernate.dialect.MySQL8Dialect
2023-01-13 11:00:16,904 INFO org.hibernate.engine.transaction.jta.platform.internal.JtaPlatformInitiator [restartedMain] HHH000490: Using JtaPlatform implementation: [org.hibernate.engine.transaction.jta.platform.internal.NoJtaPlatform]
2023-01-13 11:00:16,921 INFO org.springframework.orm.jpa.AbstractEntityManagerFactoryBean [restartedMain] Initialized JPA EntityManagerFactory for persistence unit 'default'
2023-01-13 11:00:17,616 WARN org.springframework.boot.autoconfigure.orm.jpa.JpaBaseConfiguration$JpaWebConfiguration [restartedMain] spring.jpa.open-in-view is enabled by default. Therefore, database queries may be performed during view rendering. Explicitly configure spring.jpa.open-in-view to disable this warning
2023-01-13 11:00:18,846 INFO org.springframework.boot.devtools.autoconfigure.OptionalLiveReloadServer [restartedMain] LiveReload server is running on port 35729
2023-01-13 11:00:18,879 INFO org.apache.juli.logging.DirectJDKLog [restartedMain] Starting ProtocolHandler ["http-nio-8080"]
2023-01-13 11:00:18,915 INFO org.springframework.boot.web.embedded.tomcat.TomcatWebServer [restartedMain] Tomcat started on port(s): 8080 (http) with context path ''
2023-01-13 11:00:18,929 INFO org.springframework.boot.StartupInfoLogger [restartedMain] Started TheatreManagementApplication in 8.379 seconds (JVM running for 9.851)
2023-01-13 11:00:33,927 INFO org.apache.juli.logging.DirectJDKLog [http-nio-8080-exec-1] Initializing Spring DispatcherServlet 'dispatcherServlet'
2023-01-13 11:00:33,929 INFO org.springframework.web.servlet.FrameworkServlet [http-nio-8080-exec-1] Initializing Servlet 'dispatcherServlet'
2023-01-13 11:00:33,933 INFO org.springframework.web.servlet.FrameworkServlet [http-nio-8080-exec-1] Completed initialization in 3 ms
2023-01-13 11:00:35,266 INFO org.springdoc.api.AbstractOpenApiResource [http-nio-8080-exec-3] Init duration for springdoc-openapi is: 926 ms
2023-01-13 11:01:40,478 INFO com.example.demo.controller.UserController [http-nio-8080-exec-6] creat new User
2023-01-13 11:02:39,793 INFO com.example.demo.controller.TheatreController [http-nio-8080-exec-7] save new theater - Theatrename=ARRS,PhoneNumber= 9047383251 
2023-01-13 11:04:01,885 INFO org.springframework.boot.devtools.autoconfigure.LocalDevToolsAutoConfiguration$RestartingClassPathChangeChangedEventListener [File Watcher] Restarting due to 1 class path change (0 additions, 0 deletions, 1 modification)
2023-01-13 11:04:01,917 INFO org.apache.juli.logging.DirectJDKLog [Thread-5] Pausing ProtocolHandler ["http-nio-8080"]
2023-01-13 11:04:01,918 INFO org.apache.juli.logging.DirectJDKLog [Thread-5] Stopping service [Tomcat]
2023-01-13 11:04:01,920 INFO org.apache.juli.logging.DirectJDKLog [Thread-5] Destroying Spring FrameworkServlet 'dispatcherServlet'
2023-01-13 11:04:01,924 INFO org.apache.juli.logging.DirectJDKLog [Thread-5] Stopping ProtocolHandler ["http-nio-8080"]
2023-01-13 11:04:01,927 INFO org.apache.juli.logging.DirectJDKLog [Thread-5] Destroying ProtocolHandler ["http-nio-8080"]
2023-01-13 11:04:01,933 INFO org.springframework.orm.jpa.AbstractEntityManagerFactoryBean [Thread-5] Closing JPA EntityManagerFactory for persistence unit 'default'
2023-01-13 11:04:01,938 INFO com.zaxxer.hikari.HikariDataSource [Thread-5] HikariPool-1 - Shutdown initiated...
2023-01-13 11:04:01,947 INFO com.zaxxer.hikari.HikariDataSource [Thread-5] HikariPool-1 - Shutdown completed.
2023-01-13 11:04:02,077 INFO org.springframework.boot.StartupInfoLogger [restartedMain] Starting TheatreManagementApplication using Java 17.0.4.1 on DESKTOP-2F7T33D with PID 8428 (C:\Users\ADMIN\Documents\workspace-spring-tool-suite-4-4.16.1.RELEASE\theatremanagement\target\classes started by ADMIN in C:\Users\ADMIN\Documents\workspace-spring-tool-suite-4-4.16.1.RELEASE\theatremanagement)
2023-01-13 11:04:02,077 INFO org.springframework.boot.SpringApplication [restartedMain] No active profile set, falling back to 1 default profile: "default"
2023-01-13 11:04:02,411 INFO org.springframework.data.repository.config.RepositoryConfigurationDelegate [restartedMain] Bootstrapping Spring Data JPA repositories in DEFAULT mode.
2023-01-13 11:04:02,452 INFO org.springframework.data.repository.config.RepositoryConfigurationDelegate [restartedMain] Finished Spring Data repository scanning in 41 ms. Found 7 JPA repository interfaces.
2023-01-13 11:04:02,577 INFO org.springframework.boot.web.embedded.tomcat.TomcatWebServer [restartedMain] Tomcat initialized with port(s): 8080 (http)
2023-01-13 11:04:02,579 INFO org.apache.juli.logging.DirectJDKLog [restartedMain] Initializing ProtocolHandler ["http-nio-8080"]
2023-01-13 11:04:02,579 INFO org.apache.juli.logging.DirectJDKLog [restartedMain] Starting service [Tomcat]
2023-01-13 11:04:02,579 INFO org.apache.juli.logging.DirectJDKLog [restartedMain] Starting Servlet engine: [Apache Tomcat/9.0.70]
2023-01-13 11:04:02,614 INFO org.apache.juli.logging.DirectJDKLog [restartedMain] Initializing Spring embedded WebApplicationContext
2023-01-13 11:04:02,615 INFO org.springframework.boot.web.servlet.context.ServletWebServerApplicationContext [restartedMain] Root WebApplicationContext: initialization completed in 534 ms
2023-01-13 11:04:02,677 INFO org.hibernate.jpa.internal.util.LogHelper [restartedMain] HHH000204: Processing PersistenceUnitInfo [name: default]
2023-01-13 11:04:02,687 INFO com.zaxxer.hikari.HikariDataSource [restartedMain] HikariPool-2 - Starting...
2023-01-13 11:04:02,687 WARN com.zaxxer.hikari.util.DriverDataSource [restartedMain] Registered driver with driverClassName=com.mysql.jdbc.Driver was not found, trying direct instantiation.
2023-01-13 11:04:02,716 INFO com.zaxxer.hikari.HikariDataSource [restartedMain] HikariPool-2 - Start completed.
2023-01-13 11:04:02,716 INFO org.hibernate.dialect.Dialect [restartedMain] HHH000400: Using dialect: org.hibernate.dialect.MySQL8Dialect
2023-01-13 11:04:03,286 INFO org.hibernate.engine.transaction.jta.platform.internal.JtaPlatformInitiator [restartedMain] HHH000490: Using JtaPlatform implementation: [org.hibernate.engine.transaction.jta.platform.internal.NoJtaPlatform]
2023-01-13 11:04:03,287 INFO org.springframework.orm.jpa.AbstractEntityManagerFactoryBean [restartedMain] Initialized JPA EntityManagerFactory for persistence unit 'default'
2023-01-13 11:04:03,557 WARN org.springframework.boot.autoconfigure.orm.jpa.JpaBaseConfiguration$JpaWebConfiguration [restartedMain] spring.jpa.open-in-view is enabled by default. Therefore, database queries may be performed during view rendering. Explicitly configure spring.jpa.open-in-view to disable this warning
2023-01-13 11:04:04,215 INFO org.springframework.boot.devtools.autoconfigure.OptionalLiveReloadServer [restartedMain] LiveReload server is running on port 35729
2023-01-13 11:04:04,231 INFO org.apache.juli.logging.DirectJDKLog [restartedMain] Starting ProtocolHandler ["http-nio-8080"]
2023-01-13 11:04:04,238 INFO org.springframework.boot.web.embedded.tomcat.TomcatWebServer [restartedMain] Tomcat started on port(s): 8080 (http) with context path ''
2023-01-13 11:04:04,253 INFO org.springframework.boot.StartupInfoLogger [restartedMain] Started TheatreManagementApplication in 2.233 seconds (JVM running for 235.175)
2023-01-13 11:04:04,258 INFO org.springframework.boot.devtools.autoconfigure.ConditionEvaluationDeltaLoggingListener [restartedMain] Condition evaluation unchanged
2023-01-13 11:04:43,843 INFO org.apache.juli.logging.DirectJDKLog [http-nio-8080-exec-1] Initializing Spring DispatcherServlet 'dispatcherServlet'
2023-01-13 11:04:43,844 INFO org.springframework.web.servlet.FrameworkServlet [http-nio-8080-exec-1] Initializing Servlet 'dispatcherServlet'
2023-01-13 11:04:43,847 INFO org.springframework.web.servlet.FrameworkServlet [http-nio-8080-exec-1] Completed initialization in 3 ms
2023-01-13 11:04:43,863 INFO com.example.demo.controller.UserController [http-nio-8080-exec-1] creat new User
2023-01-13 11:05:08,809 INFO org.springdoc.api.AbstractOpenApiResource [http-nio-8080-exec-4] Init duration for springdoc-openapi is: 337 ms
2023-01-13 11:05:57,114 INFO com.example.demo.controller.UserController [http-nio-8080-exec-6] creat new User
2023-01-13 11:12:54,958 INFO org.springframework.boot.admin.SpringApplicationAdminMXBeanRegistrar$SpringApplicationAdmin [RMI TCP Connection(24)-127.0.0.1] Application shutdown requested.
2023-01-13 11:12:54,975 INFO org.apache.juli.logging.DirectJDKLog [RMI TCP Connection(24)-127.0.0.1] Pausing ProtocolHandler ["http-nio-8080"]
2023-01-13 11:12:54,977 INFO org.apache.juli.logging.DirectJDKLog [RMI TCP Connection(24)-127.0.0.1] Stopping service [Tomcat]
2023-01-13 11:12:54,979 INFO org.apache.juli.logging.DirectJDKLog [RMI TCP Connection(24)-127.0.0.1] Destroying Spring FrameworkServlet 'dispatcherServlet'
2023-01-13 11:12:54,982 INFO org.apache.juli.logging.DirectJDKLog [RMI TCP Connection(24)-127.0.0.1] Stopping ProtocolHandler ["http-nio-8080"]
2023-01-13 11:12:54,985 INFO org.apache.juli.logging.DirectJDKLog [RMI TCP Connection(24)-127.0.0.1] Destroying ProtocolHandler ["http-nio-8080"]
2023-01-13 11:12:54,990 INFO org.springframework.orm.jpa.AbstractEntityManagerFactoryBean [RMI TCP Connection(24)-127.0.0.1] Closing JPA EntityManagerFactory for persistence unit 'default'
2023-01-13 11:12:54,991 INFO com.zaxxer.hikari.HikariDataSource [RMI TCP Connection(24)-127.0.0.1] HikariPool-2 - Shutdown initiated...
2023-01-13 11:12:54,998 INFO com.zaxxer.hikari.HikariDataSource [RMI TCP Connection(24)-127.0.0.1] HikariPool-2 - Shutdown completed.
2023-01-13 16:50:14,564 INFO org.hibernate.validator.internal.util.Version [background-preinit] HV000001: Hibernate Validator 6.2.5.Final
2023-01-13 16:50:14,566 INFO org.springframework.boot.StartupInfoLogger [restartedMain] Starting TheatreManagementApplication using Java 17.0.4.1 on DESKTOP-2F7T33D with PID 13404 (C:\Users\ADMIN\Documents\workspace-spring-tool-suite-4-4.16.1.RELEASE\theatremanagement\target\classes started by ADMIN in C:\Users\ADMIN\Documents\workspace-spring-tool-suite-4-4.16.1.RELEASE\theatremanagement)
2023-01-13 16:50:14,569 INFO org.springframework.boot.SpringApplication [restartedMain] No active profile set, falling back to 1 default profile: "default"
2023-01-13 16:50:14,666 INFO org.springframework.boot.logging.DeferredLog [restartedMain] Devtools property defaults active! Set 'spring.devtools.add-properties' to 'false' to disable
2023-01-13 16:50:14,667 INFO org.springframework.boot.logging.DeferredLog [restartedMain] For additional web related logging consider setting the 'logging.level.web' property to 'DEBUG'
2023-01-13 16:50:16,194 INFO org.springframework.data.repository.config.RepositoryConfigurationDelegate [restartedMain] Bootstrapping Spring Data JPA repositories in DEFAULT mode.
2023-01-13 16:50:16,316 INFO org.springframework.data.repository.config.RepositoryConfigurationDelegate [restartedMain] Finished Spring Data repository scanning in 105 ms. Found 7 JPA repository interfaces.
2023-01-13 16:50:17,250 INFO org.springframework.boot.web.embedded.tomcat.TomcatWebServer [restartedMain] Tomcat initialized with port(s): 8080 (http)
2023-01-13 16:50:17,269 INFO org.apache.juli.logging.DirectJDKLog [restartedMain] Initializing ProtocolHandler ["http-nio-8080"]
2023-01-13 16:50:17,270 INFO org.apache.juli.logging.DirectJDKLog [restartedMain] Starting service [Tomcat]
2023-01-13 16:50:17,271 INFO org.apache.juli.logging.DirectJDKLog [restartedMain] Starting Servlet engine: [Apache Tomcat/9.0.70]
2023-01-13 16:50:17,401 INFO org.apache.juli.logging.DirectJDKLog [restartedMain] Initializing Spring embedded WebApplicationContext
2023-01-13 16:50:17,402 INFO org.springframework.boot.web.servlet.context.ServletWebServerApplicationContext [restartedMain] Root WebApplicationContext: initialization completed in 2733 ms
2023-01-13 16:50:17,695 INFO org.hibernate.jpa.internal.util.LogHelper [restartedMain] HHH000204: Processing PersistenceUnitInfo [name: default]
2023-01-13 16:50:17,814 INFO org.hibernate.Version [restartedMain] HHH000412: Hibernate ORM core version 5.6.14.Final
2023-01-13 16:50:18,120 INFO org.hibernate.annotations.common.reflection.java.JavaReflectionManager [restartedMain] HCANN000001: Hibernate Commons Annotations {5.1.2.Final}
2023-01-13 16:50:18,304 INFO com.zaxxer.hikari.HikariDataSource [restartedMain] HikariPool-1 - Starting...
2023-01-13 16:50:18,312 WARN com.zaxxer.hikari.util.DriverDataSource [restartedMain] Registered driver with driverClassName=com.mysql.jdbc.Driver was not found, trying direct instantiation.
2023-01-13 16:50:18,773 INFO com.zaxxer.hikari.HikariDataSource [restartedMain] HikariPool-1 - Start completed.
2023-01-13 16:50:18,828 INFO org.hibernate.dialect.Dialect [restartedMain] HHH000400: Using dialect: org.hibernate.dialect.MySQL8Dialect
2023-01-13 16:50:20,247 INFO org.hibernate.engine.transaction.jta.platform.internal.JtaPlatformInitiator [restartedMain] HHH000490: Using JtaPlatform implementation: [org.hibernate.engine.transaction.jta.platform.internal.NoJtaPlatform]
2023-01-13 16:50:20,262 INFO org.springframework.orm.jpa.AbstractEntityManagerFactoryBean [restartedMain] Initialized JPA EntityManagerFactory for persistence unit 'default'
2023-01-13 16:50:20,973 WARN org.springframework.boot.autoconfigure.orm.jpa.JpaBaseConfiguration$JpaWebConfiguration [restartedMain] spring.jpa.open-in-view is enabled by default. Therefore, database queries may be performed during view rendering. Explicitly configure spring.jpa.open-in-view to disable this warning
2023-01-13 16:50:22,250 INFO org.springframework.boot.devtools.autoconfigure.OptionalLiveReloadServer [restartedMain] LiveReload server is running on port 35729
2023-01-13 16:50:22,293 INFO org.apache.juli.logging.DirectJDKLog [restartedMain] Starting ProtocolHandler ["http-nio-8080"]
2023-01-13 16:50:22,330 INFO org.springframework.boot.web.embedded.tomcat.TomcatWebServer [restartedMain] Tomcat started on port(s): 8080 (http) with context path ''
2023-01-13 16:50:22,348 INFO org.springframework.boot.StartupInfoLogger [restartedMain] Started TheatreManagementApplication in 8.539 seconds (JVM running for 10.099)
2023-01-13 16:50:27,516 INFO org.apache.juli.logging.DirectJDKLog [http-nio-8080-exec-1] Initializing Spring DispatcherServlet 'dispatcherServlet'
2023-01-13 16:50:27,517 INFO org.springframework.web.servlet.FrameworkServlet [http-nio-8080-exec-1] Initializing Servlet 'dispatcherServlet'
2023-01-13 16:50:27,521 INFO org.springframework.web.servlet.FrameworkServlet [http-nio-8080-exec-1] Completed initialization in 4 ms
2023-01-13 16:50:28,654 INFO org.springdoc.api.AbstractOpenApiResource [http-nio-8080-exec-7] Init duration for springdoc-openapi is: 629 ms
2023-01-13 16:51:26,378 INFO com.example.demo.controller.UserController [http-nio-8080-exec-8] creat new User
2023-01-13 16:52:32,689 INFO com.example.demo.controller.CinemaController [http-nio-8080-exec-4] creat Cinema
2023-01-13 16:52:32,809 WARN org.hibernate.engine.jdbc.spi.SqlExceptionHelper [http-nio-8080-exec-4] SQL Error: 1406, SQLState: 22001
2023-01-13 16:52:32,810 ERROR org.hibernate.engine.jdbc.spi.SqlExceptionHelper [http-nio-8080-exec-4] Data truncation: Data too long for column 'poster' at row 1
2023-01-13 16:52:32,814 INFO org.hibernate.engine.jdbc.batch.internal.AbstractBatchImpl [http-nio-8080-exec-4] HHH000010: On release of batch it still contained JDBC statements
2023-01-13 16:52:32,837 ERROR org.apache.juli.logging.DirectJDKLog [http-nio-8080-exec-4] Servlet.service() for servlet [dispatcherServlet] in context with path [] threw exception [Request processing failed; nested exception is org.springframework.dao.DataIntegrityViolationException: could not execute statement; SQL [n/a]; nested exception is org.hibernate.exception.DataException: could not execute statement] with root cause
com.mysql.cj.jdbc.exceptions.MysqlDataTruncation: Data truncation: Data too long for column 'poster' at row 1
	at com.mysql.cj.jdbc.exceptions.SQLExceptionsMapping.translateException(SQLExceptionsMapping.java:104)
	at com.mysql.cj.jdbc.ClientPreparedStatement.executeInternal(ClientPreparedStatement.java:916)
	at com.mysql.cj.jdbc.ClientPreparedStatement.executeUpdateInternal(ClientPreparedStatement.java:1061)
	at com.mysql.cj.jdbc.ClientPreparedStatement.executeUpdateInternal(ClientPreparedStatement.java:1009)
	at com.mysql.cj.jdbc.ClientPreparedStatement.executeLargeUpdate(ClientPreparedStatement.java:1320)
	at com.mysql.cj.jdbc.ClientPreparedStatement.executeUpdate(ClientPreparedStatement.java:994)
	at com.zaxxer.hikari.pool.ProxyPreparedStatement.executeUpdate(ProxyPreparedStatement.java:61)
	at com.zaxxer.hikari.pool.HikariProxyPreparedStatement.executeUpdate(HikariProxyPreparedStatement.java)
	at org.hibernate.engine.jdbc.internal.ResultSetReturnImpl.executeUpdate(ResultSetReturnImpl.java:197)
	at org.hibernate.engine.jdbc.batch.internal.NonBatchingBatch.addToBatch(NonBatchingBatch.java:46)
	at org.hibernate.persister.entity.AbstractEntityPersister.insert(AbstractEntityPersister.java:3375)
	at org.hibernate.persister.entity.AbstractEntityPersister.insert(AbstractEntityPersister.java:3937)
	at org.hibernate.action.internal.EntityInsertAction.execute(EntityInsertAction.java:107)
	at org.hibernate.engine.spi.ActionQueue.executeActions(ActionQueue.java:604)
	at org.hibernate.engine.spi.ActionQueue.lambda$executeActions$1(ActionQueue.java:478)
	at java.base/java.util.LinkedHashMap.forEach(LinkedHashMap.java:721)
	at org.hibernate.engine.spi.ActionQueue.executeActions(ActionQueue.java:475)
	at org.hibernate.event.internal.AbstractFlushingEventListener.performExecutions(AbstractFlushingEventListener.java:344)
	at org.hibernate.event.internal.DefaultFlushEventListener.onFlush(DefaultFlushEventListener.java:40)
	at org.hibernate.event.service.internal.EventListenerGroupImpl.fireEventOnEachListener(EventListenerGroupImpl.java:107)
	at org.hibernate.internal.SessionImpl.doFlush(SessionImpl.java:1407)
	at org.hibernate.internal.SessionImpl.managedFlush(SessionImpl.java:489)
	at org.hibernate.internal.SessionImpl.flushBeforeTransactionCompletion(SessionImpl.java:3303)
	at org.hibernate.internal.SessionImpl.beforeTransactionCompletion(SessionImpl.java:2438)
	at org.hibernate.engine.jdbc.internal.JdbcCoordinatorImpl.beforeTransactionCompletion(JdbcCoordinatorImpl.java:449)
	at org.hibernate.resource.transaction.backend.jdbc.internal.JdbcResourceLocalTransactionCoordinatorImpl.beforeCompletionCallback(JdbcResourceLocalTransactionCoordinatorImpl.java:183)
	at org.hibernate.resource.transaction.backend.jdbc.internal.JdbcResourceLocalTransactionCoordinatorImpl.access$300(JdbcResourceLocalTransactionCoordinatorImpl.java:40)
	at org.hibernate.resource.transaction.backend.jdbc.internal.JdbcResourceLocalTransactionCoordinatorImpl$TransactionDriverControlImpl.commit(JdbcResourceLocalTransactionCoordinatorImpl.java:281)
	at org.hibernate.engine.transaction.internal.TransactionImpl.commit(TransactionImpl.java:101)
	at org.springframework.orm.jpa.JpaTransactionManager.doCommit(JpaTransactionManager.java:562)
	at org.springframework.transaction.support.AbstractPlatformTransactionManager.processCommit(AbstractPlatformTransactionManager.java:743)
	at org.springframework.transaction.support.AbstractPlatformTransactionManager.commit(AbstractPlatformTransactionManager.java:711)
	at org.springframework.transaction.interceptor.TransactionAspectSupport.commitTransactionAfterReturning(TransactionAspectSupport.java:654)
	at org.springframework.transaction.interceptor.TransactionAspectSupport.invokeWithinTransaction(TransactionAspectSupport.java:407)
	at org.springframework.transaction.interceptor.TransactionInterceptor.invoke(TransactionInterceptor.java:119)
	at org.springframework.aop.framework.ReflectiveMethodInvocation.proceed(ReflectiveMethodInvocation.java:186)
	at org.springframework.dao.support.PersistenceExceptionTranslationInterceptor.invoke(PersistenceExceptionTranslationInterceptor.java:137)
	at org.springframework.aop.framework.ReflectiveMethodInvocation.proceed(ReflectiveMethodInvocation.java:186)
	at org.springframework.data.jpa.repository.support.CrudMethodMetadataPostProcessor$CrudMethodMetadataPopulatingMethodInterceptor.invoke(CrudMethodMetadataPostProcessor.java:174)
	at org.springframework.aop.framework.ReflectiveMethodInvocation.proceed(ReflectiveMethodInvocation.java:186)
	at org.springframework.aop.interceptor.ExposeInvocationInterceptor.invoke(ExposeInvocationInterceptor.java:97)
	at org.springframework.aop.framework.ReflectiveMethodInvocation.proceed(ReflectiveMethodInvocation.java:186)
	at org.springframework.aop.framework.JdkDynamicAopProxy.invoke(JdkDynamicAopProxy.java:215)
	at jdk.proxy3/jdk.proxy3.$Proxy130.save(Unknown Source)
	at com.example.demo.serviceImpl.CinemaServiceImpl.savecinema(CinemaServiceImpl.java:39)
	at com.example.demo.controller.CinemaController.savecinema(CinemaController.java:40)
	at java.base/jdk.internal.reflect.NativeMethodAccessorImpl.invoke0(Native Method)
	at java.base/jdk.internal.reflect.NativeMethodAccessorImpl.invoke(NativeMethodAccessorImpl.java:77)
	at java.base/jdk.internal.reflect.DelegatingMethodAccessorImpl.invoke(DelegatingMethodAccessorImpl.java:43)
	at java.base/java.lang.reflect.Method.invoke(Method.java:568)
	at org.springframework.web.method.support.InvocableHandlerMethod.doInvoke(InvocableHandlerMethod.java:205)
	at org.springframework.web.method.support.InvocableHandlerMethod.invokeForRequest(InvocableHandlerMethod.java:150)
	at org.springframework.web.servlet.mvc.method.annotation.ServletInvocableHandlerMethod.invokeAndHandle(ServletInvocableHandlerMethod.java:117)
	at org.springframework.web.servlet.mvc.method.annotation.RequestMappingHandlerAdapter.invokeHandlerMethod(RequestMappingHandlerAdapter.java:895)
	at org.springframework.web.servlet.mvc.method.annotation.RequestMappingHandlerAdapter.handleInternal(RequestMappingHandlerAdapter.java:808)
	at org.springframework.web.servlet.mvc.method.AbstractHandlerMethodAdapter.handle(AbstractHandlerMethodAdapter.java:87)
	at org.springframework.web.servlet.DispatcherServlet.doDispatch(DispatcherServlet.java:1071)
	at org.springframework.web.servlet.DispatcherServlet.doService(DispatcherServlet.java:964)
	at org.springframework.web.servlet.FrameworkServlet.processRequest(FrameworkServlet.java:1006)
	at org.springframework.web.servlet.FrameworkServlet.doPost(FrameworkServlet.java:909)
	at javax.servlet.http.HttpServlet.service(HttpServlet.java:696)
	at org.springframework.web.servlet.FrameworkServlet.service(FrameworkServlet.java:883)
	at javax.servlet.http.HttpServlet.service(HttpServlet.java:779)
	at org.apache.catalina.core.ApplicationFilterChain.internalDoFilter(ApplicationFilterChain.java:227)
	at org.apache.catalina.core.ApplicationFilterChain.doFilter(ApplicationFilterChain.java:162)
	at org.apache.tomcat.websocket.server.WsFilter.doFilter(WsFilter.java:53)
	at org.apache.catalina.core.ApplicationFilterChain.internalDoFilter(ApplicationFilterChain.java:189)
	at org.apache.catalina.core.ApplicationFilterChain.doFilter(ApplicationFilterChain.java:162)
	at org.springframework.web.filter.RequestContextFilter.doFilterInternal(RequestContextFilter.java:100)
	at org.springframework.web.filter.OncePerRequestFilter.doFilter(OncePerRequestFilter.java:117)
	at org.apache.catalina.core.ApplicationFilterChain.internalDoFilter(ApplicationFilterChain.java:189)
	at org.apache.catalina.core.ApplicationFilterChain.doFilter(ApplicationFilterChain.java:162)
	at org.springframework.web.filter.FormContentFilter.doFilterInternal(FormContentFilter.java:93)
	at org.springframework.web.filter.OncePerRequestFilter.doFilter(OncePerRequestFilter.java:117)
	at org.apache.catalina.core.ApplicationFilterChain.internalDoFilter(ApplicationFilterChain.java:189)
	at org.apache.catalina.core.ApplicationFilterChain.doFilter(ApplicationFilterChain.java:162)
	at org.springframework.web.filter.CharacterEncodingFilter.doFilterInternal(CharacterEncodingFilter.java:201)
	at org.springframework.web.filter.OncePerRequestFilter.doFilter(OncePerRequestFilter.java:117)
	at org.apache.catalina.core.ApplicationFilterChain.internalDoFilter(ApplicationFilterChain.java:189)
	at org.apache.catalina.core.ApplicationFilterChain.doFilter(ApplicationFilterChain.java:162)
	at org.apache.catalina.core.StandardWrapperValve.invoke(StandardWrapperValve.java:177)
	at org.apache.catalina.core.StandardContextValve.invoke(StandardContextValve.java:97)
	at org.apache.catalina.authenticator.AuthenticatorBase.invoke(AuthenticatorBase.java:541)
	at org.apache.catalina.core.StandardHostValve.invoke(StandardHostValve.java:135)
	at org.apache.catalina.valves.ErrorReportValve.invoke(ErrorReportValve.java:92)
	at org.apache.catalina.core.StandardEngineValve.invoke(StandardEngineValve.java:78)
	at org.apache.catalina.connector.CoyoteAdapter.service(CoyoteAdapter.java:360)
	at org.apache.coyote.http11.Http11Processor.service(Http11Processor.java:399)
	at org.apache.coyote.AbstractProcessorLight.process(AbstractProcessorLight.java:65)
	at org.apache.coyote.AbstractProtocol$ConnectionHandler.process(AbstractProtocol.java:891)
	at org.apache.tomcat.util.net.NioEndpoint$SocketProcessor.doRun(NioEndpoint.java:1784)
	at org.apache.tomcat.util.net.SocketProcessorBase.run(SocketProcessorBase.java:49)
	at org.apache.tomcat.util.threads.ThreadPoolExecutor.runWorker(ThreadPoolExecutor.java:1191)
	at org.apache.tomcat.util.threads.ThreadPoolExecutor$Worker.run(ThreadPoolExecutor.java:659)
	at org.apache.tomcat.util.threads.TaskThread$WrappingRunnable.run(TaskThread.java:61)
	at java.base/java.lang.Thread.run(Thread.java:833)
2023-01-13 16:52:40,329 INFO com.example.demo.controller.CinemaController [http-nio-8080-exec-2] creat Cinema
2023-01-13 16:53:06,622 INFO com.example.demo.controller.TheatreController [http-nio-8080-exec-3] save new theater - Theatrename=Arrs,PhoneNumber= 0 
2023-01-13 16:55:17,243 INFO org.springframework.boot.devtools.autoconfigure.LocalDevToolsAutoConfiguration$RestartingClassPathChangeChangedEventListener [File Watcher] Restarting due to 1 class path change (0 additions, 0 deletions, 1 modification)
2023-01-13 16:55:17,362 INFO org.apache.juli.logging.DirectJDKLog [Thread-5] Pausing ProtocolHandler ["http-nio-8080"]
2023-01-13 16:55:17,366 INFO org.apache.juli.logging.DirectJDKLog [Thread-5] Stopping service [Tomcat]
2023-01-13 16:55:17,369 INFO org.apache.juli.logging.DirectJDKLog [Thread-5] Destroying Spring FrameworkServlet 'dispatcherServlet'
2023-01-13 16:55:17,377 INFO org.apache.juli.logging.DirectJDKLog [Thread-5] Stopping ProtocolHandler ["http-nio-8080"]
2023-01-13 16:55:17,385 INFO org.apache.juli.logging.DirectJDKLog [Thread-5] Destroying ProtocolHandler ["http-nio-8080"]
2023-01-13 16:55:17,401 INFO org.springframework.orm.jpa.AbstractEntityManagerFactoryBean [Thread-5] Closing JPA EntityManagerFactory for persistence unit 'default'
2023-01-13 16:55:17,408 INFO com.zaxxer.hikari.HikariDataSource [Thread-5] HikariPool-1 - Shutdown initiated...
2023-01-13 16:55:17,507 INFO com.zaxxer.hikari.HikariDataSource [Thread-5] HikariPool-1 - Shutdown completed.
2023-01-13 16:55:17,921 INFO org.springframework.boot.StartupInfoLogger [restartedMain] Starting TheatreManagementApplication using Java 17.0.4.1 on DESKTOP-2F7T33D with PID 13404 (C:\Users\ADMIN\Documents\workspace-spring-tool-suite-4-4.16.1.RELEASE\theatremanagement\target\classes started by ADMIN in C:\Users\ADMIN\Documents\workspace-spring-tool-suite-4-4.16.1.RELEASE\theatremanagement)
2023-01-13 16:55:17,922 INFO org.springframework.boot.SpringApplication [restartedMain] No active profile set, falling back to 1 default profile: "default"
2023-01-13 16:55:19,222 INFO org.springframework.data.repository.config.RepositoryConfigurationDelegate [restartedMain] Bootstrapping Spring Data JPA repositories in DEFAULT mode.
2023-01-13 16:55:19,348 INFO org.springframework.data.repository.config.RepositoryConfigurationDelegate [restartedMain] Finished Spring Data repository scanning in 125 ms. Found 7 JPA repository interfaces.
2023-01-13 16:55:19,691 INFO org.springframework.boot.web.embedded.tomcat.TomcatWebServer [restartedMain] Tomcat initialized with port(s): 8080 (http)
2023-01-13 16:55:19,693 INFO org.apache.juli.logging.DirectJDKLog [restartedMain] Initializing ProtocolHandler ["http-nio-8080"]
2023-01-13 16:55:19,694 INFO org.apache.juli.logging.DirectJDKLog [restartedMain] Starting service [Tomcat]
2023-01-13 16:55:19,695 INFO org.apache.juli.logging.DirectJDKLog [restartedMain] Starting Servlet engine: [Apache Tomcat/9.0.70]
2023-01-13 16:55:19,752 INFO org.apache.juli.logging.DirectJDKLog [restartedMain] Initializing Spring embedded WebApplicationContext
2023-01-13 16:55:19,752 INFO org.springframework.boot.web.servlet.context.ServletWebServerApplicationContext [restartedMain] Root WebApplicationContext: initialization completed in 1810 ms
2023-01-13 16:55:19,884 INFO org.hibernate.jpa.internal.util.LogHelper [restartedMain] HHH000204: Processing PersistenceUnitInfo [name: default]
2023-01-13 16:55:19,913 INFO com.zaxxer.hikari.HikariDataSource [restartedMain] HikariPool-2 - Starting...
2023-01-13 16:55:19,914 WARN com.zaxxer.hikari.util.DriverDataSource [restartedMain] Registered driver with driverClassName=com.mysql.jdbc.Driver was not found, trying direct instantiation.
2023-01-13 16:55:19,963 INFO com.zaxxer.hikari.HikariDataSource [restartedMain] HikariPool-2 - Start completed.
2023-01-13 16:55:19,965 INFO org.hibernate.dialect.Dialect [restartedMain] HHH000400: Using dialect: org.hibernate.dialect.MySQL8Dialect
2023-01-13 16:55:20,600 INFO org.hibernate.engine.transaction.jta.platform.internal.JtaPlatformInitiator [restartedMain] HHH000490: Using JtaPlatform implementation: [org.hibernate.engine.transaction.jta.platform.internal.NoJtaPlatform]
2023-01-13 16:55:20,609 INFO org.springframework.orm.jpa.AbstractEntityManagerFactoryBean [restartedMain] Initialized JPA EntityManagerFactory for persistence unit 'default'
2023-01-13 16:55:21,567 WARN org.springframework.boot.autoconfigure.orm.jpa.JpaBaseConfiguration$JpaWebConfiguration [restartedMain] spring.jpa.open-in-view is enabled by default. Therefore, database queries may be performed during view rendering. Explicitly configure spring.jpa.open-in-view to disable this warning
2023-01-13 16:55:22,864 INFO org.springframework.boot.devtools.autoconfigure.OptionalLiveReloadServer [restartedMain] LiveReload server is running on port 35729
2023-01-13 16:55:22,927 INFO org.apache.juli.logging.DirectJDKLog [restartedMain] Starting ProtocolHandler ["http-nio-8080"]
2023-01-13 16:55:22,936 INFO org.springframework.boot.web.embedded.tomcat.TomcatWebServer [restartedMain] Tomcat started on port(s): 8080 (http) with context path ''
2023-01-13 16:55:22,964 INFO org.springframework.boot.StartupInfoLogger [restartedMain] Started TheatreManagementApplication in 5.268 seconds (JVM running for 310.713)
2023-01-13 16:55:22,970 INFO org.springframework.boot.devtools.autoconfigure.ConditionEvaluationDeltaLoggingListener [restartedMain] Condition evaluation unchanged
2023-01-13 16:55:25,181 INFO org.apache.juli.logging.DirectJDKLog [http-nio-8080-exec-1] Initializing Spring DispatcherServlet 'dispatcherServlet'
2023-01-13 16:55:25,182 INFO org.springframework.web.servlet.FrameworkServlet [http-nio-8080-exec-1] Initializing Servlet 'dispatcherServlet'
2023-01-13 16:55:25,184 INFO org.springframework.web.servlet.FrameworkServlet [http-nio-8080-exec-1] Completed initialization in 2 ms
2023-01-13 16:55:26,032 INFO org.springdoc.api.AbstractOpenApiResource [http-nio-8080-exec-3] Init duration for springdoc-openapi is: 536 ms
2023-01-13 16:55:30,929 INFO org.springframework.boot.devtools.autoconfigure.LocalDevToolsAutoConfiguration$RestartingClassPathChangeChangedEventListener [File Watcher] Restarting due to 3 class path changes (0 additions, 0 deletions, 3 modifications)
2023-01-13 16:55:30,945 INFO org.apache.juli.logging.DirectJDKLog [Thread-7] Pausing ProtocolHandler ["http-nio-8080"]
2023-01-13 16:55:30,945 INFO org.apache.juli.logging.DirectJDKLog [Thread-7] Stopping service [Tomcat]
2023-01-13 16:55:30,946 INFO org.apache.juli.logging.DirectJDKLog [Thread-7] Destroying Spring FrameworkServlet 'dispatcherServlet'
2023-01-13 16:55:30,950 INFO org.apache.juli.logging.DirectJDKLog [Thread-7] Stopping ProtocolHandler ["http-nio-8080"]
2023-01-13 16:55:30,953 INFO org.apache.juli.logging.DirectJDKLog [Thread-7] Destroying ProtocolHandler ["http-nio-8080"]
2023-01-13 16:55:30,956 INFO org.springframework.orm.jpa.AbstractEntityManagerFactoryBean [Thread-7] Closing JPA EntityManagerFactory for persistence unit 'default'
2023-01-13 16:55:30,958 INFO com.zaxxer.hikari.HikariDataSource [Thread-7] HikariPool-2 - Shutdown initiated...
2023-01-13 16:55:30,977 INFO com.zaxxer.hikari.HikariDataSource [Thread-7] HikariPool-2 - Shutdown completed.
2023-01-13 16:55:31,151 INFO org.springframework.boot.StartupInfoLogger [restartedMain] Starting TheatreManagementApplication using Java 17.0.4.1 on DESKTOP-2F7T33D with PID 13404 (C:\Users\ADMIN\Documents\workspace-spring-tool-suite-4-4.16.1.RELEASE\theatremanagement\target\classes started by ADMIN in C:\Users\ADMIN\Documents\workspace-spring-tool-suite-4-4.16.1.RELEASE\theatremanagement)
2023-01-13 16:55:31,153 INFO org.springframework.boot.SpringApplication [restartedMain] No active profile set, falling back to 1 default profile: "default"
2023-01-13 16:55:31,484 INFO org.springframework.data.repository.config.RepositoryConfigurationDelegate [restartedMain] Bootstrapping Spring Data JPA repositories in DEFAULT mode.
2023-01-13 16:55:31,530 INFO org.springframework.data.repository.config.RepositoryConfigurationDelegate [restartedMain] Finished Spring Data repository scanning in 46 ms. Found 7 JPA repository interfaces.
2023-01-13 16:55:31,638 INFO org.springframework.boot.web.embedded.tomcat.TomcatWebServer [restartedMain] Tomcat initialized with port(s): 8080 (http)
2023-01-13 16:55:31,640 INFO org.apache.juli.logging.DirectJDKLog [restartedMain] Initializing ProtocolHandler ["http-nio-8080"]
2023-01-13 16:55:31,640 INFO org.apache.juli.logging.DirectJDKLog [restartedMain] Starting service [Tomcat]
2023-01-13 16:55:31,640 INFO org.apache.juli.logging.DirectJDKLog [restartedMain] Starting Servlet engine: [Apache Tomcat/9.0.70]
2023-01-13 16:55:31,674 INFO org.apache.juli.logging.DirectJDKLog [restartedMain] Initializing Spring embedded WebApplicationContext
2023-01-13 16:55:31,675 INFO org.springframework.boot.web.servlet.context.ServletWebServerApplicationContext [restartedMain] Root WebApplicationContext: initialization completed in 517 ms
2023-01-13 16:55:31,722 INFO org.hibernate.jpa.internal.util.LogHelper [restartedMain] HHH000204: Processing PersistenceUnitInfo [name: default]
2023-01-13 16:55:31,737 INFO com.zaxxer.hikari.HikariDataSource [restartedMain] HikariPool-3 - Starting...
2023-01-13 16:55:31,738 WARN com.zaxxer.hikari.util.DriverDataSource [restartedMain] Registered driver with driverClassName=com.mysql.jdbc.Driver was not found, trying direct instantiation.
2023-01-13 16:55:31,758 INFO com.zaxxer.hikari.HikariDataSource [restartedMain] HikariPool-3 - Start completed.
2023-01-13 16:55:31,759 INFO org.hibernate.dialect.Dialect [restartedMain] HHH000400: Using dialect: org.hibernate.dialect.MySQL8Dialect
2023-01-13 16:55:32,030 INFO org.hibernate.engine.transaction.jta.platform.internal.JtaPlatformInitiator [restartedMain] HHH000490: Using JtaPlatform implementation: [org.hibernate.engine.transaction.jta.platform.internal.NoJtaPlatform]
2023-01-13 16:55:32,031 INFO org.springframework.orm.jpa.AbstractEntityManagerFactoryBean [restartedMain] Initialized JPA EntityManagerFactory for persistence unit 'default'
2023-01-13 16:55:32,279 WARN org.springframework.boot.autoconfigure.orm.jpa.JpaBaseConfiguration$JpaWebConfiguration [restartedMain] spring.jpa.open-in-view is enabled by default. Therefore, database queries may be performed during view rendering. Explicitly configure spring.jpa.open-in-view to disable this warning
2023-01-13 16:55:32,885 INFO org.springframework.boot.devtools.autoconfigure.OptionalLiveReloadServer [restartedMain] LiveReload server is running on port 35729
2023-01-13 16:55:32,901 INFO org.apache.juli.logging.DirectJDKLog [restartedMain] Starting ProtocolHandler ["http-nio-8080"]
2023-01-13 16:55:32,908 INFO org.springframework.boot.web.embedded.tomcat.TomcatWebServer [restartedMain] Tomcat started on port(s): 8080 (http) with context path ''
2023-01-13 16:55:32,931 INFO org.springframework.boot.StartupInfoLogger [restartedMain] Started TheatreManagementApplication in 1.847 seconds (JVM running for 320.681)
2023-01-13 16:55:32,934 INFO org.springframework.boot.devtools.autoconfigure.ConditionEvaluationDeltaLoggingListener [restartedMain] Condition evaluation unchanged
2023-01-13 16:55:34,092 INFO org.springframework.boot.admin.SpringApplicationAdminMXBeanRegistrar$SpringApplicationAdmin [RMI TCP Connection(17)-127.0.0.1] Application shutdown requested.
2023-01-13 16:55:34,125 INFO org.apache.juli.logging.DirectJDKLog [RMI TCP Connection(17)-127.0.0.1] Pausing ProtocolHandler ["http-nio-8080"]
2023-01-13 16:55:34,125 INFO org.apache.juli.logging.DirectJDKLog [RMI TCP Connection(17)-127.0.0.1] Stopping service [Tomcat]
2023-01-13 16:55:34,134 INFO org.apache.juli.logging.DirectJDKLog [RMI TCP Connection(17)-127.0.0.1] Stopping ProtocolHandler ["http-nio-8080"]
2023-01-13 16:55:34,139 INFO org.apache.juli.logging.DirectJDKLog [RMI TCP Connection(17)-127.0.0.1] Destroying ProtocolHandler ["http-nio-8080"]
2023-01-13 16:55:34,145 INFO org.springframework.orm.jpa.AbstractEntityManagerFactoryBean [RMI TCP Connection(17)-127.0.0.1] Closing JPA EntityManagerFactory for persistence unit 'default'
2023-01-13 16:55:34,146 INFO com.zaxxer.hikari.HikariDataSource [RMI TCP Connection(17)-127.0.0.1] HikariPool-3 - Shutdown initiated...
2023-01-13 16:55:34,167 INFO com.zaxxer.hikari.HikariDataSource [RMI TCP Connection(17)-127.0.0.1] HikariPool-3 - Shutdown completed.
2023-01-13 16:55:39,952 INFO org.hibernate.validator.internal.util.Version [background-preinit] HV000001: Hibernate Validator 6.2.5.Final
2023-01-13 16:55:39,959 INFO org.springframework.boot.StartupInfoLogger [restartedMain] Starting TheatreManagementApplication using Java 17.0.4.1 on DESKTOP-2F7T33D with PID 14760 (C:\Users\ADMIN\Documents\workspace-spring-tool-suite-4-4.16.1.RELEASE\theatremanagement\target\classes started by ADMIN in C:\Users\ADMIN\Documents\workspace-spring-tool-suite-4-4.16.1.RELEASE\theatremanagement)
2023-01-13 16:55:39,961 INFO org.springframework.boot.SpringApplication [restartedMain] No active profile set, falling back to 1 default profile: "default"
2023-01-13 16:55:40,061 INFO org.springframework.boot.logging.DeferredLog [restartedMain] Devtools property defaults active! Set 'spring.devtools.add-properties' to 'false' to disable
2023-01-13 16:55:40,062 INFO org.springframework.boot.logging.DeferredLog [restartedMain] For additional web related logging consider setting the 'logging.level.web' property to 'DEBUG'
2023-01-13 16:55:41,156 INFO org.springframework.data.repository.config.RepositoryConfigurationDelegate [restartedMain] Bootstrapping Spring Data JPA repositories in DEFAULT mode.
2023-01-13 16:55:41,272 INFO org.springframework.data.repository.config.RepositoryConfigurationDelegate [restartedMain] Finished Spring Data repository scanning in 98 ms. Found 7 JPA repository interfaces.
2023-01-13 16:55:42,062 INFO org.springframework.boot.web.embedded.tomcat.TomcatWebServer [restartedMain] Tomcat initialized with port(s): 8080 (http)
2023-01-13 16:55:42,081 INFO org.apache.juli.logging.DirectJDKLog [restartedMain] Initializing ProtocolHandler ["http-nio-8080"]
2023-01-13 16:55:42,082 INFO org.apache.juli.logging.DirectJDKLog [restartedMain] Starting service [Tomcat]
2023-01-13 16:55:42,082 INFO org.apache.juli.logging.DirectJDKLog [restartedMain] Starting Servlet engine: [Apache Tomcat/9.0.70]
2023-01-13 16:55:42,202 INFO org.apache.juli.logging.DirectJDKLog [restartedMain] Initializing Spring embedded WebApplicationContext
2023-01-13 16:55:42,203 INFO org.springframework.boot.web.servlet.context.ServletWebServerApplicationContext [restartedMain] Root WebApplicationContext: initialization completed in 2140 ms
2023-01-13 16:55:42,415 INFO org.hibernate.jpa.internal.util.LogHelper [restartedMain] HHH000204: Processing PersistenceUnitInfo [name: default]
2023-01-13 16:55:42,489 INFO org.hibernate.Version [restartedMain] HHH000412: Hibernate ORM core version 5.6.14.Final
2023-01-13 16:55:42,762 INFO org.hibernate.annotations.common.reflection.java.JavaReflectionManager [restartedMain] HCANN000001: Hibernate Commons Annotations {5.1.2.Final}
2023-01-13 16:55:42,944 INFO com.zaxxer.hikari.HikariDataSource [restartedMain] HikariPool-1 - Starting...
2023-01-13 16:55:42,954 WARN com.zaxxer.hikari.util.DriverDataSource [restartedMain] Registered driver with driverClassName=com.mysql.jdbc.Driver was not found, trying direct instantiation.
2023-01-13 16:55:43,494 INFO com.zaxxer.hikari.HikariDataSource [restartedMain] HikariPool-1 - Start completed.
2023-01-13 16:55:43,550 INFO org.hibernate.dialect.Dialect [restartedMain] HHH000400: Using dialect: org.hibernate.dialect.MySQL8Dialect
2023-01-13 16:55:44,904 INFO org.hibernate.engine.transaction.jta.platform.internal.JtaPlatformInitiator [restartedMain] HHH000490: Using JtaPlatform implementation: [org.hibernate.engine.transaction.jta.platform.internal.NoJtaPlatform]
2023-01-13 16:55:44,919 INFO org.springframework.orm.jpa.AbstractEntityManagerFactoryBean [restartedMain] Initialized JPA EntityManagerFactory for persistence unit 'default'
2023-01-13 16:55:45,652 WARN org.springframework.boot.autoconfigure.orm.jpa.JpaBaseConfiguration$JpaWebConfiguration [restartedMain] spring.jpa.open-in-view is enabled by default. Therefore, database queries may be performed during view rendering. Explicitly configure spring.jpa.open-in-view to disable this warning
2023-01-13 16:55:47,057 INFO org.springframework.boot.devtools.autoconfigure.OptionalLiveReloadServer [restartedMain] LiveReload server is running on port 35729
2023-01-13 16:55:47,091 INFO org.apache.juli.logging.DirectJDKLog [restartedMain] Starting ProtocolHandler ["http-nio-8080"]
2023-01-13 16:55:47,126 INFO org.springframework.boot.web.embedded.tomcat.TomcatWebServer [restartedMain] Tomcat started on port(s): 8080 (http) with context path ''
2023-01-13 16:55:47,144 INFO org.springframework.boot.StartupInfoLogger [restartedMain] Started TheatreManagementApplication in 7.831 seconds (JVM running for 9.142)
2023-01-13 16:55:52,313 INFO org.apache.juli.logging.DirectJDKLog [http-nio-8080-exec-1] Initializing Spring DispatcherServlet 'dispatcherServlet'
2023-01-13 16:55:52,314 INFO org.springframework.web.servlet.FrameworkServlet [http-nio-8080-exec-1] Initializing Servlet 'dispatcherServlet'
2023-01-13 16:55:52,318 INFO org.springframework.web.servlet.FrameworkServlet [http-nio-8080-exec-1] Completed initialization in 3 ms
2023-01-13 16:55:53,350 INFO org.springdoc.api.AbstractOpenApiResource [http-nio-8080-exec-3] Init duration for springdoc-openapi is: 697 ms
2023-01-13 16:57:05,410 INFO org.springframework.boot.devtools.autoconfigure.LocalDevToolsAutoConfiguration$RestartingClassPathChangeChangedEventListener [File Watcher] Restarting due to 1 class path change (0 additions, 0 deletions, 1 modification)
2023-01-13 16:57:05,431 INFO org.apache.juli.logging.DirectJDKLog [Thread-5] Pausing ProtocolHandler ["http-nio-8080"]
2023-01-13 16:57:05,431 INFO org.apache.juli.logging.DirectJDKLog [Thread-5] Stopping service [Tomcat]
2023-01-13 16:57:05,433 INFO org.apache.juli.logging.DirectJDKLog [Thread-5] Destroying Spring FrameworkServlet 'dispatcherServlet'
2023-01-13 16:57:05,448 INFO org.apache.juli.logging.DirectJDKLog [Thread-5] Stopping ProtocolHandler ["http-nio-8080"]
2023-01-13 16:57:05,453 INFO org.apache.juli.logging.DirectJDKLog [Thread-5] Destroying ProtocolHandler ["http-nio-8080"]
2023-01-13 16:57:05,462 INFO org.springframework.orm.jpa.AbstractEntityManagerFactoryBean [Thread-5] Closing JPA EntityManagerFactory for persistence unit 'default'
2023-01-13 16:57:05,469 INFO com.zaxxer.hikari.HikariDataSource [Thread-5] HikariPool-1 - Shutdown initiated...
2023-01-13 16:57:05,511 INFO com.zaxxer.hikari.HikariDataSource [Thread-5] HikariPool-1 - Shutdown completed.
2023-01-13 16:57:05,965 INFO org.springframework.boot.StartupInfoLogger [restartedMain] Starting TheatreManagementApplication using Java 17.0.4.1 on DESKTOP-2F7T33D with PID 14760 (C:\Users\ADMIN\Documents\workspace-spring-tool-suite-4-4.16.1.RELEASE\theatremanagement\target\classes started by ADMIN in C:\Users\ADMIN\Documents\workspace-spring-tool-suite-4-4.16.1.RELEASE\theatremanagement)
2023-01-13 16:57:05,965 INFO org.springframework.boot.SpringApplication [restartedMain] No active profile set, falling back to 1 default profile: "default"
2023-01-13 16:57:06,341 INFO org.springframework.data.repository.config.RepositoryConfigurationDelegate [restartedMain] Bootstrapping Spring Data JPA repositories in DEFAULT mode.
2023-01-13 16:57:06,385 INFO org.springframework.data.repository.config.RepositoryConfigurationDelegate [restartedMain] Finished Spring Data repository scanning in 43 ms. Found 7 JPA repository interfaces.
2023-01-13 16:57:06,501 INFO org.springframework.boot.web.embedded.tomcat.TomcatWebServer [restartedMain] Tomcat initialized with port(s): 8080 (http)
2023-01-13 16:57:06,502 INFO org.apache.juli.logging.DirectJDKLog [restartedMain] Initializing ProtocolHandler ["http-nio-8080"]
2023-01-13 16:57:06,503 INFO org.apache.juli.logging.DirectJDKLog [restartedMain] Starting service [Tomcat]
2023-01-13 16:57:06,503 INFO org.apache.juli.logging.DirectJDKLog [restartedMain] Starting Servlet engine: [Apache Tomcat/9.0.70]
2023-01-13 16:57:06,535 INFO org.apache.juli.logging.DirectJDKLog [restartedMain] Initializing Spring embedded WebApplicationContext
2023-01-13 16:57:06,536 INFO org.springframework.boot.web.servlet.context.ServletWebServerApplicationContext [restartedMain] Root WebApplicationContext: initialization completed in 562 ms
2023-01-13 16:57:06,603 INFO org.hibernate.jpa.internal.util.LogHelper [restartedMain] HHH000204: Processing PersistenceUnitInfo [name: default]
2023-01-13 16:57:06,616 INFO com.zaxxer.hikari.HikariDataSource [restartedMain] HikariPool-2 - Starting...
2023-01-13 16:57:06,617 WARN com.zaxxer.hikari.util.DriverDataSource [restartedMain] Registered driver with driverClassName=com.mysql.jdbc.Driver was not found, trying direct instantiation.
2023-01-13 16:57:06,642 INFO com.zaxxer.hikari.HikariDataSource [restartedMain] HikariPool-2 - Start completed.
2023-01-13 16:57:06,642 INFO org.hibernate.dialect.Dialect [restartedMain] HHH000400: Using dialect: org.hibernate.dialect.MySQL8Dialect
2023-01-13 16:57:07,170 INFO org.hibernate.engine.transaction.jta.platform.internal.JtaPlatformInitiator [restartedMain] HHH000490: Using JtaPlatform implementation: [org.hibernate.engine.transaction.jta.platform.internal.NoJtaPlatform]
2023-01-13 16:57:07,171 INFO org.springframework.orm.jpa.AbstractEntityManagerFactoryBean [restartedMain] Initialized JPA EntityManagerFactory for persistence unit 'default'
2023-01-13 16:57:07,446 WARN org.springframework.boot.autoconfigure.orm.jpa.JpaBaseConfiguration$JpaWebConfiguration [restartedMain] spring.jpa.open-in-view is enabled by default. Therefore, database queries may be performed during view rendering. Explicitly configure spring.jpa.open-in-view to disable this warning
2023-01-13 16:57:08,024 INFO org.springframework.boot.devtools.autoconfigure.OptionalLiveReloadServer [restartedMain] LiveReload server is running on port 35729
2023-01-13 16:57:08,040 INFO org.apache.juli.logging.DirectJDKLog [restartedMain] Starting ProtocolHandler ["http-nio-8080"]
2023-01-13 16:57:08,046 INFO org.springframework.boot.web.embedded.tomcat.TomcatWebServer [restartedMain] Tomcat started on port(s): 8080 (http) with context path ''
2023-01-13 16:57:08,078 INFO org.springframework.boot.StartupInfoLogger [restartedMain] Started TheatreManagementApplication in 2.304 seconds (JVM running for 90.076)
2023-01-13 16:57:08,083 INFO org.springframework.boot.devtools.autoconfigure.ConditionEvaluationDeltaLoggingListener [restartedMain] Condition evaluation unchanged
2023-01-13 16:57:16,495 INFO org.apache.juli.logging.DirectJDKLog [http-nio-8080-exec-1] Initializing Spring DispatcherServlet 'dispatcherServlet'
2023-01-13 16:57:16,497 INFO org.springframework.web.servlet.FrameworkServlet [http-nio-8080-exec-1] Initializing Servlet 'dispatcherServlet'
2023-01-13 16:57:16,499 INFO org.springframework.web.servlet.FrameworkServlet [http-nio-8080-exec-1] Completed initialization in 2 ms
2023-01-13 16:57:16,956 INFO org.springdoc.api.AbstractOpenApiResource [http-nio-8080-exec-3] Init duration for springdoc-openapi is: 254 ms
2023-01-13 16:57:49,749 ERROR org.apache.juli.logging.DirectJDKLog [http-nio-8080-exec-4] Servlet.service() for servlet [dispatcherServlet] in context with path [] threw exception [Request processing failed; nested exception is javax.validation.UnexpectedTypeException: HV000030: No validator could be found for constraint 'javax.validation.constraints.NotBlank' validating type 'com.example.demo.model.RequestCinema'. Check configuration for 'cinema'] with root cause
javax.validation.UnexpectedTypeException: HV000030: No validator could be found for constraint 'javax.validation.constraints.NotBlank' validating type 'com.example.demo.model.RequestCinema'. Check configuration for 'cinema'
	at org.hibernate.validator.internal.engine.constraintvalidation.ConstraintTree.getExceptionForNullValidator(ConstraintTree.java:116)
	at org.hibernate.validator.internal.engine.constraintvalidation.ConstraintTree.getInitializedConstraintValidator(ConstraintTree.java:162)
	at org.hibernate.validator.internal.engine.constraintvalidation.SimpleConstraintTree.validateConstraints(SimpleConstraintTree.java:54)
	at org.hibernate.validator.internal.engine.constraintvalidation.ConstraintTree.validateConstraints(ConstraintTree.java:75)
	at org.hibernate.validator.internal.metadata.core.MetaConstraint.doValidateConstraint(MetaConstraint.java:130)
	at org.hibernate.validator.internal.metadata.core.MetaConstraint.validateConstraint(MetaConstraint.java:123)
	at org.hibernate.validator.internal.engine.ValidatorImpl.validateMetaConstraint(ValidatorImpl.java:555)
	at org.hibernate.validator.internal.engine.ValidatorImpl.validateConstraintsForSingleDefaultGroupElement(ValidatorImpl.java:518)
	at org.hibernate.validator.internal.engine.ValidatorImpl.validateConstraintsForDefaultGroup(ValidatorImpl.java:488)
	at org.hibernate.validator.internal.engine.ValidatorImpl.validateConstraintsForCurrentGroup(ValidatorImpl.java:450)
	at org.hibernate.validator.internal.engine.ValidatorImpl.validateInContext(ValidatorImpl.java:400)
	at org.hibernate.validator.internal.engine.ValidatorImpl.validate(ValidatorImpl.java:172)
	at org.springframework.validation.beanvalidation.SpringValidatorAdapter.validate(SpringValidatorAdapter.java:109)
	at org.springframework.boot.autoconfigure.validation.ValidatorAdapter.validate(ValidatorAdapter.java:66)
	at org.springframework.validation.DataBinder.validate(DataBinder.java:933)
	at org.springframework.web.servlet.mvc.method.annotation.AbstractMessageConverterMethodArgumentResolver.validateIfApplicable(AbstractMessageConverterMethodArgumentResolver.java:250)
	at org.springframework.web.servlet.mvc.method.annotation.RequestResponseBodyMethodProcessor.resolveArgument(RequestResponseBodyMethodProcessor.java:139)
	at org.springframework.web.method.support.HandlerMethodArgumentResolverComposite.resolveArgument(HandlerMethodArgumentResolverComposite.java:122)
	at org.springframework.web.method.support.InvocableHandlerMethod.getMethodArgumentValues(InvocableHandlerMethod.java:179)
	at org.springframework.web.method.support.InvocableHandlerMethod.invokeForRequest(InvocableHandlerMethod.java:146)
	at org.springframework.web.servlet.mvc.method.annotation.ServletInvocableHandlerMethod.invokeAndHandle(ServletInvocableHandlerMethod.java:117)
	at org.springframework.web.servlet.mvc.method.annotation.RequestMappingHandlerAdapter.invokeHandlerMethod(RequestMappingHandlerAdapter.java:895)
	at org.springframework.web.servlet.mvc.method.annotation.RequestMappingHandlerAdapter.handleInternal(RequestMappingHandlerAdapter.java:808)
	at org.springframework.web.servlet.mvc.method.AbstractHandlerMethodAdapter.handle(AbstractHandlerMethodAdapter.java:87)
	at org.springframework.web.servlet.DispatcherServlet.doDispatch(DispatcherServlet.java:1071)
	at org.springframework.web.servlet.DispatcherServlet.doService(DispatcherServlet.java:964)
	at org.springframework.web.servlet.FrameworkServlet.processRequest(FrameworkServlet.java:1006)
	at org.springframework.web.servlet.FrameworkServlet.doPost(FrameworkServlet.java:909)
	at javax.servlet.http.HttpServlet.service(HttpServlet.java:696)
	at org.springframework.web.servlet.FrameworkServlet.service(FrameworkServlet.java:883)
	at javax.servlet.http.HttpServlet.service(HttpServlet.java:779)
	at org.apache.catalina.core.ApplicationFilterChain.internalDoFilter(ApplicationFilterChain.java:227)
	at org.apache.catalina.core.ApplicationFilterChain.doFilter(ApplicationFilterChain.java:162)
	at org.apache.tomcat.websocket.server.WsFilter.doFilter(WsFilter.java:53)
	at org.apache.catalina.core.ApplicationFilterChain.internalDoFilter(ApplicationFilterChain.java:189)
	at org.apache.catalina.core.ApplicationFilterChain.doFilter(ApplicationFilterChain.java:162)
	at org.springframework.web.filter.RequestContextFilter.doFilterInternal(RequestContextFilter.java:100)
	at org.springframework.web.filter.OncePerRequestFilter.doFilter(OncePerRequestFilter.java:117)
	at org.apache.catalina.core.ApplicationFilterChain.internalDoFilter(ApplicationFilterChain.java:189)
	at org.apache.catalina.core.ApplicationFilterChain.doFilter(ApplicationFilterChain.java:162)
	at org.springframework.web.filter.FormContentFilter.doFilterInternal(FormContentFilter.java:93)
	at org.springframework.web.filter.OncePerRequestFilter.doFilter(OncePerRequestFilter.java:117)
	at org.apache.catalina.core.ApplicationFilterChain.internalDoFilter(ApplicationFilterChain.java:189)
	at org.apache.catalina.core.ApplicationFilterChain.doFilter(ApplicationFilterChain.java:162)
	at org.springframework.web.filter.CharacterEncodingFilter.doFilterInternal(CharacterEncodingFilter.java:201)
	at org.springframework.web.filter.OncePerRequestFilter.doFilter(OncePerRequestFilter.java:117)
	at org.apache.catalina.core.ApplicationFilterChain.internalDoFilter(ApplicationFilterChain.java:189)
	at org.apache.catalina.core.ApplicationFilterChain.doFilter(ApplicationFilterChain.java:162)
	at org.apache.catalina.core.StandardWrapperValve.invoke(StandardWrapperValve.java:177)
	at org.apache.catalina.core.StandardContextValve.invoke(StandardContextValve.java:97)
	at org.apache.catalina.authenticator.AuthenticatorBase.invoke(AuthenticatorBase.java:541)
	at org.apache.catalina.core.StandardHostValve.invoke(StandardHostValve.java:135)
	at org.apache.catalina.valves.ErrorReportValve.invoke(ErrorReportValve.java:92)
	at org.apache.catalina.core.StandardEngineValve.invoke(StandardEngineValve.java:78)
	at org.apache.catalina.connector.CoyoteAdapter.service(CoyoteAdapter.java:360)
	at org.apache.coyote.http11.Http11Processor.service(Http11Processor.java:399)
	at org.apache.coyote.AbstractProcessorLight.process(AbstractProcessorLight.java:65)
	at org.apache.coyote.AbstractProtocol$ConnectionHandler.process(AbstractProtocol.java:891)
	at org.apache.tomcat.util.net.NioEndpoint$SocketProcessor.doRun(NioEndpoint.java:1784)
	at org.apache.tomcat.util.net.SocketProcessorBase.run(SocketProcessorBase.java:49)
	at org.apache.tomcat.util.threads.ThreadPoolExecutor.runWorker(ThreadPoolExecutor.java:1191)
	at org.apache.tomcat.util.threads.ThreadPoolExecutor$Worker.run(ThreadPoolExecutor.java:659)
	at org.apache.tomcat.util.threads.TaskThread$WrappingRunnable.run(TaskThread.java:61)
	at java.base/java.lang.Thread.run(Thread.java:833)
2023-01-13 17:00:50,226 INFO org.springframework.boot.admin.SpringApplicationAdminMXBeanRegistrar$SpringApplicationAdmin [RMI TCP Connection(14)-127.0.0.1] Application shutdown requested.
2023-01-13 17:00:50,296 INFO org.apache.juli.logging.DirectJDKLog [RMI TCP Connection(14)-127.0.0.1] Pausing ProtocolHandler ["http-nio-8080"]
2023-01-13 17:00:50,305 INFO org.apache.juli.logging.DirectJDKLog [RMI TCP Connection(14)-127.0.0.1] Stopping service [Tomcat]
2023-01-13 17:00:50,305 INFO org.apache.juli.logging.DirectJDKLog [RMI TCP Connection(14)-127.0.0.1] Destroying Spring FrameworkServlet 'dispatcherServlet'
2023-01-13 17:00:50,312 INFO org.apache.juli.logging.DirectJDKLog [RMI TCP Connection(14)-127.0.0.1] Stopping ProtocolHandler ["http-nio-8080"]
2023-01-13 17:00:50,315 INFO org.apache.juli.logging.DirectJDKLog [RMI TCP Connection(14)-127.0.0.1] Destroying ProtocolHandler ["http-nio-8080"]
2023-01-13 17:00:50,320 INFO org.springframework.orm.jpa.AbstractEntityManagerFactoryBean [RMI TCP Connection(14)-127.0.0.1] Closing JPA EntityManagerFactory for persistence unit 'default'
2023-01-13 17:00:50,321 INFO com.zaxxer.hikari.HikariDataSource [RMI TCP Connection(14)-127.0.0.1] HikariPool-2 - Shutdown initiated...
2023-01-13 17:00:50,347 INFO com.zaxxer.hikari.HikariDataSource [RMI TCP Connection(14)-127.0.0.1] HikariPool-2 - Shutdown completed.
