2023-01-18 14:45:22,646 INFO org.springframework.boot.StartupInfoLogger [restartedMain] Starting TheatreManagementApplication using Java 17.0.4.1 on DESKTOP-2F7T33D with PID 16364 (C:\Users\ADMIN\Documents\workspace-spring-tool-suite-4-4.16.1.RELEASE\theatremanagement\target\classes started by ADMIN in C:\Users\ADMIN\Documents\workspace-spring-tool-suite-4-4.16.1.RELEASE\theatremanagement)
2023-01-18 14:45:22,651 INFO org.hibernate.validator.internal.util.Version [background-preinit] HV000001: Hibernate Validator 6.2.5.Final
2023-01-18 14:45:22,654 INFO org.springframework.boot.SpringApplication [restartedMain] No active profile set, falling back to 1 default profile: "default"
2023-01-18 14:45:22,763 INFO org.springframework.boot.logging.DeferredLog [restartedMain] Devtools property defaults active! Set 'spring.devtools.add-properties' to 'false' to disable
2023-01-18 14:45:22,764 INFO org.springframework.boot.logging.DeferredLog [restartedMain] For additional web related logging consider setting the 'logging.level.web' property to 'DEBUG'
2023-01-18 14:45:24,060 INFO org.springframework.data.repository.config.RepositoryConfigurationDelegate [restartedMain] Bootstrapping Spring Data JPA repositories in DEFAULT mode.
2023-01-18 14:45:24,204 INFO org.springframework.data.repository.config.RepositoryConfigurationDelegate [restartedMain] Finished Spring Data repository scanning in 124 ms. Found 7 JPA repository interfaces.
2023-01-18 14:45:25,139 INFO org.springframework.boot.web.embedded.tomcat.TomcatWebServer [restartedMain] Tomcat initialized with port(s): 8080 (http)
2023-01-18 14:45:25,158 INFO org.apache.juli.logging.DirectJDKLog [restartedMain] Initializing ProtocolHandler ["http-nio-8080"]
2023-01-18 14:45:25,160 INFO org.apache.juli.logging.DirectJDKLog [restartedMain] Starting service [Tomcat]
2023-01-18 14:45:25,160 INFO org.apache.juli.logging.DirectJDKLog [restartedMain] Starting Servlet engine: [Apache Tomcat/9.0.70]
2023-01-18 14:45:25,287 INFO org.apache.juli.logging.DirectJDKLog [restartedMain] Initializing Spring embedded WebApplicationContext
2023-01-18 14:45:25,287 INFO org.springframework.boot.web.servlet.context.ServletWebServerApplicationContext [restartedMain] Root WebApplicationContext: initialization completed in 2521 ms
2023-01-18 14:45:25,540 INFO org.hibernate.jpa.internal.util.LogHelper [restartedMain] HHH000204: Processing PersistenceUnitInfo [name: default]
2023-01-18 14:45:25,656 INFO org.hibernate.Version [restartedMain] HHH000412: Hibernate ORM core version 5.6.14.Final
2023-01-18 14:45:25,944 INFO org.hibernate.annotations.common.reflection.java.JavaReflectionManager [restartedMain] HCANN000001: Hibernate Commons Annotations {5.1.2.Final}
2023-01-18 14:45:26,125 INFO com.zaxxer.hikari.HikariDataSource [restartedMain] HikariPool-1 - Starting...
2023-01-18 14:45:26,135 WARN com.zaxxer.hikari.util.DriverDataSource [restartedMain] Registered driver with driverClassName=com.mysql.jdbc.Driver was not found, trying direct instantiation.
2023-01-18 14:45:26,649 INFO com.zaxxer.hikari.HikariDataSource [restartedMain] HikariPool-1 - Start completed.
2023-01-18 14:45:26,704 INFO org.hibernate.dialect.Dialect [restartedMain] HHH000400: Using dialect: org.hibernate.dialect.MySQL8Dialect
2023-01-18 14:45:28,249 INFO org.hibernate.engine.transaction.jta.platform.internal.JtaPlatformInitiator [restartedMain] HHH000490: Using JtaPlatform implementation: [org.hibernate.engine.transaction.jta.platform.internal.NoJtaPlatform]
2023-01-18 14:45:28,262 INFO org.springframework.orm.jpa.AbstractEntityManagerFactoryBean [restartedMain] Initialized JPA EntityManagerFactory for persistence unit 'default'
2023-01-18 14:45:29,072 WARN org.springframework.boot.autoconfigure.orm.jpa.JpaBaseConfiguration$JpaWebConfiguration [restartedMain] spring.jpa.open-in-view is enabled by default. Therefore, database queries may be performed during view rendering. Explicitly configure spring.jpa.open-in-view to disable this warning
2023-01-18 14:45:30,385 INFO org.springframework.boot.devtools.autoconfigure.OptionalLiveReloadServer [restartedMain] LiveReload server is running on port 35729
2023-01-18 14:45:30,423 INFO org.apache.juli.logging.DirectJDKLog [restartedMain] Starting ProtocolHandler ["http-nio-8080"]
2023-01-18 14:45:30,459 INFO org.springframework.boot.web.embedded.tomcat.TomcatWebServer [restartedMain] Tomcat started on port(s): 8080 (http) with context path ''
2023-01-18 14:45:30,476 INFO org.springframework.boot.StartupInfoLogger [restartedMain] Started TheatreManagementApplication in 8.571 seconds (JVM running for 12.436)
2023-01-18 14:45:36,460 INFO org.apache.juli.logging.DirectJDKLog [http-nio-8080-exec-1] Initializing Spring DispatcherServlet 'dispatcherServlet'
2023-01-18 14:45:36,461 INFO org.springframework.web.servlet.FrameworkServlet [http-nio-8080-exec-1] Initializing Servlet 'dispatcherServlet'
2023-01-18 14:45:36,464 INFO org.springframework.web.servlet.FrameworkServlet [http-nio-8080-exec-1] Completed initialization in 2 ms
2023-01-18 14:45:37,823 INFO org.springdoc.api.AbstractOpenApiResource [http-nio-8080-exec-7] Init duration for springdoc-openapi is: 805 ms
2023-01-18 14:47:08,047 INFO com.example.demo.controller.TheatreController [http-nio-8080-exec-1] get a alltheatre
2023-01-18 14:55:25,501 INFO com.example.demo.controller.TheatreController [http-nio-8080-exec-3] get a alltheatre
2023-01-18 14:58:44,370 INFO com.example.demo.controller.TheatreController [http-nio-8080-exec-5] get a alltheatre
2023-01-18 14:58:55,764 INFO com.example.demo.controller.TheatreController [http-nio-8080-exec-7] get a alltheatre
2023-01-18 14:59:13,896 INFO com.example.demo.controller.TheatreController [http-nio-8080-exec-8] get a alltheatre
2023-01-18 14:59:36,561 INFO com.example.demo.controller.TheatreController [http-nio-8080-exec-9] get a alltheatre
2023-01-18 14:59:43,088 INFO com.example.demo.controller.TheatreController [http-nio-8080-exec-10] get a alltheatre
2023-01-18 15:13:12,849 INFO com.example.demo.controller.TheatreController [http-nio-8080-exec-3] get a alltheatre
2023-01-18 15:13:26,698 INFO com.example.demo.controller.TheatreController [http-nio-8080-exec-4] get a alltheatre
2023-01-18 15:13:29,049 INFO com.example.demo.controller.TheatreController [http-nio-8080-exec-6] get a alltheatre
2023-01-18 15:13:29,870 INFO com.example.demo.controller.TheatreController [http-nio-8080-exec-5] get a alltheatre
2023-01-18 15:13:41,018 INFO com.example.demo.controller.TheatreController [http-nio-8080-exec-7] get a alltheatre
2023-01-18 15:13:41,221 INFO com.example.demo.controller.TheatreController [http-nio-8080-exec-8] get a alltheatre
2023-01-18 15:13:41,395 INFO com.example.demo.controller.TheatreController [http-nio-8080-exec-9] get a alltheatre
2023-01-18 15:13:41,560 INFO com.example.demo.controller.TheatreController [http-nio-8080-exec-10] get a alltheatre
2023-01-18 15:13:53,314 INFO com.example.demo.controller.TheatreController [http-nio-8080-exec-1] get a alltheatre
2023-01-18 15:14:14,498 INFO com.example.demo.controller.TheatreController [http-nio-8080-exec-2] get a alltheatre
2023-01-18 15:14:17,831 INFO com.example.demo.controller.TheatreController [http-nio-8080-exec-3] get a alltheatre
2023-01-18 15:14:48,153 INFO com.example.demo.controller.TheatreController [http-nio-8080-exec-4] get a alltheatre
2023-01-18 15:15:19,928 INFO com.example.demo.controller.TheatreController [http-nio-8080-exec-5] get a alltheatre
2023-01-18 15:21:48,898 INFO com.example.demo.controller.TheatreController [http-nio-8080-exec-9] get a alltheatre
2023-01-18 15:22:41,625 INFO com.example.demo.controller.TheatreController [http-nio-8080-exec-10] get a alltheatre
2023-01-18 15:22:45,726 INFO com.example.demo.controller.TheatreController [http-nio-8080-exec-1] get a alltheatre
2023-01-18 15:34:19,296 INFO com.example.demo.controller.TheatreController [http-nio-8080-exec-4] get a alltheatre
2023-01-18 17:22:55,088 INFO com.example.demo.controller.CinemaController [http-nio-8080-exec-5] get a allShowDetails
2023-01-18 17:23:26,692 INFO com.example.demo.controller.CinemaController [http-nio-8080-exec-7] get a allShowDetails
2023-01-18 17:23:39,570 INFO com.example.demo.controller.CinemaController [http-nio-8080-exec-8] get a allShowDetails
2023-01-18 17:24:00,330 INFO com.example.demo.controller.CinemaController [http-nio-8080-exec-1] get a allShowDetails
2023-01-18 17:24:00,940 INFO com.example.demo.controller.CinemaController [http-nio-8080-exec-2] get a allShowDetails
2023-01-18 17:24:03,335 INFO com.example.demo.controller.CinemaController [http-nio-8080-exec-3] get a allShowDetails
2023-01-18 17:25:21,870 INFO com.example.demo.controller.CinemaController [http-nio-8080-exec-5] get a allShowDetails
2023-01-18 17:25:29,176 INFO com.example.demo.controller.CinemaController [http-nio-8080-exec-7] get a allShowDetails
2023-01-18 17:25:30,341 INFO com.example.demo.controller.CinemaController [http-nio-8080-exec-8] get a allShowDetails
2023-01-18 17:25:30,525 INFO com.example.demo.controller.CinemaController [http-nio-8080-exec-9] get a allShowDetails
2023-01-18 17:25:48,670 INFO com.example.demo.controller.CinemaController [http-nio-8080-exec-10] get a allShowDetails
2023-01-18 17:25:54,523 INFO com.example.demo.controller.CinemaController [http-nio-8080-exec-1] get a allShowDetails
2023-01-18 17:26:38,007 INFO com.example.demo.controller.CinemaController [http-nio-8080-exec-3] get a allShowDetails
2023-01-18 17:26:38,896 INFO com.example.demo.controller.CinemaController [http-nio-8080-exec-4] get a allShowDetails
2023-01-18 17:30:31,700 INFO org.springframework.boot.devtools.autoconfigure.LocalDevToolsAutoConfiguration$RestartingClassPathChangeChangedEventListener [File Watcher] Restarting due to 1 class path change (0 additions, 0 deletions, 1 modification)
2023-01-18 17:30:31,747 INFO org.apache.juli.logging.DirectJDKLog [Thread-5] Pausing ProtocolHandler ["http-nio-8080"]
2023-01-18 17:30:31,749 INFO org.apache.juli.logging.DirectJDKLog [Thread-5] Stopping service [Tomcat]
2023-01-18 17:30:31,755 INFO org.apache.juli.logging.DirectJDKLog [Thread-5] Destroying Spring FrameworkServlet 'dispatcherServlet'
2023-01-18 17:30:31,775 INFO org.apache.juli.logging.DirectJDKLog [Thread-5] Stopping ProtocolHandler ["http-nio-8080"]
2023-01-18 17:30:31,789 INFO org.apache.juli.logging.DirectJDKLog [Thread-5] Destroying ProtocolHandler ["http-nio-8080"]
2023-01-18 17:30:31,808 INFO org.springframework.orm.jpa.AbstractEntityManagerFactoryBean [Thread-5] Closing JPA EntityManagerFactory for persistence unit 'default'
2023-01-18 17:30:31,843 INFO com.zaxxer.hikari.HikariDataSource [Thread-5] HikariPool-1 - Shutdown initiated...
2023-01-18 17:30:31,858 INFO com.zaxxer.hikari.HikariDataSource [Thread-5] HikariPool-1 - Shutdown completed.
2023-01-18 17:30:32,231 INFO org.springframework.boot.StartupInfoLogger [restartedMain] Starting TheatreManagementApplication using Java 17.0.4.1 on DESKTOP-2F7T33D with PID 16364 (C:\Users\ADMIN\Documents\workspace-spring-tool-suite-4-4.16.1.RELEASE\theatremanagement\target\classes started by ADMIN in C:\Users\ADMIN\Documents\workspace-spring-tool-suite-4-4.16.1.RELEASE\theatremanagement)
2023-01-18 17:30:32,232 INFO org.springframework.boot.SpringApplication [restartedMain] No active profile set, falling back to 1 default profile: "default"
2023-01-18 17:30:32,704 INFO org.springframework.data.repository.config.RepositoryConfigurationDelegate [restartedMain] Bootstrapping Spring Data JPA repositories in DEFAULT mode.
2023-01-18 17:30:32,774 INFO org.springframework.data.repository.config.RepositoryConfigurationDelegate [restartedMain] Finished Spring Data repository scanning in 68 ms. Found 7 JPA repository interfaces.
2023-01-18 17:30:33,042 INFO org.springframework.boot.web.embedded.tomcat.TomcatWebServer [restartedMain] Tomcat initialized with port(s): 8080 (http)
2023-01-18 17:30:33,043 INFO org.apache.juli.logging.DirectJDKLog [restartedMain] Initializing ProtocolHandler ["http-nio-8080"]
2023-01-18 17:30:33,044 INFO org.apache.juli.logging.DirectJDKLog [restartedMain] Starting service [Tomcat]
2023-01-18 17:30:33,044 INFO org.apache.juli.logging.DirectJDKLog [restartedMain] Starting Servlet engine: [Apache Tomcat/9.0.70]
2023-01-18 17:30:33,091 INFO org.apache.juli.logging.DirectJDKLog [restartedMain] Initializing Spring embedded WebApplicationContext
2023-01-18 17:30:33,091 INFO org.springframework.boot.web.servlet.context.ServletWebServerApplicationContext [restartedMain] Root WebApplicationContext: initialization completed in 849 ms
2023-01-18 17:30:33,192 INFO org.hibernate.jpa.internal.util.LogHelper [restartedMain] HHH000204: Processing PersistenceUnitInfo [name: default]
2023-01-18 17:30:33,209 INFO com.zaxxer.hikari.HikariDataSource [restartedMain] HikariPool-2 - Starting...
2023-01-18 17:30:33,209 WARN com.zaxxer.hikari.util.DriverDataSource [restartedMain] Registered driver with driverClassName=com.mysql.jdbc.Driver was not found, trying direct instantiation.
2023-01-18 17:30:33,241 INFO com.zaxxer.hikari.HikariDataSource [restartedMain] HikariPool-2 - Start completed.
2023-01-18 17:30:33,242 INFO org.hibernate.dialect.Dialect [restartedMain] HHH000400: Using dialect: org.hibernate.dialect.MySQL8Dialect
2023-01-18 17:30:33,909 INFO org.hibernate.engine.transaction.jta.platform.internal.JtaPlatformInitiator [restartedMain] HHH000490: Using JtaPlatform implementation: [org.hibernate.engine.transaction.jta.platform.internal.NoJtaPlatform]
2023-01-18 17:30:33,910 INFO org.springframework.orm.jpa.AbstractEntityManagerFactoryBean [restartedMain] Initialized JPA EntityManagerFactory for persistence unit 'default'
2023-01-18 17:30:34,207 WARN org.springframework.boot.autoconfigure.orm.jpa.JpaBaseConfiguration$JpaWebConfiguration [restartedMain] spring.jpa.open-in-view is enabled by default. Therefore, database queries may be performed during view rendering. Explicitly configure spring.jpa.open-in-view to disable this warning
2023-01-18 17:30:34,925 INFO org.springframework.boot.devtools.autoconfigure.OptionalLiveReloadServer [restartedMain] LiveReload server is running on port 35729
2023-01-18 17:30:34,944 INFO org.apache.juli.logging.DirectJDKLog [restartedMain] Starting ProtocolHandler ["http-nio-8080"]
2023-01-18 17:30:34,951 INFO org.springframework.boot.web.embedded.tomcat.TomcatWebServer [restartedMain] Tomcat started on port(s): 8080 (http) with context path ''
2023-01-18 17:30:34,965 INFO org.springframework.boot.StartupInfoLogger [restartedMain] Started TheatreManagementApplication in 2.837 seconds (JVM running for 9916.925)
2023-01-18 17:30:34,983 INFO org.springframework.boot.devtools.autoconfigure.ConditionEvaluationDeltaLoggingListener [restartedMain] Condition evaluation unchanged
2023-01-18 17:31:03,499 INFO org.apache.juli.logging.DirectJDKLog [http-nio-8080-exec-1] Initializing Spring DispatcherServlet 'dispatcherServlet'
2023-01-18 17:31:03,500 INFO org.springframework.web.servlet.FrameworkServlet [http-nio-8080-exec-1] Initializing Servlet 'dispatcherServlet'
2023-01-18 17:31:03,502 INFO org.springframework.web.servlet.FrameworkServlet [http-nio-8080-exec-1] Completed initialization in 2 ms
2023-01-18 17:31:29,902 INFO org.springframework.boot.devtools.autoconfigure.LocalDevToolsAutoConfiguration$RestartingClassPathChangeChangedEventListener [File Watcher] Restarting due to 1 class path change (0 additions, 0 deletions, 1 modification)
2023-01-18 17:31:29,919 INFO org.apache.juli.logging.DirectJDKLog [Thread-7] Pausing ProtocolHandler ["http-nio-8080"]
2023-01-18 17:31:29,920 INFO org.apache.juli.logging.DirectJDKLog [Thread-7] Stopping service [Tomcat]
2023-01-18 17:31:29,920 INFO org.apache.juli.logging.DirectJDKLog [Thread-7] Destroying Spring FrameworkServlet 'dispatcherServlet'
2023-01-18 17:31:29,924 INFO org.apache.juli.logging.DirectJDKLog [Thread-7] Stopping ProtocolHandler ["http-nio-8080"]
2023-01-18 17:31:29,927 INFO org.apache.juli.logging.DirectJDKLog [Thread-7] Destroying ProtocolHandler ["http-nio-8080"]
2023-01-18 17:31:29,932 INFO org.springframework.orm.jpa.AbstractEntityManagerFactoryBean [Thread-7] Closing JPA EntityManagerFactory for persistence unit 'default'
2023-01-18 17:31:29,933 INFO com.zaxxer.hikari.HikariDataSource [Thread-7] HikariPool-2 - Shutdown initiated...
2023-01-18 17:31:29,947 INFO com.zaxxer.hikari.HikariDataSource [Thread-7] HikariPool-2 - Shutdown completed.
2023-01-18 17:31:30,117 INFO org.springframework.boot.StartupInfoLogger [restartedMain] Starting TheatreManagementApplication using Java 17.0.4.1 on DESKTOP-2F7T33D with PID 16364 (C:\Users\ADMIN\Documents\workspace-spring-tool-suite-4-4.16.1.RELEASE\theatremanagement\target\classes started by ADMIN in C:\Users\ADMIN\Documents\workspace-spring-tool-suite-4-4.16.1.RELEASE\theatremanagement)
2023-01-18 17:31:30,119 INFO org.springframework.boot.SpringApplication [restartedMain] No active profile set, falling back to 1 default profile: "default"
2023-01-18 17:31:30,511 INFO org.springframework.data.repository.config.RepositoryConfigurationDelegate [restartedMain] Bootstrapping Spring Data JPA repositories in DEFAULT mode.
2023-01-18 17:31:30,555 INFO org.springframework.data.repository.config.RepositoryConfigurationDelegate [restartedMain] Finished Spring Data repository scanning in 43 ms. Found 7 JPA repository interfaces.
2023-01-18 17:31:30,687 INFO org.springframework.boot.web.embedded.tomcat.TomcatWebServer [restartedMain] Tomcat initialized with port(s): 8080 (http)
2023-01-18 17:31:30,688 INFO org.apache.juli.logging.DirectJDKLog [restartedMain] Initializing ProtocolHandler ["http-nio-8080"]
2023-01-18 17:31:30,689 INFO org.apache.juli.logging.DirectJDKLog [restartedMain] Starting service [Tomcat]
2023-01-18 17:31:30,690 INFO org.apache.juli.logging.DirectJDKLog [restartedMain] Starting Servlet engine: [Apache Tomcat/9.0.70]
2023-01-18 17:31:30,746 INFO org.apache.juli.logging.DirectJDKLog [restartedMain] Initializing Spring embedded WebApplicationContext
2023-01-18 17:31:30,747 INFO org.springframework.boot.web.servlet.context.ServletWebServerApplicationContext [restartedMain] Root WebApplicationContext: initialization completed in 624 ms
2023-01-18 17:31:30,800 INFO org.hibernate.jpa.internal.util.LogHelper [restartedMain] HHH000204: Processing PersistenceUnitInfo [name: default]
2023-01-18 17:31:30,810 INFO com.zaxxer.hikari.HikariDataSource [restartedMain] HikariPool-3 - Starting...
2023-01-18 17:31:30,811 WARN com.zaxxer.hikari.util.DriverDataSource [restartedMain] Registered driver with driverClassName=com.mysql.jdbc.Driver was not found, trying direct instantiation.
2023-01-18 17:31:30,836 INFO com.zaxxer.hikari.HikariDataSource [restartedMain] HikariPool-3 - Start completed.
2023-01-18 17:31:30,837 INFO org.hibernate.dialect.Dialect [restartedMain] HHH000400: Using dialect: org.hibernate.dialect.MySQL8Dialect
2023-01-18 17:31:31,184 INFO org.hibernate.engine.transaction.jta.platform.internal.JtaPlatformInitiator [restartedMain] HHH000490: Using JtaPlatform implementation: [org.hibernate.engine.transaction.jta.platform.internal.NoJtaPlatform]
2023-01-18 17:31:31,185 INFO org.springframework.orm.jpa.AbstractEntityManagerFactoryBean [restartedMain] Initialized JPA EntityManagerFactory for persistence unit 'default'
2023-01-18 17:31:31,461 WARN org.springframework.boot.autoconfigure.orm.jpa.JpaBaseConfiguration$JpaWebConfiguration [restartedMain] spring.jpa.open-in-view is enabled by default. Therefore, database queries may be performed during view rendering. Explicitly configure spring.jpa.open-in-view to disable this warning
2023-01-18 17:31:31,958 INFO org.springframework.boot.devtools.autoconfigure.OptionalLiveReloadServer [restartedMain] LiveReload server is running on port 35729
2023-01-18 17:31:31,981 INFO org.apache.juli.logging.DirectJDKLog [restartedMain] Starting ProtocolHandler ["http-nio-8080"]
2023-01-18 17:31:31,988 INFO org.springframework.boot.web.embedded.tomcat.TomcatWebServer [restartedMain] Tomcat started on port(s): 8080 (http) with context path ''
2023-01-18 17:31:32,014 INFO org.springframework.boot.StartupInfoLogger [restartedMain] Started TheatreManagementApplication in 1.974 seconds (JVM running for 9973.975)
2023-01-18 17:31:32,017 INFO org.springframework.boot.devtools.autoconfigure.ConditionEvaluationDeltaLoggingListener [restartedMain] Condition evaluation unchanged
2023-01-18 17:31:42,811 INFO org.apache.juli.logging.DirectJDKLog [http-nio-8080-exec-1] Initializing Spring DispatcherServlet 'dispatcherServlet'
2023-01-18 17:31:42,812 INFO org.springframework.web.servlet.FrameworkServlet [http-nio-8080-exec-1] Initializing Servlet 'dispatcherServlet'
2023-01-18 17:31:42,814 INFO org.springframework.web.servlet.FrameworkServlet [http-nio-8080-exec-1] Completed initialization in 2 ms
2023-01-18 17:31:58,430 INFO org.springframework.boot.devtools.autoconfigure.LocalDevToolsAutoConfiguration$RestartingClassPathChangeChangedEventListener [File Watcher] Restarting due to 1 class path change (0 additions, 0 deletions, 1 modification)
2023-01-18 17:31:58,560 INFO org.apache.juli.logging.DirectJDKLog [Thread-11] Pausing ProtocolHandler ["http-nio-8080"]
2023-01-18 17:31:58,561 INFO org.apache.juli.logging.DirectJDKLog [Thread-11] Stopping service [Tomcat]
2023-01-18 17:31:58,562 INFO org.apache.juli.logging.DirectJDKLog [Thread-11] Destroying Spring FrameworkServlet 'dispatcherServlet'
2023-01-18 17:31:58,597 INFO org.apache.juli.logging.DirectJDKLog [Thread-11] Stopping ProtocolHandler ["http-nio-8080"]
2023-01-18 17:31:58,601 INFO org.apache.juli.logging.DirectJDKLog [Thread-11] Destroying ProtocolHandler ["http-nio-8080"]
2023-01-18 17:31:58,612 INFO org.springframework.orm.jpa.AbstractEntityManagerFactoryBean [Thread-11] Closing JPA EntityManagerFactory for persistence unit 'default'
2023-01-18 17:31:58,613 INFO com.zaxxer.hikari.HikariDataSource [Thread-11] HikariPool-3 - Shutdown initiated...
2023-01-18 17:31:58,658 INFO com.zaxxer.hikari.HikariDataSource [Thread-11] HikariPool-3 - Shutdown completed.
2023-01-18 17:31:59,092 INFO org.springframework.boot.StartupInfoLogger [restartedMain] Starting TheatreManagementApplication using Java 17.0.4.1 on DESKTOP-2F7T33D with PID 16364 (C:\Users\ADMIN\Documents\workspace-spring-tool-suite-4-4.16.1.RELEASE\theatremanagement\target\classes started by ADMIN in C:\Users\ADMIN\Documents\workspace-spring-tool-suite-4-4.16.1.RELEASE\theatremanagement)
2023-01-18 17:31:59,092 INFO org.springframework.boot.SpringApplication [restartedMain] No active profile set, falling back to 1 default profile: "default"
2023-01-18 17:31:59,672 INFO org.springframework.data.repository.config.RepositoryConfigurationDelegate [restartedMain] Bootstrapping Spring Data JPA repositories in DEFAULT mode.
2023-01-18 17:31:59,742 INFO org.springframework.data.repository.config.RepositoryConfigurationDelegate [restartedMain] Finished Spring Data repository scanning in 70 ms. Found 7 JPA repository interfaces.
2023-01-18 17:31:59,928 INFO org.springframework.boot.web.embedded.tomcat.TomcatWebServer [restartedMain] Tomcat initialized with port(s): 8080 (http)
2023-01-18 17:31:59,930 INFO org.apache.juli.logging.DirectJDKLog [restartedMain] Initializing ProtocolHandler ["http-nio-8080"]
2023-01-18 17:31:59,930 INFO org.apache.juli.logging.DirectJDKLog [restartedMain] Starting service [Tomcat]
2023-01-18 17:31:59,931 INFO org.apache.juli.logging.DirectJDKLog [restartedMain] Starting Servlet engine: [Apache Tomcat/9.0.70]
2023-01-18 17:31:59,984 INFO org.apache.juli.logging.DirectJDKLog [restartedMain] Initializing Spring embedded WebApplicationContext
2023-01-18 17:31:59,985 INFO org.springframework.boot.web.servlet.context.ServletWebServerApplicationContext [restartedMain] Root WebApplicationContext: initialization completed in 887 ms
2023-01-18 17:32:00,083 INFO org.hibernate.jpa.internal.util.LogHelper [restartedMain] HHH000204: Processing PersistenceUnitInfo [name: default]
2023-01-18 17:32:00,098 INFO com.zaxxer.hikari.HikariDataSource [restartedMain] HikariPool-4 - Starting...
2023-01-18 17:32:00,099 WARN com.zaxxer.hikari.util.DriverDataSource [restartedMain] Registered driver with driverClassName=com.mysql.jdbc.Driver was not found, trying direct instantiation.
2023-01-18 17:32:00,127 INFO com.zaxxer.hikari.HikariDataSource [restartedMain] HikariPool-4 - Start completed.
2023-01-18 17:32:00,128 INFO org.hibernate.dialect.Dialect [restartedMain] HHH000400: Using dialect: org.hibernate.dialect.MySQL8Dialect
2023-01-18 17:32:00,541 INFO org.hibernate.engine.transaction.jta.platform.internal.JtaPlatformInitiator [restartedMain] HHH000490: Using JtaPlatform implementation: [org.hibernate.engine.transaction.jta.platform.internal.NoJtaPlatform]
2023-01-18 17:32:00,542 INFO org.springframework.orm.jpa.AbstractEntityManagerFactoryBean [restartedMain] Initialized JPA EntityManagerFactory for persistence unit 'default'
2023-01-18 17:32:00,906 WARN org.springframework.boot.autoconfigure.orm.jpa.JpaBaseConfiguration$JpaWebConfiguration [restartedMain] spring.jpa.open-in-view is enabled by default. Therefore, database queries may be performed during view rendering. Explicitly configure spring.jpa.open-in-view to disable this warning
2023-01-18 17:32:01,792 INFO org.springframework.boot.devtools.autoconfigure.OptionalLiveReloadServer [restartedMain] LiveReload server is running on port 35729
2023-01-18 17:32:01,816 INFO org.apache.juli.logging.DirectJDKLog [restartedMain] Starting ProtocolHandler ["http-nio-8080"]
2023-01-18 17:32:01,824 INFO org.springframework.boot.web.embedded.tomcat.TomcatWebServer [restartedMain] Tomcat started on port(s): 8080 (http) with context path ''
2023-01-18 17:32:01,847 INFO org.springframework.boot.StartupInfoLogger [restartedMain] Started TheatreManagementApplication in 3.037 seconds (JVM running for 10003.808)
2023-01-18 17:32:01,851 INFO org.springframework.boot.devtools.autoconfigure.ConditionEvaluationDeltaLoggingListener [restartedMain] Condition evaluation unchanged
2023-01-18 17:32:01,870 INFO org.apache.juli.logging.DirectJDKLog [http-nio-8080-exec-1] Initializing Spring DispatcherServlet 'dispatcherServlet'
2023-01-18 17:32:01,871 INFO org.springframework.web.servlet.FrameworkServlet [http-nio-8080-exec-1] Initializing Servlet 'dispatcherServlet'
2023-01-18 17:32:01,873 INFO org.springframework.web.servlet.FrameworkServlet [http-nio-8080-exec-1] Completed initialization in 2 ms
2023-01-18 17:38:16,303 INFO com.example.demo.controller.CinemaController [http-nio-8080-exec-7] get a allShowDetails
2023-01-18 17:38:18,074 INFO com.example.demo.controller.CinemaController [http-nio-8080-exec-8] get a allShowDetails
2023-01-18 17:38:31,986 INFO org.springframework.boot.devtools.autoconfigure.LocalDevToolsAutoConfiguration$RestartingClassPathChangeChangedEventListener [File Watcher] Restarting due to 1 class path change (0 additions, 0 deletions, 1 modification)
2023-01-18 17:38:32,038 INFO org.apache.juli.logging.DirectJDKLog [Thread-15] Pausing ProtocolHandler ["http-nio-8080"]
2023-01-18 17:38:32,040 INFO org.apache.juli.logging.DirectJDKLog [Thread-15] Stopping service [Tomcat]
2023-01-18 17:38:32,041 INFO org.apache.juli.logging.DirectJDKLog [Thread-15] Destroying Spring FrameworkServlet 'dispatcherServlet'
2023-01-18 17:38:32,054 INFO org.apache.juli.logging.DirectJDKLog [Thread-15] Stopping ProtocolHandler ["http-nio-8080"]
2023-01-18 17:38:32,062 INFO org.apache.juli.logging.DirectJDKLog [Thread-15] Destroying ProtocolHandler ["http-nio-8080"]
2023-01-18 17:38:32,074 INFO org.springframework.orm.jpa.AbstractEntityManagerFactoryBean [Thread-15] Closing JPA EntityManagerFactory for persistence unit 'default'
2023-01-18 17:38:32,077 INFO com.zaxxer.hikari.HikariDataSource [Thread-15] HikariPool-4 - Shutdown initiated...
2023-01-18 17:38:32,095 INFO com.zaxxer.hikari.HikariDataSource [Thread-15] HikariPool-4 - Shutdown completed.
2023-01-18 17:38:32,227 INFO org.springframework.boot.StartupInfoLogger [restartedMain] Starting TheatreManagementApplication using Java 17.0.4.1 on DESKTOP-2F7T33D with PID 16364 (C:\Users\ADMIN\Documents\workspace-spring-tool-suite-4-4.16.1.RELEASE\theatremanagement\target\classes started by ADMIN in C:\Users\ADMIN\Documents\workspace-spring-tool-suite-4-4.16.1.RELEASE\theatremanagement)
2023-01-18 17:38:32,227 INFO org.springframework.boot.SpringApplication [restartedMain] No active profile set, falling back to 1 default profile: "default"
2023-01-18 17:38:32,550 INFO org.springframework.data.repository.config.RepositoryConfigurationDelegate [restartedMain] Bootstrapping Spring Data JPA repositories in DEFAULT mode.
2023-01-18 17:38:32,602 INFO org.springframework.data.repository.config.RepositoryConfigurationDelegate [restartedMain] Finished Spring Data repository scanning in 51 ms. Found 7 JPA repository interfaces.
2023-01-18 17:38:32,742 INFO org.springframework.boot.web.embedded.tomcat.TomcatWebServer [restartedMain] Tomcat initialized with port(s): 8080 (http)
2023-01-18 17:38:32,743 INFO org.apache.juli.logging.DirectJDKLog [restartedMain] Initializing ProtocolHandler ["http-nio-8080"]
2023-01-18 17:38:32,744 INFO org.apache.juli.logging.DirectJDKLog [restartedMain] Starting service [Tomcat]
2023-01-18 17:38:32,747 INFO org.apache.juli.logging.DirectJDKLog [restartedMain] Starting Servlet engine: [Apache Tomcat/9.0.70]
2023-01-18 17:38:32,781 INFO org.apache.juli.logging.DirectJDKLog [restartedMain] Initializing Spring embedded WebApplicationContext
2023-01-18 17:38:32,783 INFO org.springframework.boot.web.servlet.context.ServletWebServerApplicationContext [restartedMain] Root WebApplicationContext: initialization completed in 553 ms
2023-01-18 17:38:32,830 INFO org.hibernate.jpa.internal.util.LogHelper [restartedMain] HHH000204: Processing PersistenceUnitInfo [name: default]
2023-01-18 17:38:32,840 INFO com.zaxxer.hikari.HikariDataSource [restartedMain] HikariPool-5 - Starting...
2023-01-18 17:38:32,840 WARN com.zaxxer.hikari.util.DriverDataSource [restartedMain] Registered driver with driverClassName=com.mysql.jdbc.Driver was not found, trying direct instantiation.
2023-01-18 17:38:32,863 INFO com.zaxxer.hikari.HikariDataSource [restartedMain] HikariPool-5 - Start completed.
2023-01-18 17:38:32,863 INFO org.hibernate.dialect.Dialect [restartedMain] HHH000400: Using dialect: org.hibernate.dialect.MySQL8Dialect
2023-01-18 17:38:33,100 INFO org.hibernate.engine.transaction.jta.platform.internal.JtaPlatformInitiator [restartedMain] HHH000490: Using JtaPlatform implementation: [org.hibernate.engine.transaction.jta.platform.internal.NoJtaPlatform]
2023-01-18 17:38:33,101 INFO org.springframework.orm.jpa.AbstractEntityManagerFactoryBean [restartedMain] Initialized JPA EntityManagerFactory for persistence unit 'default'
2023-01-18 17:38:33,354 WARN org.springframework.boot.autoconfigure.orm.jpa.JpaBaseConfiguration$JpaWebConfiguration [restartedMain] spring.jpa.open-in-view is enabled by default. Therefore, database queries may be performed during view rendering. Explicitly configure spring.jpa.open-in-view to disable this warning
2023-01-18 17:38:33,901 INFO org.springframework.boot.devtools.autoconfigure.OptionalLiveReloadServer [restartedMain] LiveReload server is running on port 35729
2023-01-18 17:38:33,920 INFO org.apache.juli.logging.DirectJDKLog [restartedMain] Starting ProtocolHandler ["http-nio-8080"]
2023-01-18 17:38:33,925 INFO org.springframework.boot.web.embedded.tomcat.TomcatWebServer [restartedMain] Tomcat started on port(s): 8080 (http) with context path ''
2023-01-18 17:38:33,943 INFO org.springframework.boot.StartupInfoLogger [restartedMain] Started TheatreManagementApplication in 1.762 seconds (JVM running for 10395.904)
2023-01-18 17:38:33,946 INFO org.springframework.boot.devtools.autoconfigure.ConditionEvaluationDeltaLoggingListener [restartedMain] Condition evaluation unchanged
2023-01-18 17:39:01,763 INFO org.springframework.boot.devtools.autoconfigure.LocalDevToolsAutoConfiguration$RestartingClassPathChangeChangedEventListener [File Watcher] Restarting due to 1 class path change (0 additions, 0 deletions, 1 modification)
2023-01-18 17:39:01,809 INFO org.apache.juli.logging.DirectJDKLog [Thread-19] Pausing ProtocolHandler ["http-nio-8080"]
2023-01-18 17:39:01,810 INFO org.apache.juli.logging.DirectJDKLog [Thread-19] Stopping service [Tomcat]
2023-01-18 17:39:01,816 INFO org.apache.juli.logging.DirectJDKLog [Thread-19] Stopping ProtocolHandler ["http-nio-8080"]
2023-01-18 17:39:01,820 INFO org.apache.juli.logging.DirectJDKLog [Thread-19] Destroying ProtocolHandler ["http-nio-8080"]
2023-01-18 17:39:01,828 INFO org.springframework.orm.jpa.AbstractEntityManagerFactoryBean [Thread-19] Closing JPA EntityManagerFactory for persistence unit 'default'
2023-01-18 17:39:01,830 INFO com.zaxxer.hikari.HikariDataSource [Thread-19] HikariPool-5 - Shutdown initiated...
2023-01-18 17:39:01,845 INFO com.zaxxer.hikari.HikariDataSource [Thread-19] HikariPool-5 - Shutdown completed.
2023-01-18 17:39:02,019 INFO org.springframework.boot.StartupInfoLogger [restartedMain] Starting TheatreManagementApplication using Java 17.0.4.1 on DESKTOP-2F7T33D with PID 16364 (C:\Users\ADMIN\Documents\workspace-spring-tool-suite-4-4.16.1.RELEASE\theatremanagement\target\classes started by ADMIN in C:\Users\ADMIN\Documents\workspace-spring-tool-suite-4-4.16.1.RELEASE\theatremanagement)
2023-01-18 17:39:02,020 INFO org.springframework.boot.SpringApplication [restartedMain] No active profile set, falling back to 1 default profile: "default"
2023-01-18 17:39:02,333 INFO org.springframework.data.repository.config.RepositoryConfigurationDelegate [restartedMain] Bootstrapping Spring Data JPA repositories in DEFAULT mode.
2023-01-18 17:39:02,375 INFO org.springframework.data.repository.config.RepositoryConfigurationDelegate [restartedMain] Finished Spring Data repository scanning in 41 ms. Found 7 JPA repository interfaces.
2023-01-18 17:39:02,483 INFO org.springframework.boot.web.embedded.tomcat.TomcatWebServer [restartedMain] Tomcat initialized with port(s): 8080 (http)
2023-01-18 17:39:02,484 INFO org.apache.juli.logging.DirectJDKLog [restartedMain] Initializing ProtocolHandler ["http-nio-8080"]
2023-01-18 17:39:02,485 INFO org.apache.juli.logging.DirectJDKLog [restartedMain] Starting service [Tomcat]
2023-01-18 17:39:02,485 INFO org.apache.juli.logging.DirectJDKLog [restartedMain] Starting Servlet engine: [Apache Tomcat/9.0.70]
2023-01-18 17:39:02,520 INFO org.apache.juli.logging.DirectJDKLog [restartedMain] Initializing Spring embedded WebApplicationContext
2023-01-18 17:39:02,520 INFO org.springframework.boot.web.servlet.context.ServletWebServerApplicationContext [restartedMain] Root WebApplicationContext: initialization completed in 497 ms
2023-01-18 17:39:02,569 INFO org.hibernate.jpa.internal.util.LogHelper [restartedMain] HHH000204: Processing PersistenceUnitInfo [name: default]
2023-01-18 17:39:02,577 INFO com.zaxxer.hikari.HikariDataSource [restartedMain] HikariPool-6 - Starting...
2023-01-18 17:39:02,577 WARN com.zaxxer.hikari.util.DriverDataSource [restartedMain] Registered driver with driverClassName=com.mysql.jdbc.Driver was not found, trying direct instantiation.
2023-01-18 17:39:02,600 INFO com.zaxxer.hikari.HikariDataSource [restartedMain] HikariPool-6 - Start completed.
2023-01-18 17:39:02,600 INFO org.hibernate.dialect.Dialect [restartedMain] HHH000400: Using dialect: org.hibernate.dialect.MySQL8Dialect
2023-01-18 17:39:02,885 INFO org.hibernate.engine.transaction.jta.platform.internal.JtaPlatformInitiator [restartedMain] HHH000490: Using JtaPlatform implementation: [org.hibernate.engine.transaction.jta.platform.internal.NoJtaPlatform]
2023-01-18 17:39:02,886 INFO org.springframework.orm.jpa.AbstractEntityManagerFactoryBean [restartedMain] Initialized JPA EntityManagerFactory for persistence unit 'default'
2023-01-18 17:39:03,136 WARN org.springframework.boot.autoconfigure.orm.jpa.JpaBaseConfiguration$JpaWebConfiguration [restartedMain] spring.jpa.open-in-view is enabled by default. Therefore, database queries may be performed during view rendering. Explicitly configure spring.jpa.open-in-view to disable this warning
2023-01-18 17:39:03,649 INFO org.springframework.boot.devtools.autoconfigure.OptionalLiveReloadServer [restartedMain] LiveReload server is running on port 35729
2023-01-18 17:39:03,662 INFO org.apache.juli.logging.DirectJDKLog [restartedMain] Starting ProtocolHandler ["http-nio-8080"]
2023-01-18 17:39:03,667 INFO org.springframework.boot.web.embedded.tomcat.TomcatWebServer [restartedMain] Tomcat started on port(s): 8080 (http) with context path ''
2023-01-18 17:39:03,686 INFO org.springframework.boot.StartupInfoLogger [restartedMain] Started TheatreManagementApplication in 1.718 seconds (JVM running for 10425.647)
2023-01-18 17:39:03,689 INFO org.springframework.boot.devtools.autoconfigure.ConditionEvaluationDeltaLoggingListener [restartedMain] Condition evaluation unchanged
2023-01-18 17:39:24,468 INFO org.apache.juli.logging.DirectJDKLog [http-nio-8080-exec-1] Initializing Spring DispatcherServlet 'dispatcherServlet'
2023-01-18 17:39:24,469 INFO org.springframework.web.servlet.FrameworkServlet [http-nio-8080-exec-1] Initializing Servlet 'dispatcherServlet'
2023-01-18 17:39:24,472 INFO org.springframework.web.servlet.FrameworkServlet [http-nio-8080-exec-1] Completed initialization in 3 ms
2023-01-18 17:39:24,473 INFO com.example.demo.controller.CinemaController [http-nio-8080-exec-1] get a allCinema
2023-01-18 17:45:50,421 INFO com.example.demo.controller.CinemaController [http-nio-8080-exec-3] get a allCinema
2023-01-18 17:45:53,092 INFO com.example.demo.controller.CinemaController [http-nio-8080-exec-5] get a allCinema
2023-01-18 17:45:54,458 INFO com.example.demo.controller.CinemaController [http-nio-8080-exec-4] get a allCinema
2023-01-18 17:45:55,905 INFO com.example.demo.controller.CinemaController [http-nio-8080-exec-6] get a allCinema
2023-01-18 17:46:21,419 INFO com.example.demo.controller.CinemaController [http-nio-8080-exec-7] get a allCinema
2023-01-18 17:47:26,484 INFO com.example.demo.controller.CinemaController [http-nio-8080-exec-10] get a allCinema
2023-01-18 17:50:03,907 INFO com.example.demo.controller.CinemaController [http-nio-8080-exec-2] get a allCinema
2023-01-18 17:56:41,620 INFO com.example.demo.controller.CinemaController [http-nio-8080-exec-5] get a allCinema
2023-01-18 17:56:54,170 INFO com.example.demo.controller.CinemaController [http-nio-8080-exec-6] get a allCinema
2023-01-18 18:01:23,627 INFO com.example.demo.controller.CinemaController [http-nio-8080-exec-8] get a allCinema
2023-01-18 18:02:43,566 INFO org.springframework.boot.devtools.autoconfigure.LocalDevToolsAutoConfiguration$RestartingClassPathChangeChangedEventListener [File Watcher] Restarting due to 1 class path change (0 additions, 0 deletions, 1 modification)
2023-01-18 18:02:43,592 INFO org.apache.juli.logging.DirectJDKLog [Thread-23] Pausing ProtocolHandler ["http-nio-8080"]
2023-01-18 18:02:43,593 INFO org.apache.juli.logging.DirectJDKLog [Thread-23] Stopping service [Tomcat]
2023-01-18 18:02:43,594 INFO org.apache.juli.logging.DirectJDKLog [Thread-23] Destroying Spring FrameworkServlet 'dispatcherServlet'
2023-01-18 18:02:43,598 INFO org.apache.juli.logging.DirectJDKLog [Thread-23] Stopping ProtocolHandler ["http-nio-8080"]
2023-01-18 18:02:43,601 INFO org.apache.juli.logging.DirectJDKLog [Thread-23] Destroying ProtocolHandler ["http-nio-8080"]
2023-01-18 18:02:43,605 INFO org.springframework.orm.jpa.AbstractEntityManagerFactoryBean [Thread-23] Closing JPA EntityManagerFactory for persistence unit 'default'
2023-01-18 18:02:43,606 INFO com.zaxxer.hikari.HikariDataSource [Thread-23] HikariPool-6 - Shutdown initiated...
2023-01-18 18:02:43,614 INFO com.zaxxer.hikari.HikariDataSource [Thread-23] HikariPool-6 - Shutdown completed.
2023-01-18 18:02:43,752 INFO org.springframework.boot.StartupInfoLogger [restartedMain] Starting TheatreManagementApplication using Java 17.0.4.1 on DESKTOP-2F7T33D with PID 16364 (C:\Users\ADMIN\Documents\workspace-spring-tool-suite-4-4.16.1.RELEASE\theatremanagement\target\classes started by ADMIN in C:\Users\ADMIN\Documents\workspace-spring-tool-suite-4-4.16.1.RELEASE\theatremanagement)
2023-01-18 18:02:43,752 INFO org.springframework.boot.SpringApplication [restartedMain] No active profile set, falling back to 1 default profile: "default"
2023-01-18 18:02:44,075 INFO org.springframework.data.repository.config.RepositoryConfigurationDelegate [restartedMain] Bootstrapping Spring Data JPA repositories in DEFAULT mode.
2023-01-18 18:02:44,116 INFO org.springframework.data.repository.config.RepositoryConfigurationDelegate [restartedMain] Finished Spring Data repository scanning in 41 ms. Found 7 JPA repository interfaces.
2023-01-18 18:02:44,240 INFO org.springframework.boot.web.embedded.tomcat.TomcatWebServer [restartedMain] Tomcat initialized with port(s): 8080 (http)
2023-01-18 18:02:44,242 INFO org.apache.juli.logging.DirectJDKLog [restartedMain] Initializing ProtocolHandler ["http-nio-8080"]
2023-01-18 18:02:44,242 INFO org.apache.juli.logging.DirectJDKLog [restartedMain] Starting service [Tomcat]
2023-01-18 18:02:44,242 INFO org.apache.juli.logging.DirectJDKLog [restartedMain] Starting Servlet engine: [Apache Tomcat/9.0.70]
2023-01-18 18:02:44,275 INFO org.apache.juli.logging.DirectJDKLog [restartedMain] Initializing Spring embedded WebApplicationContext
2023-01-18 18:02:44,275 INFO org.springframework.boot.web.servlet.context.ServletWebServerApplicationContext [restartedMain] Root WebApplicationContext: initialization completed in 519 ms
2023-01-18 18:02:44,332 INFO org.hibernate.jpa.internal.util.LogHelper [restartedMain] HHH000204: Processing PersistenceUnitInfo [name: default]
2023-01-18 18:02:44,342 INFO com.zaxxer.hikari.HikariDataSource [restartedMain] HikariPool-7 - Starting...
2023-01-18 18:02:44,342 WARN com.zaxxer.hikari.util.DriverDataSource [restartedMain] Registered driver with driverClassName=com.mysql.jdbc.Driver was not found, trying direct instantiation.
2023-01-18 18:02:44,368 INFO com.zaxxer.hikari.HikariDataSource [restartedMain] HikariPool-7 - Start completed.
2023-01-18 18:02:44,369 INFO org.hibernate.dialect.Dialect [restartedMain] HHH000400: Using dialect: org.hibernate.dialect.MySQL8Dialect
2023-01-18 18:02:44,588 INFO org.hibernate.engine.transaction.jta.platform.internal.JtaPlatformInitiator [restartedMain] HHH000490: Using JtaPlatform implementation: [org.hibernate.engine.transaction.jta.platform.internal.NoJtaPlatform]
2023-01-18 18:02:44,589 INFO org.springframework.orm.jpa.AbstractEntityManagerFactoryBean [restartedMain] Initialized JPA EntityManagerFactory for persistence unit 'default'
2023-01-18 18:02:44,888 WARN org.springframework.boot.autoconfigure.orm.jpa.JpaBaseConfiguration$JpaWebConfiguration [restartedMain] spring.jpa.open-in-view is enabled by default. Therefore, database queries may be performed during view rendering. Explicitly configure spring.jpa.open-in-view to disable this warning
2023-01-18 18:02:45,517 INFO org.springframework.boot.devtools.autoconfigure.OptionalLiveReloadServer [restartedMain] LiveReload server is running on port 35729
2023-01-18 18:02:45,531 INFO org.apache.juli.logging.DirectJDKLog [restartedMain] Starting ProtocolHandler ["http-nio-8080"]
2023-01-18 18:02:45,536 INFO org.springframework.boot.web.embedded.tomcat.TomcatWebServer [restartedMain] Tomcat started on port(s): 8080 (http) with context path ''
2023-01-18 18:02:45,548 INFO org.springframework.boot.StartupInfoLogger [restartedMain] Started TheatreManagementApplication in 1.845 seconds (JVM running for 11847.509)
2023-01-18 18:02:45,557 INFO org.springframework.boot.devtools.autoconfigure.ConditionEvaluationDeltaLoggingListener [restartedMain] Condition evaluation unchanged
2023-01-18 18:02:55,219 INFO org.apache.juli.logging.DirectJDKLog [http-nio-8080-exec-1] Initializing Spring DispatcherServlet 'dispatcherServlet'
2023-01-18 18:02:55,219 INFO org.springframework.web.servlet.FrameworkServlet [http-nio-8080-exec-1] Initializing Servlet 'dispatcherServlet'
2023-01-18 18:02:55,222 INFO org.springframework.web.servlet.FrameworkServlet [http-nio-8080-exec-1] Completed initialization in 2 ms
2023-01-18 18:02:55,226 INFO com.example.demo.controller.CinemaController [http-nio-8080-exec-1] get a allCinema
2023-01-18 18:02:59,761 INFO com.example.demo.controller.CinemaController [http-nio-8080-exec-2] get a allCinema
2023-01-18 18:03:00,193 INFO com.example.demo.controller.CinemaController [http-nio-8080-exec-3] get a allCinema
2023-01-18 18:03:01,738 INFO com.example.demo.controller.CinemaController [http-nio-8080-exec-4] get a allCinema
2023-01-18 18:03:02,120 INFO com.example.demo.controller.CinemaController [http-nio-8080-exec-5] get a allCinema
2023-01-18 18:04:16,896 INFO com.example.demo.controller.CinemaController [http-nio-8080-exec-7] get a allCinema
2023-01-18 18:05:09,012 INFO com.example.demo.controller.CinemaController [http-nio-8080-exec-9] get a allCinema
2023-01-18 18:05:29,627 INFO com.example.demo.controller.CinemaController [http-nio-8080-exec-1] get a allCinema
2023-01-18 18:06:12,641 INFO com.example.demo.controller.CinemaController [http-nio-8080-exec-3] get a allCinema
2023-01-18 18:06:50,586 INFO org.springdoc.api.AbstractOpenApiResource [http-nio-8080-exec-7] Init duration for springdoc-openapi is: 425 ms
2023-01-18 18:07:04,231 INFO com.example.demo.controller.UserController [http-nio-8080-exec-9] get a allUser
2023-01-18 18:09:34,059 INFO com.example.demo.controller.CinemaController [http-nio-8080-exec-1] creat Cinema
2023-01-18 18:09:54,947 INFO com.example.demo.controller.CinemaController [http-nio-8080-exec-3] get a allCinema
2023-01-18 18:10:35,946 INFO com.example.demo.controller.CinemaController [http-nio-8080-exec-5] get a allCinema
2023-01-18 18:12:15,090 INFO com.example.demo.controller.CinemaController [http-nio-8080-exec-7] get a allCinema
2023-01-18 18:12:56,692 INFO com.example.demo.controller.CinemaController [http-nio-8080-exec-9] get a allCinema
2023-01-18 18:13:04,836 INFO com.example.demo.controller.CinemaController [http-nio-8080-exec-1] get a allCinema
2023-01-18 18:13:17,307 INFO com.example.demo.controller.CinemaController [http-nio-8080-exec-3] get a allCinema
2023-01-18 18:15:47,810 INFO com.example.demo.controller.CinemaController [http-nio-8080-exec-5] get a allCinema
2023-01-18 18:16:48,641 INFO com.example.demo.controller.CinemaController [http-nio-8080-exec-7] get a allCinema
2023-01-18 18:17:36,129 INFO com.example.demo.controller.CinemaController [http-nio-8080-exec-9] get a allCinema
2023-01-18 18:17:44,583 INFO com.example.demo.controller.CinemaController [http-nio-8080-exec-1] get a allCinema
2023-01-18 18:20:59,568 INFO com.example.demo.controller.CinemaController [http-nio-8080-exec-3] get a allCinema
2023-01-18 18:26:59,237 INFO org.springframework.boot.admin.SpringApplicationAdminMXBeanRegistrar$SpringApplicationAdmin [RMI TCP Connection(257)-127.0.0.1] Application shutdown requested.
2023-01-18 18:26:59,258 INFO org.apache.juli.logging.DirectJDKLog [RMI TCP Connection(257)-127.0.0.1] Pausing ProtocolHandler ["http-nio-8080"]
2023-01-18 18:26:59,260 INFO org.apache.juli.logging.DirectJDKLog [RMI TCP Connection(257)-127.0.0.1] Stopping service [Tomcat]
2023-01-18 18:26:59,260 INFO org.apache.juli.logging.DirectJDKLog [RMI TCP Connection(257)-127.0.0.1] Destroying Spring FrameworkServlet 'dispatcherServlet'
2023-01-18 18:26:59,263 INFO org.apache.juli.logging.DirectJDKLog [RMI TCP Connection(257)-127.0.0.1] Stopping ProtocolHandler ["http-nio-8080"]
2023-01-18 18:26:59,266 INFO org.apache.juli.logging.DirectJDKLog [RMI TCP Connection(257)-127.0.0.1] Destroying ProtocolHandler ["http-nio-8080"]
2023-01-18 18:26:59,271 INFO org.springframework.orm.jpa.AbstractEntityManagerFactoryBean [RMI TCP Connection(257)-127.0.0.1] Closing JPA EntityManagerFactory for persistence unit 'default'
2023-01-18 18:26:59,272 INFO com.zaxxer.hikari.HikariDataSource [RMI TCP Connection(257)-127.0.0.1] HikariPool-7 - Shutdown initiated...
2023-01-18 18:26:59,282 INFO com.zaxxer.hikari.HikariDataSource [RMI TCP Connection(257)-127.0.0.1] HikariPool-7 - Shutdown completed.
