2023-02-06 09:24:01,464 WARN com.zaxxer.hikari.pool.HikariPool$HouseKeeper [HikariPool-2 housekeeper] HikariPool-2 - Thread starvation or clock leap detected (housekeeper delta=17h33m32s8ms511µs600ns).
2023-02-06 09:25:50,151 INFO com.example.demo.controller.CinemaController [http-nio-8080-exec-10] get a allCinema
2023-02-06 09:28:55,430 INFO org.springframework.boot.admin.SpringApplicationAdminMXBeanRegistrar$SpringApplicationAdmin [RMI TCP Connection(105)-127.0.0.1] Application shutdown requested.
2023-02-06 09:28:55,455 INFO org.apache.juli.logging.DirectJDKLog [RMI TCP Connection(105)-127.0.0.1] Pausing ProtocolHandler ["http-nio-8080"]
2023-02-06 09:28:55,456 INFO org.apache.juli.logging.DirectJDKLog [RMI TCP Connection(105)-127.0.0.1] Stopping service [Tomcat]
2023-02-06 09:28:55,460 INFO org.apache.juli.logging.DirectJDKLog [RMI TCP Connection(105)-127.0.0.1] Destroying Spring FrameworkServlet 'dispatcherServlet'
2023-02-06 09:28:55,472 INFO org.apache.juli.logging.DirectJDKLog [RMI TCP Connection(105)-127.0.0.1] Stopping ProtocolHandler ["http-nio-8080"]
2023-02-06 09:28:55,479 INFO org.apache.juli.logging.DirectJDKLog [RMI TCP Connection(105)-127.0.0.1] Destroying ProtocolHandler ["http-nio-8080"]
2023-02-06 09:28:55,489 INFO org.springframework.orm.jpa.AbstractEntityManagerFactoryBean [RMI TCP Connection(105)-127.0.0.1] Closing JPA EntityManagerFactory for persistence unit 'default'
2023-02-06 09:28:55,500 INFO com.zaxxer.hikari.HikariDataSource [RMI TCP Connection(105)-127.0.0.1] HikariPool-2 - Shutdown initiated...
2023-02-06 09:28:55,510 INFO com.zaxxer.hikari.HikariDataSource [RMI TCP Connection(105)-127.0.0.1] HikariPool-2 - Shutdown completed.
2023-02-06 16:45:43,491 INFO org.springframework.boot.StartupInfoLogger [restartedMain] Starting TheatreManagementApplication using Java 17.0.4.1 on DESKTOP-2F7T33D with PID 11684 (C:\Users\ADMIN\Documents\workspace-spring-tool-suite-4-4.16.1.RELEASE\manoj\theatremanagement\target\classes started by ADMIN in C:\Users\ADMIN\Documents\workspace-spring-tool-suite-4-4.16.1.RELEASE\manoj\theatremanagement)
2023-02-06 16:45:43,493 INFO org.hibernate.validator.internal.util.Version [background-preinit] HV000001: Hibernate Validator 6.2.5.Final
2023-02-06 16:45:43,495 INFO org.springframework.boot.SpringApplication [restartedMain] No active profile set, falling back to 1 default profile: "default"
2023-02-06 16:45:43,598 INFO org.springframework.boot.logging.DeferredLog [restartedMain] Devtools property defaults active! Set 'spring.devtools.add-properties' to 'false' to disable
2023-02-06 16:45:43,599 INFO org.springframework.boot.logging.DeferredLog [restartedMain] For additional web related logging consider setting the 'logging.level.web' property to 'DEBUG'
2023-02-06 16:45:45,347 INFO org.springframework.data.repository.config.RepositoryConfigurationDelegate [restartedMain] Bootstrapping Spring Data JPA repositories in DEFAULT mode.
2023-02-06 16:45:45,497 INFO org.springframework.data.repository.config.RepositoryConfigurationDelegate [restartedMain] Finished Spring Data repository scanning in 132 ms. Found 7 JPA repository interfaces.
2023-02-06 16:45:46,589 INFO org.springframework.boot.web.embedded.tomcat.TomcatWebServer [restartedMain] Tomcat initialized with port(s): 8080 (http)
2023-02-06 16:45:46,609 INFO org.apache.juli.logging.DirectJDKLog [restartedMain] Initializing ProtocolHandler ["http-nio-8080"]
2023-02-06 16:45:46,610 INFO org.apache.juli.logging.DirectJDKLog [restartedMain] Starting service [Tomcat]
2023-02-06 16:45:46,611 INFO org.apache.juli.logging.DirectJDKLog [restartedMain] Starting Servlet engine: [Apache Tomcat/9.0.70]
2023-02-06 16:45:46,788 INFO org.apache.juli.logging.DirectJDKLog [restartedMain] Initializing Spring embedded WebApplicationContext
2023-02-06 16:45:46,789 INFO org.springframework.boot.web.servlet.context.ServletWebServerApplicationContext [restartedMain] Root WebApplicationContext: initialization completed in 3189 ms
2023-02-06 16:45:47,046 INFO org.hibernate.jpa.internal.util.LogHelper [restartedMain] HHH000204: Processing PersistenceUnitInfo [name: default]
2023-02-06 16:45:47,181 INFO org.hibernate.Version [restartedMain] HHH000412: Hibernate ORM core version 5.6.14.Final
2023-02-06 16:45:47,494 INFO org.hibernate.annotations.common.reflection.java.JavaReflectionManager [restartedMain] HCANN000001: Hibernate Commons Annotations {5.1.2.Final}
2023-02-06 16:45:47,691 INFO com.zaxxer.hikari.HikariDataSource [restartedMain] HikariPool-1 - Starting...
2023-02-06 16:45:47,700 WARN com.zaxxer.hikari.util.DriverDataSource [restartedMain] Registered driver with driverClassName=com.mysql.jdbc.Driver was not found, trying direct instantiation.
2023-02-06 16:45:49,348 INFO com.zaxxer.hikari.HikariDataSource [restartedMain] HikariPool-1 - Start completed.
2023-02-06 16:45:49,443 INFO org.hibernate.dialect.Dialect [restartedMain] HHH000400: Using dialect: org.hibernate.dialect.MySQL8Dialect
2023-02-06 16:45:51,809 INFO org.hibernate.engine.transaction.jta.platform.internal.JtaPlatformInitiator [restartedMain] HHH000490: Using JtaPlatform implementation: [org.hibernate.engine.transaction.jta.platform.internal.NoJtaPlatform]
2023-02-06 16:45:51,836 INFO org.springframework.orm.jpa.AbstractEntityManagerFactoryBean [restartedMain] Initialized JPA EntityManagerFactory for persistence unit 'default'
2023-02-06 16:45:53,172 WARN org.springframework.boot.autoconfigure.orm.jpa.JpaBaseConfiguration$JpaWebConfiguration [restartedMain] spring.jpa.open-in-view is enabled by default. Therefore, database queries may be performed during view rendering. Explicitly configure spring.jpa.open-in-view to disable this warning
2023-02-06 16:45:53,431 INFO org.springframework.boot.autoconfigure.web.servlet.WelcomePageHandlerMapping [restartedMain] Adding welcome page: class path resource [static/index.html]
2023-02-06 16:45:54,595 INFO org.springframework.boot.devtools.autoconfigure.OptionalLiveReloadServer [restartedMain] LiveReload server is running on port 35729
2023-02-06 16:45:54,658 INFO org.apache.juli.logging.DirectJDKLog [restartedMain] Starting ProtocolHandler ["http-nio-8080"]
2023-02-06 16:45:54,702 INFO org.springframework.boot.web.embedded.tomcat.TomcatWebServer [restartedMain] Tomcat started on port(s): 8080 (http) with context path ''
2023-02-06 16:45:54,727 INFO org.springframework.boot.StartupInfoLogger [restartedMain] Started TheatreManagementApplication in 12.34 seconds (JVM running for 14.749)
2023-02-06 16:45:59,155 INFO org.apache.juli.logging.DirectJDKLog [http-nio-8080-exec-1] Initializing Spring DispatcherServlet 'dispatcherServlet'
2023-02-06 16:45:59,156 INFO org.springframework.web.servlet.FrameworkServlet [http-nio-8080-exec-1] Initializing Servlet 'dispatcherServlet'
2023-02-06 16:45:59,161 INFO org.springframework.web.servlet.FrameworkServlet [http-nio-8080-exec-1] Completed initialization in 4 ms
2023-02-06 16:45:59,277 INFO com.example.demo.controller.CinemaController [http-nio-8080-exec-1] get a allCinema
2023-02-06 16:56:02,415 INFO com.example.demo.controller.CinemaController [http-nio-8080-exec-3] get a allCinema
2023-02-06 16:56:58,184 INFO com.example.demo.controller.CinemaController [http-nio-8080-exec-4] get a allCinema
2023-02-06 16:59:17,540 INFO com.example.demo.controller.CinemaController [http-nio-8080-exec-6] get a allCinema
2023-02-06 16:59:45,039 INFO com.example.demo.controller.CinemaController [http-nio-8080-exec-7] get a allCinema
2023-02-06 17:00:28,133 INFO com.example.demo.controller.CinemaController [http-nio-8080-exec-8] get a allCinema
2023-02-06 17:01:14,132 INFO com.example.demo.controller.CinemaController [http-nio-8080-exec-10] get a allCinema
2023-02-06 17:01:23,909 INFO com.example.demo.controller.CinemaController [http-nio-8080-exec-9] get a allCinema
2023-02-06 17:01:42,455 INFO com.example.demo.controller.CinemaController [http-nio-8080-exec-1] get a allCinema
2023-02-06 17:01:55,641 INFO com.example.demo.controller.CinemaController [http-nio-8080-exec-2] get a allCinema
2023-02-06 17:02:07,045 INFO com.example.demo.controller.CinemaController [http-nio-8080-exec-3] get a allCinema
2023-02-06 17:02:16,135 INFO com.example.demo.controller.CinemaController [http-nio-8080-exec-4] get a allCinema
2023-02-06 17:03:52,962 INFO com.example.demo.controller.CinemaController [http-nio-8080-exec-6] get a allCinema
2023-02-06 17:04:01,825 INFO com.example.demo.controller.CinemaController [http-nio-8080-exec-7] get a allCinema
2023-02-06 17:04:36,411 INFO com.example.demo.controller.CinemaController [http-nio-8080-exec-8] get a allCinema
2023-02-06 17:04:58,585 INFO com.example.demo.controller.CinemaController [http-nio-8080-exec-10] get a allCinema
2023-02-06 17:06:49,146 INFO com.example.demo.controller.CinemaController [http-nio-8080-exec-1] get a allCinema
2023-02-06 17:07:04,683 INFO com.example.demo.controller.CinemaController [http-nio-8080-exec-2] get a allCinema
2023-02-06 17:07:25,213 INFO com.example.demo.controller.CinemaController [http-nio-8080-exec-3] get a allCinema
2023-02-06 17:08:00,812 INFO com.example.demo.controller.CinemaController [http-nio-8080-exec-4] get a allCinema
2023-02-06 17:09:34,452 INFO com.example.demo.controller.UserController [http-nio-8080-exec-10] login User
2023-02-06 17:09:34,507 WARN org.springframework.web.servlet.handler.AbstractHandlerExceptionResolver [http-nio-8080-exec-10] Resolved [com.example.demo.exceptionhandler.NotFoundException: invalid email and password]
2023-02-06 17:09:36,073 INFO com.example.demo.controller.UserController [http-nio-8080-exec-9] login User
2023-02-06 17:09:36,078 WARN org.springframework.web.servlet.handler.AbstractHandlerExceptionResolver [http-nio-8080-exec-9] Resolved [com.example.demo.exceptionhandler.NotFoundException: invalid email and password]
2023-02-06 17:09:36,874 INFO com.example.demo.controller.UserController [http-nio-8080-exec-1] login User
2023-02-06 17:09:36,879 WARN org.springframework.web.servlet.handler.AbstractHandlerExceptionResolver [http-nio-8080-exec-1] Resolved [com.example.demo.exceptionhandler.NotFoundException: invalid email and password]
2023-02-06 17:09:37,248 INFO com.example.demo.controller.UserController [http-nio-8080-exec-2] login User
2023-02-06 17:09:37,253 WARN org.springframework.web.servlet.handler.AbstractHandlerExceptionResolver [http-nio-8080-exec-2] Resolved [com.example.demo.exceptionhandler.NotFoundException: invalid email and password]
2023-02-06 17:09:37,545 INFO com.example.demo.controller.UserController [http-nio-8080-exec-3] login User
2023-02-06 17:09:37,550 WARN org.springframework.web.servlet.handler.AbstractHandlerExceptionResolver [http-nio-8080-exec-3] Resolved [com.example.demo.exceptionhandler.NotFoundException: invalid email and password]
2023-02-06 17:09:37,728 INFO com.example.demo.controller.UserController [http-nio-8080-exec-4] login User
2023-02-06 17:09:37,734 WARN org.springframework.web.servlet.handler.AbstractHandlerExceptionResolver [http-nio-8080-exec-4] Resolved [com.example.demo.exceptionhandler.NotFoundException: invalid email and password]
2023-02-06 17:09:38,057 INFO com.example.demo.controller.UserController [http-nio-8080-exec-5] login User
2023-02-06 17:09:38,062 WARN org.springframework.web.servlet.handler.AbstractHandlerExceptionResolver [http-nio-8080-exec-5] Resolved [com.example.demo.exceptionhandler.NotFoundException: invalid email and password]
2023-02-06 17:09:38,280 INFO com.example.demo.controller.UserController [http-nio-8080-exec-6] login User
2023-02-06 17:09:38,288 WARN org.springframework.web.servlet.handler.AbstractHandlerExceptionResolver [http-nio-8080-exec-6] Resolved [com.example.demo.exceptionhandler.NotFoundException: invalid email and password]
2023-02-06 17:10:22,489 INFO com.example.demo.controller.UserController [http-nio-8080-exec-7] login User
2023-02-06 17:10:22,495 WARN org.springframework.web.servlet.handler.AbstractHandlerExceptionResolver [http-nio-8080-exec-7] Resolved [com.example.demo.exceptionhandler.NotFoundException: invalid email and password]
2023-02-06 17:10:37,901 INFO com.example.demo.controller.UserController [http-nio-8080-exec-2] login User
2023-02-06 17:10:37,915 ERROR org.apache.juli.logging.DirectJDKLog [http-nio-8080-exec-2] Servlet.service() for servlet [dispatcherServlet] in context with path [] threw exception [Request processing failed; nested exception is org.springframework.dao.IncorrectResultSizeDataAccessException: query did not return a unique result: 2; nested exception is javax.persistence.NonUniqueResultException: query did not return a unique result: 2] with root cause
javax.persistence.NonUniqueResultException: query did not return a unique result: 2
	at org.hibernate.internal.ExceptionConverterImpl.convert(ExceptionConverterImpl.java:128)
	at org.hibernate.query.internal.AbstractProducedQuery.getSingleResult(AbstractProducedQuery.java:1672)
	at org.hibernate.query.criteria.internal.compile.CriteriaQueryTypeQueryAdapter.getSingleResult(CriteriaQueryTypeQueryAdapter.java:111)
	at org.springframework.data.jpa.repository.query.JpaQueryExecution$SingleEntityExecution.doExecute(JpaQueryExecution.java:198)
	at org.springframework.data.jpa.repository.query.JpaQueryExecution.execute(JpaQueryExecution.java:90)
	at org.springframework.data.jpa.repository.query.AbstractJpaQuery.doExecute(AbstractJpaQuery.java:156)
	at org.springframework.data.jpa.repository.query.AbstractJpaQuery.execute(AbstractJpaQuery.java:144)
	at org.springframework.data.repository.core.support.RepositoryMethodInvoker.doInvoke(RepositoryMethodInvoker.java:137)
	at org.springframework.data.repository.core.support.RepositoryMethodInvoker.invoke(RepositoryMethodInvoker.java:121)
	at org.springframework.data.repository.core.support.QueryExecutorMethodInterceptor.doInvoke(QueryExecutorMethodInterceptor.java:160)
	at org.springframework.data.repository.core.support.QueryExecutorMethodInterceptor.invoke(QueryExecutorMethodInterceptor.java:139)
	at org.springframework.aop.framework.ReflectiveMethodInvocation.proceed(ReflectiveMethodInvocation.java:186)
	at org.springframework.data.projection.DefaultMethodInvokingMethodInterceptor.invoke(DefaultMethodInvokingMethodInterceptor.java:81)
	at org.springframework.aop.framework.ReflectiveMethodInvocation.proceed(ReflectiveMethodInvocation.java:186)
	at org.springframework.transaction.interceptor.TransactionInterceptor$1.proceedWithInvocation(TransactionInterceptor.java:123)
	at org.springframework.transaction.interceptor.TransactionAspectSupport.invokeWithinTransaction(TransactionAspectSupport.java:388)
	at org.springframework.transaction.interceptor.TransactionInterceptor.invoke(TransactionInterceptor.java:119)
	at org.springframework.aop.framework.ReflectiveMethodInvocation.proceed(ReflectiveMethodInvocation.java:186)
	at org.springframework.dao.support.PersistenceExceptionTranslationInterceptor.invoke(PersistenceExceptionTranslationInterceptor.java:137)
	at org.springframework.aop.framework.ReflectiveMethodInvocation.proceed(ReflectiveMethodInvocation.java:186)
	at org.springframework.data.jpa.repository.support.CrudMethodMetadataPostProcessor$CrudMethodMetadataPopulatingMethodInterceptor.invoke(CrudMethodMetadataPostProcessor.java:145)
	at org.springframework.aop.framework.ReflectiveMethodInvocation.proceed(ReflectiveMethodInvocation.java:186)
	at org.springframework.aop.interceptor.ExposeInvocationInterceptor.invoke(ExposeInvocationInterceptor.java:97)
	at org.springframework.aop.framework.ReflectiveMethodInvocation.proceed(ReflectiveMethodInvocation.java:186)
	at org.springframework.aop.framework.JdkDynamicAopProxy.invoke(JdkDynamicAopProxy.java:215)
	at jdk.proxy3/jdk.proxy3.$Proxy130.findByEmailAndPass(Unknown Source)
	at com.example.demo.serviceImpl.UserServiceImpl.login(UserServiceImpl.java:72)
	at com.example.demo.controller.UserController.login(UserController.java:85)
	at java.base/jdk.internal.reflect.NativeMethodAccessorImpl.invoke0(Native Method)
	at java.base/jdk.internal.reflect.NativeMethodAccessorImpl.invoke(NativeMethodAccessorImpl.java:77)
	at java.base/jdk.internal.reflect.DelegatingMethodAccessorImpl.invoke(DelegatingMethodAccessorImpl.java:43)
	at java.base/java.lang.reflect.Method.invoke(Method.java:568)
	at org.springframework.web.method.support.InvocableHandlerMethod.doInvoke(InvocableHandlerMethod.java:205)
	at org.springframework.web.method.support.InvocableHandlerMethod.invokeForRequest(InvocableHandlerMethod.java:150)
	at org.springframework.web.servlet.mvc.method.annotation.ServletInvocableHandlerMethod.invokeAndHandle(ServletInvocableHandlerMethod.java:117)
	at org.springframework.web.servlet.mvc.method.annotation.RequestMappingHandlerAdapter.invokeHandlerMethod(RequestMappingHandlerAdapter.java:895)
	at org.springframework.web.servlet.mvc.method.annotation.RequestMappingHandlerAdapter.handleInternal(RequestMappingHandlerAdapter.java:808)
	at org.springframework.web.servlet.mvc.method.AbstractHandlerMethodAdapter.handle(AbstractHandlerMethodAdapter.java:87)
	at org.springframework.web.servlet.DispatcherServlet.doDispatch(DispatcherServlet.java:1071)
	at org.springframework.web.servlet.DispatcherServlet.doService(DispatcherServlet.java:964)
	at org.springframework.web.servlet.FrameworkServlet.processRequest(FrameworkServlet.java:1006)
	at org.springframework.web.servlet.FrameworkServlet.doPost(FrameworkServlet.java:909)
	at javax.servlet.http.HttpServlet.service(HttpServlet.java:696)
	at org.springframework.web.servlet.FrameworkServlet.service(FrameworkServlet.java:883)
	at javax.servlet.http.HttpServlet.service(HttpServlet.java:779)
	at org.apache.catalina.core.ApplicationFilterChain.internalDoFilter(ApplicationFilterChain.java:227)
	at org.apache.catalina.core.ApplicationFilterChain.doFilter(ApplicationFilterChain.java:162)
	at org.apache.tomcat.websocket.server.WsFilter.doFilter(WsFilter.java:53)
	at org.apache.catalina.core.ApplicationFilterChain.internalDoFilter(ApplicationFilterChain.java:189)
	at org.apache.catalina.core.ApplicationFilterChain.doFilter(ApplicationFilterChain.java:162)
	at org.springframework.web.filter.RequestContextFilter.doFilterInternal(RequestContextFilter.java:100)
	at org.springframework.web.filter.OncePerRequestFilter.doFilter(OncePerRequestFilter.java:117)
	at org.apache.catalina.core.ApplicationFilterChain.internalDoFilter(ApplicationFilterChain.java:189)
	at org.apache.catalina.core.ApplicationFilterChain.doFilter(ApplicationFilterChain.java:162)
	at org.springframework.web.filter.FormContentFilter.doFilterInternal(FormContentFilter.java:93)
	at org.springframework.web.filter.OncePerRequestFilter.doFilter(OncePerRequestFilter.java:117)
	at org.apache.catalina.core.ApplicationFilterChain.internalDoFilter(ApplicationFilterChain.java:189)
	at org.apache.catalina.core.ApplicationFilterChain.doFilter(ApplicationFilterChain.java:162)
	at org.springframework.web.filter.CharacterEncodingFilter.doFilterInternal(CharacterEncodingFilter.java:201)
	at org.springframework.web.filter.OncePerRequestFilter.doFilter(OncePerRequestFilter.java:117)
	at org.apache.catalina.core.ApplicationFilterChain.internalDoFilter(ApplicationFilterChain.java:189)
	at org.apache.catalina.core.ApplicationFilterChain.doFilter(ApplicationFilterChain.java:162)
	at org.apache.catalina.core.StandardWrapperValve.invoke(StandardWrapperValve.java:177)
	at org.apache.catalina.core.StandardContextValve.invoke(StandardContextValve.java:97)
	at org.apache.catalina.authenticator.AuthenticatorBase.invoke(AuthenticatorBase.java:541)
	at org.apache.catalina.core.StandardHostValve.invoke(StandardHostValve.java:135)
	at org.apache.catalina.valves.ErrorReportValve.invoke(ErrorReportValve.java:92)
	at org.apache.catalina.core.StandardEngineValve.invoke(StandardEngineValve.java:78)
	at org.apache.catalina.connector.CoyoteAdapter.service(CoyoteAdapter.java:360)
	at org.apache.coyote.http11.Http11Processor.service(Http11Processor.java:399)
	at org.apache.coyote.AbstractProcessorLight.process(AbstractProcessorLight.java:65)
	at org.apache.coyote.AbstractProtocol$ConnectionHandler.process(AbstractProtocol.java:891)
	at org.apache.tomcat.util.net.NioEndpoint$SocketProcessor.doRun(NioEndpoint.java:1784)
	at org.apache.tomcat.util.net.SocketProcessorBase.run(SocketProcessorBase.java:49)
	at org.apache.tomcat.util.threads.ThreadPoolExecutor.runWorker(ThreadPoolExecutor.java:1191)
	at org.apache.tomcat.util.threads.ThreadPoolExecutor$Worker.run(ThreadPoolExecutor.java:659)
	at org.apache.tomcat.util.threads.TaskThread$WrappingRunnable.run(TaskThread.java:61)
	at java.base/java.lang.Thread.run(Thread.java:833)
2023-02-06 17:10:48,139 INFO com.example.demo.controller.UserController [http-nio-8080-exec-3] login User
2023-02-06 17:10:48,397 INFO com.example.demo.controller.CinemaController [http-nio-8080-exec-6] get a allCinema
2023-02-06 17:11:53,778 INFO com.example.demo.controller.CinemaController [http-nio-8080-exec-2] get a allCinema
2023-02-06 17:11:58,731 INFO com.example.demo.controller.TheatreController [http-nio-8080-exec-4] get a alltheatre
2023-02-06 17:11:59,385 INFO com.example.demo.controller.TheatreController [http-nio-8080-exec-8] get a alltheatre
2023-02-06 17:12:04,011 INFO com.example.demo.controller.CinemaController [http-nio-8080-exec-1] get a allCinema
2023-02-06 17:12:20,487 INFO com.example.demo.controller.TheatreController [http-nio-8080-exec-6] get a alltheatre
2023-02-06 17:12:39,421 INFO com.example.demo.controller.CinemaController [http-nio-8080-exec-8] get a allCinema
2023-02-06 17:12:51,061 INFO com.example.demo.controller.TheatreController [http-nio-8080-exec-2] get a alltheatre
2023-02-06 17:13:21,314 INFO com.example.demo.controller.TheatreController [http-nio-8080-exec-7] get a alltheatre
2023-02-06 17:13:46,460 INFO com.example.demo.controller.CinemaController [http-nio-8080-exec-1] get a allCinema
2023-02-06 17:14:32,192 INFO com.example.demo.controller.CinemaController [http-nio-8080-exec-3] creat Cinema
2023-02-06 17:14:32,391 INFO com.example.demo.controller.CinemaController [http-nio-8080-exec-4] get a allCinema
2023-02-06 17:14:51,016 INFO com.example.demo.controller.TheatreController [http-nio-8080-exec-5] get a alltheatre
2023-02-06 17:14:51,522 INFO com.example.demo.controller.TheatreController [http-nio-8080-exec-10] get a alltheatre
2023-02-06 17:14:53,549 INFO com.example.demo.controller.CinemaController [http-nio-8080-exec-3] get a allCinema
2023-02-06 17:14:56,441 INFO com.example.demo.controller.TheatreController [http-nio-8080-exec-6] get a alltheatre
2023-02-06 17:14:56,619 INFO com.example.demo.controller.TheatreController [http-nio-8080-exec-8] get a alltheatre
2023-02-06 17:15:36,978 INFO org.springdoc.api.AbstractOpenApiResource [http-nio-8080-exec-5] Init duration for springdoc-openapi is: 1023 ms
2023-02-06 17:16:31,406 INFO com.example.demo.controller.CinemaController [http-nio-8080-exec-2] get a allCinema
2023-02-06 17:18:39,786 INFO com.example.demo.controller.TheatreController [http-nio-8080-exec-8] get a alltheatre
2023-02-06 17:19:01,380 INFO com.example.demo.controller.CinemaController [http-nio-8080-exec-1] get a allCinema
2023-02-06 17:25:15,539 INFO com.example.demo.controller.TheatreController [http-nio-8080-exec-5] get a alltheatre
2023-02-06 17:25:20,897 INFO com.example.demo.controller.CinemaController [http-nio-8080-exec-10] get a allCinema
2023-02-06 17:26:02,291 INFO com.example.demo.controller.TheatreController [http-nio-8080-exec-2] get a alltheatre
2023-02-06 17:26:03,685 INFO com.example.demo.controller.CinemaController [http-nio-8080-exec-5] get a allCinema
2023-02-06 17:26:05,216 INFO com.example.demo.controller.TheatreController [http-nio-8080-exec-8] get a alltheatre
2023-02-06 17:26:05,426 INFO com.example.demo.controller.TheatreController [http-nio-8080-exec-1] get a alltheatre
2023-02-06 17:26:21,609 INFO com.example.demo.controller.CinemaController [http-nio-8080-exec-3] get a allCinema
2023-02-06 17:26:45,664 INFO com.example.demo.controller.TheatreController [http-nio-8080-exec-7] get a alltheatre
2023-02-06 17:27:10,402 INFO com.example.demo.controller.CinemaController [http-nio-8080-exec-9] get a allCinema
2023-02-06 17:27:46,151 INFO com.example.demo.controller.TheatreController [http-nio-8080-exec-4] get a alltheatre
2023-02-06 17:41:01,289 INFO com.example.demo.controller.TheatreController [http-nio-8080-exec-2] get a alltheatre
2023-02-06 17:41:06,513 INFO com.example.demo.controller.CinemaController [http-nio-8080-exec-6] get a allCinema
2023-02-06 17:41:17,900 INFO com.example.demo.controller.TheatreController [http-nio-8080-exec-8] get a alltheatre
2023-02-06 17:41:27,186 INFO com.example.demo.controller.CinemaController [http-nio-8080-exec-1] get a allCinema
2023-02-06 17:41:43,607 INFO com.example.demo.controller.TheatreController [http-nio-8080-exec-3] get a alltheatre
2023-02-06 17:42:33,305 INFO com.example.demo.controller.CinemaController [http-nio-8080-exec-7] get a allCinema
2023-02-06 17:42:39,228 INFO com.example.demo.controller.TheatreController [http-nio-8080-exec-9] get a alltheatre
2023-02-06 18:01:07,527 INFO com.example.demo.controller.TheatreController [http-nio-8080-exec-5] get a alltheatre
2023-02-06 18:01:23,221 INFO com.example.demo.controller.CinemaController [http-nio-8080-exec-10] get a allCinema
2023-02-06 18:01:26,580 INFO com.example.demo.controller.TheatreController [http-nio-8080-exec-2] get a alltheatre
2023-02-06 18:01:46,908 INFO com.example.demo.controller.TheatreController [http-nio-8080-exec-7] get a alltheatre
2023-02-06 18:02:11,154 INFO com.example.demo.controller.TheatreController [http-nio-8080-exec-2] get a alltheatre
2023-02-06 18:02:15,086 INFO org.springframework.boot.devtools.autoconfigure.LocalDevToolsAutoConfiguration$RestartingClassPathChangeChangedEventListener [File Watcher] Restarting due to 3 class path changes (0 additions, 0 deletions, 3 modifications)
2023-02-06 18:02:15,182 INFO org.apache.juli.logging.DirectJDKLog [Thread-5] Pausing ProtocolHandler ["http-nio-8080"]
2023-02-06 18:02:15,183 INFO org.apache.juli.logging.DirectJDKLog [Thread-5] Stopping service [Tomcat]
2023-02-06 18:02:15,186 INFO org.apache.juli.logging.DirectJDKLog [Thread-5] Destroying Spring FrameworkServlet 'dispatcherServlet'
2023-02-06 18:02:15,196 INFO org.apache.juli.logging.DirectJDKLog [Thread-5] Stopping ProtocolHandler ["http-nio-8080"]
2023-02-06 18:02:15,203 INFO org.apache.juli.logging.DirectJDKLog [Thread-5] Destroying ProtocolHandler ["http-nio-8080"]
2023-02-06 18:02:15,219 INFO org.springframework.orm.jpa.AbstractEntityManagerFactoryBean [Thread-5] Closing JPA EntityManagerFactory for persistence unit 'default'
2023-02-06 18:02:15,245 INFO com.zaxxer.hikari.HikariDataSource [Thread-5] HikariPool-1 - Shutdown initiated...
2023-02-06 18:02:15,286 INFO com.zaxxer.hikari.HikariDataSource [Thread-5] HikariPool-1 - Shutdown completed.
2023-02-06 18:02:15,796 INFO org.springframework.boot.StartupInfoLogger [restartedMain] Starting TheatreManagementApplication using Java 17.0.4.1 on DESKTOP-2F7T33D with PID 11684 (C:\Users\ADMIN\Documents\workspace-spring-tool-suite-4-4.16.1.RELEASE\manoj\theatremanagement\target\classes started by ADMIN in C:\Users\ADMIN\Documents\workspace-spring-tool-suite-4-4.16.1.RELEASE\manoj\theatremanagement)
2023-02-06 18:02:15,797 INFO org.springframework.boot.SpringApplication [restartedMain] No active profile set, falling back to 1 default profile: "default"
2023-02-06 18:02:16,831 INFO org.springframework.data.repository.config.RepositoryConfigurationDelegate [restartedMain] Bootstrapping Spring Data JPA repositories in DEFAULT mode.
2023-02-06 18:02:16,915 INFO org.springframework.data.repository.config.RepositoryConfigurationDelegate [restartedMain] Finished Spring Data repository scanning in 83 ms. Found 7 JPA repository interfaces.
2023-02-06 18:02:17,157 INFO org.springframework.boot.web.embedded.tomcat.TomcatWebServer [restartedMain] Tomcat initialized with port(s): 8080 (http)
2023-02-06 18:02:17,159 INFO org.apache.juli.logging.DirectJDKLog [restartedMain] Initializing ProtocolHandler ["http-nio-8080"]
2023-02-06 18:02:17,159 INFO org.apache.juli.logging.DirectJDKLog [restartedMain] Starting service [Tomcat]
2023-02-06 18:02:17,160 INFO org.apache.juli.logging.DirectJDKLog [restartedMain] Starting Servlet engine: [Apache Tomcat/9.0.70]
2023-02-06 18:02:17,223 INFO org.apache.juli.logging.DirectJDKLog [restartedMain] Initializing Spring embedded WebApplicationContext
2023-02-06 18:02:17,223 INFO org.springframework.boot.web.servlet.context.ServletWebServerApplicationContext [restartedMain] Root WebApplicationContext: initialization completed in 1419 ms
2023-02-06 18:02:17,339 INFO org.hibernate.jpa.internal.util.LogHelper [restartedMain] HHH000204: Processing PersistenceUnitInfo [name: default]
2023-02-06 18:02:17,356 INFO com.zaxxer.hikari.HikariDataSource [restartedMain] HikariPool-2 - Starting...
2023-02-06 18:02:17,357 WARN com.zaxxer.hikari.util.DriverDataSource [restartedMain] Registered driver with driverClassName=com.mysql.jdbc.Driver was not found, trying direct instantiation.
2023-02-06 18:02:17,402 INFO com.zaxxer.hikari.HikariDataSource [restartedMain] HikariPool-2 - Start completed.
2023-02-06 18:02:17,402 INFO org.hibernate.dialect.Dialect [restartedMain] HHH000400: Using dialect: org.hibernate.dialect.MySQL8Dialect
2023-02-06 18:02:17,955 INFO org.hibernate.engine.transaction.jta.platform.internal.JtaPlatformInitiator [restartedMain] HHH000490: Using JtaPlatform implementation: [org.hibernate.engine.transaction.jta.platform.internal.NoJtaPlatform]
2023-02-06 18:02:17,956 INFO org.springframework.orm.jpa.AbstractEntityManagerFactoryBean [restartedMain] Initialized JPA EntityManagerFactory for persistence unit 'default'
2023-02-06 18:02:18,437 WARN org.springframework.boot.autoconfigure.orm.jpa.JpaBaseConfiguration$JpaWebConfiguration [restartedMain] spring.jpa.open-in-view is enabled by default. Therefore, database queries may be performed during view rendering. Explicitly configure spring.jpa.open-in-view to disable this warning
2023-02-06 18:02:18,548 INFO org.springframework.boot.autoconfigure.web.servlet.WelcomePageHandlerMapping [restartedMain] Adding welcome page: class path resource [static/index.html]
2023-02-06 18:02:19,242 INFO org.springframework.boot.devtools.autoconfigure.OptionalLiveReloadServer [restartedMain] LiveReload server is running on port 35729
2023-02-06 18:02:19,261 INFO org.apache.juli.logging.DirectJDKLog [restartedMain] Starting ProtocolHandler ["http-nio-8080"]
2023-02-06 18:02:19,267 INFO org.springframework.boot.web.embedded.tomcat.TomcatWebServer [restartedMain] Tomcat started on port(s): 8080 (http) with context path ''
2023-02-06 18:02:19,292 INFO org.springframework.boot.StartupInfoLogger [restartedMain] Started TheatreManagementApplication in 3.762 seconds (JVM running for 4599.314)
2023-02-06 18:02:19,316 INFO org.springframework.boot.devtools.autoconfigure.ConditionEvaluationDeltaLoggingListener [restartedMain] Condition evaluation unchanged
2023-02-06 18:02:26,377 INFO org.apache.juli.logging.DirectJDKLog [http-nio-8080-exec-1] Initializing Spring DispatcherServlet 'dispatcherServlet'
2023-02-06 18:02:26,378 INFO org.springframework.web.servlet.FrameworkServlet [http-nio-8080-exec-1] Initializing Servlet 'dispatcherServlet'
2023-02-06 18:02:26,379 INFO org.springframework.web.servlet.FrameworkServlet [http-nio-8080-exec-1] Completed initialization in 0 ms
2023-02-06 18:02:26,614 INFO com.example.demo.controller.TheatreController [http-nio-8080-exec-3] get a alltheatre
2023-02-06 18:02:39,515 INFO com.example.demo.controller.TheatreController [http-nio-8080-exec-8] get a alltheatre
2023-02-06 18:02:52,803 INFO com.example.demo.controller.TheatreController [http-nio-8080-exec-1] get a alltheatre
2023-02-06 18:03:34,639 INFO com.example.demo.controller.TheatreController [http-nio-8080-exec-7] get a alltheatre
2023-02-06 18:03:50,841 INFO com.example.demo.controller.TheatreController [http-nio-8080-exec-10] get a alltheatre
2023-02-06 18:04:03,337 INFO com.example.demo.controller.TheatreController [http-nio-8080-exec-4] get a alltheatre
2023-02-06 18:04:32,746 INFO com.example.demo.controller.TheatreController [http-nio-8080-exec-6] get a alltheatre
2023-02-06 18:05:47,011 INFO com.example.demo.controller.TheatreController [http-nio-8080-exec-4] get a alltheatre
2023-02-06 18:06:08,502 INFO com.example.demo.controller.TheatreController [http-nio-8080-exec-6] get a alltheatre
2023-02-06 18:07:03,713 INFO com.example.demo.controller.TheatreController [http-nio-8080-exec-2] get a alltheatre
2023-02-06 18:07:42,143 INFO com.example.demo.controller.TheatreController [http-nio-8080-exec-7] get a alltheatre
2023-02-06 18:12:43,463 INFO com.example.demo.controller.TheatreController [http-nio-8080-exec-2] get a alltheatre
2023-02-06 18:16:44,852 INFO com.example.demo.controller.TheatreController [http-nio-8080-exec-4] get a alltheatre
2023-02-06 18:21:20,548 INFO com.example.demo.controller.TheatreController [http-nio-8080-exec-1] get a alltheatre
2023-02-06 18:23:59,366 INFO com.example.demo.controller.TheatreController [http-nio-8080-exec-8] get a alltheatre
2023-02-06 18:24:04,995 INFO com.example.demo.controller.CinemaController [http-nio-8080-exec-9] get a allCinema
2023-02-06 18:26:09,381 INFO com.example.demo.controller.TheatreController [http-nio-8080-exec-4] get a alltheatre
2023-02-06 18:31:23,514 INFO com.example.demo.controller.TheatreController [http-nio-8080-exec-1] get a alltheatre
2023-02-06 18:31:27,712 INFO com.example.demo.controller.CinemaController [http-nio-8080-exec-4] get a allCinema
2023-02-06 18:32:45,789 INFO com.example.demo.controller.TheatreController [http-nio-8080-exec-10] get a alltheatre
2023-02-06 18:32:49,632 INFO com.example.demo.controller.CinemaController [http-nio-8080-exec-3] get a allCinema
2023-02-06 18:36:22,816 INFO com.example.demo.controller.TheatreController [http-nio-8080-exec-9] get a alltheatre
2023-02-06 18:36:26,393 INFO com.example.demo.controller.CinemaController [http-nio-8080-exec-2] get a allCinema
2023-02-06 18:37:37,954 INFO com.example.demo.controller.TheatreController [http-nio-8080-exec-8] get a alltheatre
2023-02-06 18:37:40,671 INFO com.example.demo.controller.CinemaController [http-nio-8080-exec-10] get a allCinema
2023-02-06 18:42:49,604 INFO com.example.demo.controller.TheatreController [http-nio-8080-exec-7] get a alltheatre
2023-02-06 18:42:51,815 INFO com.example.demo.controller.CinemaController [http-nio-8080-exec-9] get a allCinema
2023-02-06 18:43:33,567 INFO com.example.demo.controller.TheatreController [http-nio-8080-exec-3] get a alltheatre
2023-02-06 18:43:35,878 INFO com.example.demo.controller.CinemaController [http-nio-8080-exec-7] get a allCinema
2023-02-06 18:45:02,527 INFO com.example.demo.controller.TheatreController [http-nio-8080-exec-2] get a alltheatre
2023-02-06 18:45:25,725 INFO com.example.demo.controller.CinemaController [http-nio-8080-exec-5] get a allCinema
2023-02-06 18:47:41,580 INFO com.example.demo.controller.TheatreController [http-nio-8080-exec-1] get a alltheatre
2023-02-06 18:47:46,891 INFO com.example.demo.controller.TheatreController [http-nio-8080-exec-5] get a alltheatre
2023-02-06 18:47:51,717 INFO com.example.demo.controller.CinemaController [http-nio-8080-exec-6] get a allCinema
2023-02-06 18:49:13,746 INFO com.example.demo.controller.TheatreController [http-nio-8080-exec-4] get a alltheatre
2023-02-06 18:49:16,204 INFO com.example.demo.controller.CinemaController [http-nio-8080-exec-8] get a allCinema
2023-02-06 18:51:48,142 INFO org.springframework.boot.devtools.autoconfigure.LocalDevToolsAutoConfiguration$RestartingClassPathChangeChangedEventListener [File Watcher] Restarting due to 1 class path change (0 additions, 0 deletions, 1 modification)
2023-02-06 18:51:48,159 INFO org.apache.juli.logging.DirectJDKLog [Thread-7] Pausing ProtocolHandler ["http-nio-8080"]
2023-02-06 18:51:48,160 INFO org.apache.juli.logging.DirectJDKLog [Thread-7] Stopping service [Tomcat]
2023-02-06 18:51:48,161 INFO org.apache.juli.logging.DirectJDKLog [Thread-7] Destroying Spring FrameworkServlet 'dispatcherServlet'
2023-02-06 18:51:48,168 INFO org.apache.juli.logging.DirectJDKLog [Thread-7] Stopping ProtocolHandler ["http-nio-8080"]
2023-02-06 18:51:48,174 INFO org.apache.juli.logging.DirectJDKLog [Thread-7] Destroying ProtocolHandler ["http-nio-8080"]
2023-02-06 18:51:48,180 INFO org.springframework.orm.jpa.AbstractEntityManagerFactoryBean [Thread-7] Closing JPA EntityManagerFactory for persistence unit 'default'
2023-02-06 18:51:48,181 INFO com.zaxxer.hikari.HikariDataSource [Thread-7] HikariPool-2 - Shutdown initiated...
2023-02-06 18:51:48,195 INFO com.zaxxer.hikari.HikariDataSource [Thread-7] HikariPool-2 - Shutdown completed.
2023-02-06 18:51:48,381 INFO org.springframework.boot.StartupInfoLogger [restartedMain] Starting TheatreManagementApplication using Java 17.0.4.1 on DESKTOP-2F7T33D with PID 11684 (C:\Users\ADMIN\Documents\workspace-spring-tool-suite-4-4.16.1.RELEASE\manoj\theatremanagement\target\classes started by ADMIN in C:\Users\ADMIN\Documents\workspace-spring-tool-suite-4-4.16.1.RELEASE\manoj\theatremanagement)
2023-02-06 18:51:48,382 INFO org.springframework.boot.SpringApplication [restartedMain] No active profile set, falling back to 1 default profile: "default"
2023-02-06 18:51:48,711 INFO org.springframework.data.repository.config.RepositoryConfigurationDelegate [restartedMain] Bootstrapping Spring Data JPA repositories in DEFAULT mode.
2023-02-06 18:51:48,754 INFO org.springframework.data.repository.config.RepositoryConfigurationDelegate [restartedMain] Finished Spring Data repository scanning in 43 ms. Found 7 JPA repository interfaces.
2023-02-06 18:51:48,872 INFO org.springframework.boot.web.embedded.tomcat.TomcatWebServer [restartedMain] Tomcat initialized with port(s): 8080 (http)
2023-02-06 18:51:48,873 INFO org.apache.juli.logging.DirectJDKLog [restartedMain] Initializing ProtocolHandler ["http-nio-8080"]
2023-02-06 18:51:48,873 INFO org.apache.juli.logging.DirectJDKLog [restartedMain] Starting service [Tomcat]
2023-02-06 18:51:48,873 INFO org.apache.juli.logging.DirectJDKLog [restartedMain] Starting Servlet engine: [Apache Tomcat/9.0.70]
2023-02-06 18:51:48,903 INFO org.apache.juli.logging.DirectJDKLog [restartedMain] Initializing Spring embedded WebApplicationContext
2023-02-06 18:51:48,904 INFO org.springframework.boot.web.servlet.context.ServletWebServerApplicationContext [restartedMain] Root WebApplicationContext: initialization completed in 519 ms
2023-02-06 18:51:48,949 INFO org.hibernate.jpa.internal.util.LogHelper [restartedMain] HHH000204: Processing PersistenceUnitInfo [name: default]
2023-02-06 18:51:48,963 INFO com.zaxxer.hikari.HikariDataSource [restartedMain] HikariPool-3 - Starting...
2023-02-06 18:51:48,963 WARN com.zaxxer.hikari.util.DriverDataSource [restartedMain] Registered driver with driverClassName=com.mysql.jdbc.Driver was not found, trying direct instantiation.
2023-02-06 18:51:48,982 INFO com.zaxxer.hikari.HikariDataSource [restartedMain] HikariPool-3 - Start completed.
2023-02-06 18:51:48,983 INFO org.hibernate.dialect.Dialect [restartedMain] HHH000400: Using dialect: org.hibernate.dialect.MySQL8Dialect
2023-02-06 18:51:49,295 INFO org.hibernate.engine.transaction.jta.platform.internal.JtaPlatformInitiator [restartedMain] HHH000490: Using JtaPlatform implementation: [org.hibernate.engine.transaction.jta.platform.internal.NoJtaPlatform]
2023-02-06 18:51:49,296 INFO org.springframework.orm.jpa.AbstractEntityManagerFactoryBean [restartedMain] Initialized JPA EntityManagerFactory for persistence unit 'default'
2023-02-06 18:51:49,548 WARN org.springframework.boot.autoconfigure.orm.jpa.JpaBaseConfiguration$JpaWebConfiguration [restartedMain] spring.jpa.open-in-view is enabled by default. Therefore, database queries may be performed during view rendering. Explicitly configure spring.jpa.open-in-view to disable this warning
2023-02-06 18:51:49,606 INFO org.springframework.boot.autoconfigure.web.servlet.WelcomePageHandlerMapping [restartedMain] Adding welcome page: class path resource [static/index.html]
2023-02-06 18:51:50,076 INFO org.springframework.boot.devtools.autoconfigure.OptionalLiveReloadServer [restartedMain] LiveReload server is running on port 35729
2023-02-06 18:51:50,088 INFO org.apache.juli.logging.DirectJDKLog [restartedMain] Starting ProtocolHandler ["http-nio-8080"]
2023-02-06 18:51:50,093 INFO org.springframework.boot.web.embedded.tomcat.TomcatWebServer [restartedMain] Tomcat started on port(s): 8080 (http) with context path ''
2023-02-06 18:51:50,109 INFO org.springframework.boot.StartupInfoLogger [restartedMain] Started TheatreManagementApplication in 1.794 seconds (JVM running for 7570.131)
2023-02-06 18:51:50,134 INFO org.springframework.boot.devtools.autoconfigure.ConditionEvaluationDeltaLoggingListener [restartedMain] Condition evaluation unchanged
2023-02-06 18:52:17,732 INFO org.apache.juli.logging.DirectJDKLog [http-nio-8080-exec-1] Initializing Spring DispatcherServlet 'dispatcherServlet'
2023-02-06 18:52:17,734 INFO org.springframework.web.servlet.FrameworkServlet [http-nio-8080-exec-1] Initializing Servlet 'dispatcherServlet'
2023-02-06 18:52:17,736 INFO org.springframework.web.servlet.FrameworkServlet [http-nio-8080-exec-1] Completed initialization in 2 ms
2023-02-06 18:52:18,341 INFO com.example.demo.controller.TheatreController [http-nio-8080-exec-3] get a alltheatre
2023-02-06 18:52:20,891 INFO com.example.demo.controller.CinemaController [http-nio-8080-exec-6] get a allCinema
2023-02-06 18:58:17,470 INFO com.example.demo.controller.CinemaController [http-nio-8080-exec-2] get a allCinema
2023-02-06 18:58:36,739 INFO com.example.demo.controller.CinemaController [http-nio-8080-exec-4] get a allCinema
2023-02-06 18:59:32,906 INFO com.example.demo.controller.CinemaController [http-nio-8080-exec-6] get a allCinema
2023-02-06 19:07:06,113 INFO com.example.demo.controller.TheatreController [http-nio-8080-exec-7] get a alltheatre
2023-02-06 19:07:11,256 INFO com.example.demo.controller.CinemaController [http-nio-8080-exec-3] get a allCinema
2023-02-06 19:09:58,636 INFO com.example.demo.controller.ShowDetailsController [http-nio-8080-exec-8] creat ShowDetails
2023-02-06 19:11:00,253 INFO com.example.demo.controller.TheatreController [http-nio-8080-exec-1] get a alltheatre
2023-02-06 19:11:03,728 INFO com.example.demo.controller.CinemaController [http-nio-8080-exec-4] get a allCinema
2023-02-06 19:11:14,344 INFO com.example.demo.controller.ShowDetailsController [http-nio-8080-exec-5] creat ShowDetails
2023-02-06 19:11:28,553 WARN org.springframework.web.servlet.handler.AbstractHandlerExceptionResolver [http-nio-8080-exec-6] Resolved [org.springframework.web.method.annotation.MethodArgumentTypeMismatchException: Failed to convert value of type 'java.lang.String' to required type 'long'; nested exception is java.lang.NumberFormatException: For input string: "undefined"]
2023-02-06 19:25:01,199 INFO org.springframework.boot.admin.SpringApplicationAdminMXBeanRegistrar$SpringApplicationAdmin [RMI TCP Connection(184)-127.0.0.1] Application shutdown requested.
2023-02-06 19:25:01,233 INFO org.apache.juli.logging.DirectJDKLog [RMI TCP Connection(184)-127.0.0.1] Pausing ProtocolHandler ["http-nio-8080"]
2023-02-06 19:25:01,234 INFO org.apache.juli.logging.DirectJDKLog [RMI TCP Connection(184)-127.0.0.1] Stopping service [Tomcat]
2023-02-06 19:25:01,235 INFO org.apache.juli.logging.DirectJDKLog [RMI TCP Connection(184)-127.0.0.1] Destroying Spring FrameworkServlet 'dispatcherServlet'
2023-02-06 19:25:01,240 INFO org.apache.juli.logging.DirectJDKLog [RMI TCP Connection(184)-127.0.0.1] Stopping ProtocolHandler ["http-nio-8080"]
2023-02-06 19:25:01,244 INFO org.apache.juli.logging.DirectJDKLog [RMI TCP Connection(184)-127.0.0.1] Destroying ProtocolHandler ["http-nio-8080"]
2023-02-06 19:25:01,247 INFO org.springframework.orm.jpa.AbstractEntityManagerFactoryBean [RMI TCP Connection(184)-127.0.0.1] Closing JPA EntityManagerFactory for persistence unit 'default'
2023-02-06 19:25:01,248 INFO com.zaxxer.hikari.HikariDataSource [RMI TCP Connection(184)-127.0.0.1] HikariPool-3 - Shutdown initiated...
2023-02-06 19:25:01,255 INFO com.zaxxer.hikari.HikariDataSource [RMI TCP Connection(184)-127.0.0.1] HikariPool-3 - Shutdown completed.
