2023-02-16 09:26:44,605 INFO org.hibernate.validator.internal.util.Version [background-preinit] HV000001: Hibernate Validator 6.2.5.Final
2023-02-16 09:26:44,609 INFO org.springframework.boot.StartupInfoLogger [restartedMain] Starting TheatreManagementApplication using Java 17.0.4.1 on DESKTOP-2F7T33D with PID 9068 (C:\Users\ADMIN\Documents\workspace-spring-tool-suite-4-4.16.1.RELEASE\manoj\theatremanagement\target\classes started by ADMIN in C:\Users\ADMIN\Documents\workspace-spring-tool-suite-4-4.16.1.RELEASE\manoj\theatremanagement)
2023-02-16 09:26:44,611 INFO org.springframework.boot.SpringApplication [restartedMain] No active profile set, falling back to 1 default profile: "default"
2023-02-16 09:26:44,709 INFO org.springframework.boot.logging.DeferredLog [restartedMain] Devtools property defaults active! Set 'spring.devtools.add-properties' to 'false' to disable
2023-02-16 09:26:44,709 INFO org.springframework.boot.logging.DeferredLog [restartedMain] For additional web related logging consider setting the 'logging.level.web' property to 'DEBUG'
2023-02-16 09:26:45,888 INFO org.springframework.data.repository.config.RepositoryConfigurationDelegate [restartedMain] Bootstrapping Spring Data JPA repositories in DEFAULT mode.
2023-02-16 09:26:46,014 INFO org.springframework.data.repository.config.RepositoryConfigurationDelegate [restartedMain] Finished Spring Data repository scanning in 110 ms. Found 7 JPA repository interfaces.
2023-02-16 09:26:46,895 INFO org.springframework.boot.web.embedded.tomcat.TomcatWebServer [restartedMain] Tomcat initialized with port(s): 8080 (http)
2023-02-16 09:26:46,916 INFO org.apache.juli.logging.DirectJDKLog [restartedMain] Initializing ProtocolHandler ["http-nio-8080"]
2023-02-16 09:26:46,917 INFO org.apache.juli.logging.DirectJDKLog [restartedMain] Starting service [Tomcat]
2023-02-16 09:26:46,918 INFO org.apache.juli.logging.DirectJDKLog [restartedMain] Starting Servlet engine: [Apache Tomcat/9.0.70]
2023-02-16 09:26:47,067 INFO org.apache.juli.logging.DirectJDKLog [restartedMain] Initializing Spring embedded WebApplicationContext
2023-02-16 09:26:47,068 INFO org.springframework.boot.web.servlet.context.ServletWebServerApplicationContext [restartedMain] Root WebApplicationContext: initialization completed in 2357 ms
2023-02-16 09:26:47,287 INFO org.hibernate.jpa.internal.util.LogHelper [restartedMain] HHH000204: Processing PersistenceUnitInfo [name: default]
2023-02-16 09:26:47,394 INFO org.hibernate.Version [restartedMain] HHH000412: Hibernate ORM core version 5.6.14.Final
2023-02-16 09:26:47,681 INFO org.hibernate.annotations.common.reflection.java.JavaReflectionManager [restartedMain] HCANN000001: Hibernate Commons Annotations {5.1.2.Final}
2023-02-16 09:26:47,883 INFO com.zaxxer.hikari.HikariDataSource [restartedMain] HikariPool-1 - Starting...
2023-02-16 09:26:47,894 WARN com.zaxxer.hikari.util.DriverDataSource [restartedMain] Registered driver with driverClassName=com.mysql.jdbc.Driver was not found, trying direct instantiation.
2023-02-16 09:26:48,463 INFO com.zaxxer.hikari.HikariDataSource [restartedMain] HikariPool-1 - Start completed.
2023-02-16 09:26:48,514 INFO org.hibernate.dialect.Dialect [restartedMain] HHH000400: Using dialect: org.hibernate.dialect.MySQL8Dialect
2023-02-16 09:26:50,093 INFO org.hibernate.engine.transaction.jta.platform.internal.JtaPlatformInitiator [restartedMain] HHH000490: Using JtaPlatform implementation: [org.hibernate.engine.transaction.jta.platform.internal.NoJtaPlatform]
2023-02-16 09:26:50,109 INFO org.springframework.orm.jpa.AbstractEntityManagerFactoryBean [restartedMain] Initialized JPA EntityManagerFactory for persistence unit 'default'
2023-02-16 09:26:50,923 WARN org.springframework.boot.autoconfigure.orm.jpa.JpaBaseConfiguration$JpaWebConfiguration [restartedMain] spring.jpa.open-in-view is enabled by default. Therefore, database queries may be performed during view rendering. Explicitly configure spring.jpa.open-in-view to disable this warning
2023-02-16 09:26:51,134 INFO org.springframework.boot.autoconfigure.web.servlet.WelcomePageHandlerMapping [restartedMain] Adding welcome page: class path resource [static/index.html]
2023-02-16 09:26:52,414 INFO org.springframework.boot.devtools.autoconfigure.OptionalLiveReloadServer [restartedMain] LiveReload server is running on port 35729
2023-02-16 09:26:52,451 INFO org.apache.juli.logging.DirectJDKLog [restartedMain] Starting ProtocolHandler ["http-nio-8080"]
2023-02-16 09:26:52,504 INFO org.springframework.boot.web.embedded.tomcat.TomcatWebServer [restartedMain] Tomcat started on port(s): 8080 (http) with context path ''
2023-02-16 09:26:52,523 INFO org.springframework.boot.StartupInfoLogger [restartedMain] Started TheatreManagementApplication in 8.593 seconds (JVM running for 9.835)
2023-02-16 09:27:14,350 INFO org.apache.juli.logging.DirectJDKLog [http-nio-8080-exec-1] Initializing Spring DispatcherServlet 'dispatcherServlet'
2023-02-16 09:27:14,351 INFO org.springframework.web.servlet.FrameworkServlet [http-nio-8080-exec-1] Initializing Servlet 'dispatcherServlet'
2023-02-16 09:27:14,354 INFO org.springframework.web.servlet.FrameworkServlet [http-nio-8080-exec-1] Completed initialization in 3 ms
2023-02-16 09:27:23,660 INFO com.example.demo.controller.UserController [http-nio-8080-exec-6] login User
2023-02-16 09:27:23,882 WARN org.springframework.web.servlet.handler.AbstractHandlerExceptionResolver [http-nio-8080-exec-6] Resolved [com.example.demo.exceptionhandler.NotFoundException: invalid email and password]
2023-02-16 09:27:24,566 INFO com.example.demo.controller.UserController [http-nio-8080-exec-7] login User
2023-02-16 09:27:24,572 WARN org.springframework.web.servlet.handler.AbstractHandlerExceptionResolver [http-nio-8080-exec-7] Resolved [com.example.demo.exceptionhandler.NotFoundException: invalid email and password]
2023-02-16 09:27:25,653 INFO com.example.demo.controller.UserController [http-nio-8080-exec-8] login User
2023-02-16 09:27:25,659 WARN org.springframework.web.servlet.handler.AbstractHandlerExceptionResolver [http-nio-8080-exec-8] Resolved [com.example.demo.exceptionhandler.NotFoundException: invalid email and password]
2023-02-16 09:28:00,093 INFO com.example.demo.controller.UserController [http-nio-8080-exec-9] login User
2023-02-16 09:28:00,230 INFO com.example.demo.controller.CinemaController [http-nio-8080-exec-2] get a allCinema
2023-02-16 09:45:10,485 INFO com.example.demo.controller.CinemaController [http-nio-8080-exec-3] get a allCinema
2023-02-16 09:45:20,203 INFO org.springframework.boot.devtools.autoconfigure.LocalDevToolsAutoConfiguration$RestartingClassPathChangeChangedEventListener [File Watcher] Restarting due to 3 class path changes (0 additions, 0 deletions, 3 modifications)
2023-02-16 09:45:20,243 INFO org.apache.juli.logging.DirectJDKLog [Thread-5] Pausing ProtocolHandler ["http-nio-8080"]
2023-02-16 09:45:20,244 INFO org.apache.juli.logging.DirectJDKLog [Thread-5] Stopping service [Tomcat]
2023-02-16 09:45:20,247 INFO org.apache.juli.logging.DirectJDKLog [Thread-5] Destroying Spring FrameworkServlet 'dispatcherServlet'
2023-02-16 09:45:20,252 INFO org.apache.juli.logging.DirectJDKLog [Thread-5] Stopping ProtocolHandler ["http-nio-8080"]
2023-02-16 09:45:20,258 INFO org.apache.juli.logging.DirectJDKLog [Thread-5] Destroying ProtocolHandler ["http-nio-8080"]
2023-02-16 09:45:20,273 INFO org.springframework.orm.jpa.AbstractEntityManagerFactoryBean [Thread-5] Closing JPA EntityManagerFactory for persistence unit 'default'
2023-02-16 09:45:20,279 INFO com.zaxxer.hikari.HikariDataSource [Thread-5] HikariPool-1 - Shutdown initiated...
2023-02-16 09:45:20,320 INFO com.zaxxer.hikari.HikariDataSource [Thread-5] HikariPool-1 - Shutdown completed.
2023-02-16 09:45:20,629 INFO org.springframework.boot.StartupInfoLogger [restartedMain] Starting TheatreManagementApplication using Java 17.0.4.1 on DESKTOP-2F7T33D with PID 9068 (C:\Users\ADMIN\Documents\workspace-spring-tool-suite-4-4.16.1.RELEASE\manoj\theatremanagement\target\classes started by ADMIN in C:\Users\ADMIN\Documents\workspace-spring-tool-suite-4-4.16.1.RELEASE\manoj\theatremanagement)
2023-02-16 09:45:20,630 INFO org.springframework.boot.SpringApplication [restartedMain] No active profile set, falling back to 1 default profile: "default"
2023-02-16 09:45:21,965 INFO org.springframework.data.repository.config.RepositoryConfigurationDelegate [restartedMain] Bootstrapping Spring Data JPA repositories in DEFAULT mode.
2023-02-16 09:45:22,021 INFO org.springframework.data.repository.config.RepositoryConfigurationDelegate [restartedMain] Finished Spring Data repository scanning in 55 ms. Found 7 JPA repository interfaces.
2023-02-16 09:45:22,237 INFO org.springframework.boot.web.embedded.tomcat.TomcatWebServer [restartedMain] Tomcat initialized with port(s): 8080 (http)
2023-02-16 09:45:22,238 INFO org.apache.juli.logging.DirectJDKLog [restartedMain] Initializing ProtocolHandler ["http-nio-8080"]
2023-02-16 09:45:22,239 INFO org.apache.juli.logging.DirectJDKLog [restartedMain] Starting service [Tomcat]
2023-02-16 09:45:22,239 INFO org.apache.juli.logging.DirectJDKLog [restartedMain] Starting Servlet engine: [Apache Tomcat/9.0.70]
2023-02-16 09:45:22,284 INFO org.apache.juli.logging.DirectJDKLog [restartedMain] Initializing Spring embedded WebApplicationContext
2023-02-16 09:45:22,285 INFO org.springframework.boot.web.servlet.context.ServletWebServerApplicationContext [restartedMain] Root WebApplicationContext: initialization completed in 1621 ms
2023-02-16 09:45:22,404 INFO org.hibernate.jpa.internal.util.LogHelper [restartedMain] HHH000204: Processing PersistenceUnitInfo [name: default]
2023-02-16 09:45:22,419 INFO com.zaxxer.hikari.HikariDataSource [restartedMain] HikariPool-2 - Starting...
2023-02-16 09:45:22,419 WARN com.zaxxer.hikari.util.DriverDataSource [restartedMain] Registered driver with driverClassName=com.mysql.jdbc.Driver was not found, trying direct instantiation.
2023-02-16 09:45:22,471 INFO com.zaxxer.hikari.HikariDataSource [restartedMain] HikariPool-2 - Start completed.
2023-02-16 09:45:22,472 INFO org.hibernate.dialect.Dialect [restartedMain] HHH000400: Using dialect: org.hibernate.dialect.MySQL8Dialect
2023-02-16 09:45:22,989 INFO org.hibernate.engine.transaction.jta.platform.internal.JtaPlatformInitiator [restartedMain] HHH000490: Using JtaPlatform implementation: [org.hibernate.engine.transaction.jta.platform.internal.NoJtaPlatform]
2023-02-16 09:45:22,990 INFO org.springframework.orm.jpa.AbstractEntityManagerFactoryBean [restartedMain] Initialized JPA EntityManagerFactory for persistence unit 'default'
2023-02-16 09:45:23,423 WARN org.springframework.boot.autoconfigure.orm.jpa.JpaBaseConfiguration$JpaWebConfiguration [restartedMain] spring.jpa.open-in-view is enabled by default. Therefore, database queries may be performed during view rendering. Explicitly configure spring.jpa.open-in-view to disable this warning
2023-02-16 09:45:23,541 INFO org.springframework.boot.autoconfigure.web.servlet.WelcomePageHandlerMapping [restartedMain] Adding welcome page: class path resource [static/index.html]
2023-02-16 09:45:25,589 INFO org.springframework.boot.devtools.autoconfigure.OptionalLiveReloadServer [restartedMain] LiveReload server is running on port 35729
2023-02-16 09:45:25,606 INFO org.apache.juli.logging.DirectJDKLog [restartedMain] Starting ProtocolHandler ["http-nio-8080"]
2023-02-16 09:45:25,614 INFO org.springframework.boot.web.embedded.tomcat.TomcatWebServer [restartedMain] Tomcat started on port(s): 8080 (http) with context path ''
2023-02-16 09:45:25,628 INFO org.springframework.boot.StartupInfoLogger [restartedMain] Started TheatreManagementApplication in 5.179 seconds (JVM running for 1122.94)
2023-02-16 09:45:25,631 INFO org.springframework.boot.devtools.autoconfigure.ConditionEvaluationDeltaLoggingListener [restartedMain] Condition evaluation unchanged
2023-02-16 09:46:59,459 INFO org.apache.juli.logging.DirectJDKLog [http-nio-8080-exec-2] Initializing Spring DispatcherServlet 'dispatcherServlet'
2023-02-16 09:46:59,461 INFO org.springframework.web.servlet.FrameworkServlet [http-nio-8080-exec-2] Initializing Servlet 'dispatcherServlet'
2023-02-16 09:46:59,463 INFO org.springframework.web.servlet.FrameworkServlet [http-nio-8080-exec-2] Completed initialization in 1 ms
2023-02-16 09:46:59,591 INFO com.example.demo.controller.CinemaController [http-nio-8080-exec-5] get a allCinema
2023-02-16 09:47:00,867 WARN org.springframework.web.servlet.handler.AbstractHandlerExceptionResolver [http-nio-8080-exec-4] Resolved [org.springframework.web.method.annotation.MethodArgumentTypeMismatchException: Failed to convert value of type 'java.lang.String' to required type 'long'; nested exception is java.lang.NumberFormatException: For input string: "cinemaId8"]
2023-02-16 09:47:01,484 WARN org.springframework.web.servlet.handler.AbstractHandlerExceptionResolver [http-nio-8080-exec-7] Resolved [org.springframework.web.method.annotation.MethodArgumentTypeMismatchException: Failed to convert value of type 'java.lang.String' to required type 'long'; nested exception is java.lang.NumberFormatException: For input string: "cinemaId8"]
2023-02-16 09:47:02,317 WARN org.springframework.web.servlet.handler.AbstractHandlerExceptionResolver [http-nio-8080-exec-10] Resolved [org.springframework.web.method.annotation.MethodArgumentTypeMismatchException: Failed to convert value of type 'java.lang.String' to required type 'long'; nested exception is java.lang.NumberFormatException: For input string: "cinemaId8"]
2023-02-16 09:47:03,580 WARN org.springframework.web.servlet.handler.AbstractHandlerExceptionResolver [http-nio-8080-exec-9] Resolved [org.springframework.web.method.annotation.MethodArgumentTypeMismatchException: Failed to convert value of type 'java.lang.String' to required type 'long'; nested exception is java.lang.NumberFormatException: For input string: "cinemaId2"]
2023-02-16 09:49:27,337 INFO com.example.demo.controller.CinemaController [http-nio-8080-exec-2] get a allCinema
2023-02-16 12:53:23,554 INFO org.springframework.boot.admin.SpringApplicationAdminMXBeanRegistrar$SpringApplicationAdmin [RMI TCP Connection(256)-127.0.0.1] Application shutdown requested.
2023-02-16 12:53:23,584 INFO org.apache.juli.logging.DirectJDKLog [RMI TCP Connection(256)-127.0.0.1] Pausing ProtocolHandler ["http-nio-8080"]
2023-02-16 12:53:23,584 INFO org.apache.juli.logging.DirectJDKLog [RMI TCP Connection(256)-127.0.0.1] Stopping service [Tomcat]
2023-02-16 12:53:23,589 INFO org.apache.juli.logging.DirectJDKLog [RMI TCP Connection(256)-127.0.0.1] Destroying Spring FrameworkServlet 'dispatcherServlet'
2023-02-16 12:53:23,599 INFO org.apache.juli.logging.DirectJDKLog [RMI TCP Connection(256)-127.0.0.1] Stopping ProtocolHandler ["http-nio-8080"]
2023-02-16 12:53:23,605 INFO org.apache.juli.logging.DirectJDKLog [RMI TCP Connection(256)-127.0.0.1] Destroying ProtocolHandler ["http-nio-8080"]
2023-02-16 12:53:23,611 INFO org.springframework.orm.jpa.AbstractEntityManagerFactoryBean [RMI TCP Connection(256)-127.0.0.1] Closing JPA EntityManagerFactory for persistence unit 'default'
2023-02-16 12:53:23,615 INFO com.zaxxer.hikari.HikariDataSource [RMI TCP Connection(256)-127.0.0.1] HikariPool-2 - Shutdown initiated...
2023-02-16 12:53:23,622 INFO com.zaxxer.hikari.HikariDataSource [RMI TCP Connection(256)-127.0.0.1] HikariPool-2 - Shutdown completed.
2023-02-16 15:49:41,544 INFO org.springframework.boot.StartupInfoLogger [restartedMain] Starting TheatreManagementApplication using Java 17.0.4.1 on DESKTOP-2F7T33D with PID 15412 (C:\Users\ADMIN\Documents\workspace-spring-tool-suite-4-4.16.1.RELEASE\manoj\theatremanagement\target\classes started by ADMIN in C:\Users\ADMIN\Documents\workspace-spring-tool-suite-4-4.16.1.RELEASE\manoj\theatremanagement)
2023-02-16 15:49:41,548 INFO org.springframework.boot.SpringApplication [restartedMain] No active profile set, falling back to 1 default profile: "default"
2023-02-16 15:49:41,550 INFO org.hibernate.validator.internal.util.Version [background-preinit] HV000001: Hibernate Validator 6.2.5.Final
2023-02-16 15:49:41,634 INFO org.springframework.boot.logging.DeferredLog [restartedMain] Devtools property defaults active! Set 'spring.devtools.add-properties' to 'false' to disable
2023-02-16 15:49:41,635 INFO org.springframework.boot.logging.DeferredLog [restartedMain] For additional web related logging consider setting the 'logging.level.web' property to 'DEBUG'
2023-02-16 15:49:42,966 INFO org.springframework.data.repository.config.RepositoryConfigurationDelegate [restartedMain] Bootstrapping Spring Data JPA repositories in DEFAULT mode.
2023-02-16 15:49:43,084 INFO org.springframework.data.repository.config.RepositoryConfigurationDelegate [restartedMain] Finished Spring Data repository scanning in 104 ms. Found 7 JPA repository interfaces.
2023-02-16 15:49:43,881 INFO org.springframework.boot.web.embedded.tomcat.TomcatWebServer [restartedMain] Tomcat initialized with port(s): 8080 (http)
2023-02-16 15:49:43,897 INFO org.apache.juli.logging.DirectJDKLog [restartedMain] Initializing ProtocolHandler ["http-nio-8080"]
2023-02-16 15:49:43,899 INFO org.apache.juli.logging.DirectJDKLog [restartedMain] Starting service [Tomcat]
2023-02-16 15:49:43,899 INFO org.apache.juli.logging.DirectJDKLog [restartedMain] Starting Servlet engine: [Apache Tomcat/9.0.70]
2023-02-16 15:49:44,023 INFO org.apache.juli.logging.DirectJDKLog [restartedMain] Initializing Spring embedded WebApplicationContext
2023-02-16 15:49:44,024 INFO org.springframework.boot.web.servlet.context.ServletWebServerApplicationContext [restartedMain] Root WebApplicationContext: initialization completed in 2388 ms
2023-02-16 15:49:44,234 INFO org.hibernate.jpa.internal.util.LogHelper [restartedMain] HHH000204: Processing PersistenceUnitInfo [name: default]
2023-02-16 15:49:44,339 INFO org.hibernate.Version [restartedMain] HHH000412: Hibernate ORM core version 5.6.14.Final
2023-02-16 15:49:44,587 INFO org.hibernate.annotations.common.reflection.java.JavaReflectionManager [restartedMain] HCANN000001: Hibernate Commons Annotations {5.1.2.Final}
2023-02-16 15:49:44,733 INFO com.zaxxer.hikari.HikariDataSource [restartedMain] HikariPool-1 - Starting...
2023-02-16 15:49:44,740 WARN com.zaxxer.hikari.util.DriverDataSource [restartedMain] Registered driver with driverClassName=com.mysql.jdbc.Driver was not found, trying direct instantiation.
2023-02-16 15:49:45,152 INFO com.zaxxer.hikari.HikariDataSource [restartedMain] HikariPool-1 - Start completed.
2023-02-16 15:49:45,198 INFO org.hibernate.dialect.Dialect [restartedMain] HHH000400: Using dialect: org.hibernate.dialect.MySQL8Dialect
2023-02-16 15:49:46,419 INFO org.hibernate.engine.transaction.jta.platform.internal.JtaPlatformInitiator [restartedMain] HHH000490: Using JtaPlatform implementation: [org.hibernate.engine.transaction.jta.platform.internal.NoJtaPlatform]
2023-02-16 15:49:46,431 INFO org.springframework.orm.jpa.AbstractEntityManagerFactoryBean [restartedMain] Initialized JPA EntityManagerFactory for persistence unit 'default'
2023-02-16 15:49:47,167 WARN org.springframework.boot.autoconfigure.orm.jpa.JpaBaseConfiguration$JpaWebConfiguration [restartedMain] spring.jpa.open-in-view is enabled by default. Therefore, database queries may be performed during view rendering. Explicitly configure spring.jpa.open-in-view to disable this warning
2023-02-16 15:49:47,360 INFO org.springframework.boot.autoconfigure.web.servlet.WelcomePageHandlerMapping [restartedMain] Adding welcome page: class path resource [static/index.html]
2023-02-16 15:49:48,201 INFO org.springframework.boot.devtools.autoconfigure.OptionalLiveReloadServer [restartedMain] LiveReload server is running on port 35729
2023-02-16 15:49:48,235 INFO org.apache.juli.logging.DirectJDKLog [restartedMain] Starting ProtocolHandler ["http-nio-8080"]
2023-02-16 15:49:48,280 INFO org.springframework.boot.web.embedded.tomcat.TomcatWebServer [restartedMain] Tomcat started on port(s): 8080 (http) with context path ''
2023-02-16 15:49:48,295 INFO org.springframework.boot.StartupInfoLogger [restartedMain] Started TheatreManagementApplication in 7.413 seconds (JVM running for 10.754)
2023-02-16 15:50:22,089 INFO org.springframework.boot.devtools.autoconfigure.LocalDevToolsAutoConfiguration$RestartingClassPathChangeChangedEventListener [File Watcher] Restarting due to 1 class path change (0 additions, 0 deletions, 1 modification)
2023-02-16 15:50:22,104 INFO org.apache.juli.logging.DirectJDKLog [Thread-5] Pausing ProtocolHandler ["http-nio-8080"]
2023-02-16 15:50:22,105 INFO org.apache.juli.logging.DirectJDKLog [Thread-5] Stopping service [Tomcat]
2023-02-16 15:50:22,110 INFO org.apache.juli.logging.DirectJDKLog [Thread-5] Stopping ProtocolHandler ["http-nio-8080"]
2023-02-16 15:50:22,113 INFO org.apache.juli.logging.DirectJDKLog [Thread-5] Destroying ProtocolHandler ["http-nio-8080"]
2023-02-16 15:50:22,120 INFO org.springframework.orm.jpa.AbstractEntityManagerFactoryBean [Thread-5] Closing JPA EntityManagerFactory for persistence unit 'default'
2023-02-16 15:50:22,123 INFO com.zaxxer.hikari.HikariDataSource [Thread-5] HikariPool-1 - Shutdown initiated...
2023-02-16 15:50:22,133 INFO com.zaxxer.hikari.HikariDataSource [Thread-5] HikariPool-1 - Shutdown completed.
2023-02-16 15:50:22,248 INFO org.springframework.boot.StartupInfoLogger [restartedMain] Starting TheatreManagementApplication using Java 17.0.4.1 on DESKTOP-2F7T33D with PID 15412 (C:\Users\ADMIN\Documents\workspace-spring-tool-suite-4-4.16.1.RELEASE\manoj\theatremanagement\target\classes started by ADMIN in C:\Users\ADMIN\Documents\workspace-spring-tool-suite-4-4.16.1.RELEASE\manoj\theatremanagement)
2023-02-16 15:50:22,249 INFO org.springframework.boot.SpringApplication [restartedMain] No active profile set, falling back to 1 default profile: "default"
2023-02-16 15:50:22,548 INFO org.springframework.data.repository.config.RepositoryConfigurationDelegate [restartedMain] Bootstrapping Spring Data JPA repositories in DEFAULT mode.
2023-02-16 15:50:22,592 INFO org.springframework.data.repository.config.RepositoryConfigurationDelegate [restartedMain] Finished Spring Data repository scanning in 43 ms. Found 7 JPA repository interfaces.
2023-02-16 15:50:22,705 INFO org.springframework.boot.web.embedded.tomcat.TomcatWebServer [restartedMain] Tomcat initialized with port(s): 8080 (http)
2023-02-16 15:50:22,706 INFO org.apache.juli.logging.DirectJDKLog [restartedMain] Initializing ProtocolHandler ["http-nio-8080"]
2023-02-16 15:50:22,707 INFO org.apache.juli.logging.DirectJDKLog [restartedMain] Starting service [Tomcat]
2023-02-16 15:50:22,707 INFO org.apache.juli.logging.DirectJDKLog [restartedMain] Starting Servlet engine: [Apache Tomcat/9.0.70]
2023-02-16 15:50:22,744 INFO org.apache.juli.logging.DirectJDKLog [restartedMain] Initializing Spring embedded WebApplicationContext
2023-02-16 15:50:22,744 INFO org.springframework.boot.web.servlet.context.ServletWebServerApplicationContext [restartedMain] Root WebApplicationContext: initialization completed in 491 ms
2023-02-16 15:50:22,796 INFO org.hibernate.jpa.internal.util.LogHelper [restartedMain] HHH000204: Processing PersistenceUnitInfo [name: default]
2023-02-16 15:50:22,808 INFO com.zaxxer.hikari.HikariDataSource [restartedMain] HikariPool-2 - Starting...
2023-02-16 15:50:22,808 WARN com.zaxxer.hikari.util.DriverDataSource [restartedMain] Registered driver with driverClassName=com.mysql.jdbc.Driver was not found, trying direct instantiation.
2023-02-16 15:50:22,831 INFO com.zaxxer.hikari.HikariDataSource [restartedMain] HikariPool-2 - Start completed.
2023-02-16 15:50:22,832 INFO org.hibernate.dialect.Dialect [restartedMain] HHH000400: Using dialect: org.hibernate.dialect.MySQL8Dialect
2023-02-16 15:50:23,157 INFO org.hibernate.engine.transaction.jta.platform.internal.JtaPlatformInitiator [restartedMain] HHH000490: Using JtaPlatform implementation: [org.hibernate.engine.transaction.jta.platform.internal.NoJtaPlatform]
2023-02-16 15:50:23,157 INFO org.springframework.orm.jpa.AbstractEntityManagerFactoryBean [restartedMain] Initialized JPA EntityManagerFactory for persistence unit 'default'
2023-02-16 15:50:23,401 WARN org.springframework.boot.autoconfigure.orm.jpa.JpaBaseConfiguration$JpaWebConfiguration [restartedMain] spring.jpa.open-in-view is enabled by default. Therefore, database queries may be performed during view rendering. Explicitly configure spring.jpa.open-in-view to disable this warning
2023-02-16 15:50:23,452 INFO org.springframework.boot.autoconfigure.web.servlet.WelcomePageHandlerMapping [restartedMain] Adding welcome page: class path resource [static/index.html]
2023-02-16 15:50:23,948 INFO org.springframework.boot.devtools.autoconfigure.OptionalLiveReloadServer [restartedMain] LiveReload server is running on port 35729
2023-02-16 15:50:23,963 INFO org.apache.juli.logging.DirectJDKLog [restartedMain] Starting ProtocolHandler ["http-nio-8080"]
2023-02-16 15:50:23,968 INFO org.springframework.boot.web.embedded.tomcat.TomcatWebServer [restartedMain] Tomcat started on port(s): 8080 (http) with context path ''
2023-02-16 15:50:23,984 INFO org.springframework.boot.StartupInfoLogger [restartedMain] Started TheatreManagementApplication in 1.783 seconds (JVM running for 46.444)
2023-02-16 15:50:23,988 INFO org.springframework.boot.devtools.autoconfigure.ConditionEvaluationDeltaLoggingListener [restartedMain] Condition evaluation unchanged
2023-02-16 16:11:08,182 INFO org.apache.juli.logging.DirectJDKLog [http-nio-8080-exec-1] Initializing Spring DispatcherServlet 'dispatcherServlet'
2023-02-16 16:11:08,183 INFO org.springframework.web.servlet.FrameworkServlet [http-nio-8080-exec-1] Initializing Servlet 'dispatcherServlet'
2023-02-16 16:11:08,187 INFO org.springframework.web.servlet.FrameworkServlet [http-nio-8080-exec-1] Completed initialization in 3 ms
2023-02-16 16:11:16,335 INFO com.example.demo.controller.UserController [http-nio-8080-exec-4] login User
2023-02-16 16:11:16,777 INFO com.example.demo.controller.CinemaController [http-nio-8080-exec-6] get a allCinema
2023-02-16 16:11:54,545 INFO com.example.demo.controller.UserController [http-nio-8080-exec-1] login User
2023-02-16 16:11:54,634 INFO com.example.demo.controller.CinemaController [http-nio-8080-exec-3] get a allCinema
2023-02-16 19:13:49,359 WARN com.zaxxer.hikari.pool.HikariPool$HouseKeeper [HikariPool-2 housekeeper] HikariPool-2 - Thread starvation or clock leap detected (housekeeper delta=14m23s506ms252µs101ns).
2023-02-16 19:23:54,695 INFO org.springframework.boot.devtools.autoconfigure.LocalDevToolsAutoConfiguration$RestartingClassPathChangeChangedEventListener [File Watcher] Restarting due to 1 class path change (0 additions, 0 deletions, 1 modification)
2023-02-16 19:23:54,823 INFO org.apache.juli.logging.DirectJDKLog [Thread-7] Pausing ProtocolHandler ["http-nio-8080"]
2023-02-16 19:23:54,827 INFO org.apache.juli.logging.DirectJDKLog [Thread-7] Stopping service [Tomcat]
2023-02-16 19:23:54,843 INFO org.apache.juli.logging.DirectJDKLog [Thread-7] Destroying Spring FrameworkServlet 'dispatcherServlet'
2023-02-16 19:23:54,908 INFO org.apache.juli.logging.DirectJDKLog [Thread-7] Stopping ProtocolHandler ["http-nio-8080"]
2023-02-16 19:23:54,930 INFO org.apache.juli.logging.DirectJDKLog [Thread-7] Destroying ProtocolHandler ["http-nio-8080"]
2023-02-16 19:23:54,973 INFO org.springframework.orm.jpa.AbstractEntityManagerFactoryBean [Thread-7] Closing JPA EntityManagerFactory for persistence unit 'default'
2023-02-16 19:23:55,069 INFO com.zaxxer.hikari.HikariDataSource [Thread-7] HikariPool-2 - Shutdown initiated...
2023-02-16 19:23:55,169 INFO com.zaxxer.hikari.HikariDataSource [Thread-7] HikariPool-2 - Shutdown completed.
2023-02-16 19:23:56,710 INFO org.springframework.boot.StartupInfoLogger [restartedMain] Starting TheatreManagementApplication using Java 17.0.4.1 on DESKTOP-2F7T33D with PID 15412 (C:\Users\ADMIN\Documents\workspace-spring-tool-suite-4-4.16.1.RELEASE\manoj\theatremanagement\target\classes started by ADMIN in C:\Users\ADMIN\Documents\workspace-spring-tool-suite-4-4.16.1.RELEASE\manoj\theatremanagement)
2023-02-16 19:23:56,712 INFO org.springframework.boot.SpringApplication [restartedMain] No active profile set, falling back to 1 default profile: "default"
2023-02-16 19:23:57,678 INFO org.springframework.data.repository.config.RepositoryConfigurationDelegate [restartedMain] Bootstrapping Spring Data JPA repositories in DEFAULT mode.
2023-02-16 19:23:57,742 INFO org.springframework.data.repository.config.RepositoryConfigurationDelegate [restartedMain] Finished Spring Data repository scanning in 63 ms. Found 7 JPA repository interfaces.
2023-02-16 19:23:58,022 INFO org.springframework.boot.web.embedded.tomcat.TomcatWebServer [restartedMain] Tomcat initialized with port(s): 8080 (http)
2023-02-16 19:23:58,023 INFO org.apache.juli.logging.DirectJDKLog [restartedMain] Initializing ProtocolHandler ["http-nio-8080"]
2023-02-16 19:23:58,024 INFO org.apache.juli.logging.DirectJDKLog [restartedMain] Starting service [Tomcat]
2023-02-16 19:23:58,025 INFO org.apache.juli.logging.DirectJDKLog [restartedMain] Starting Servlet engine: [Apache Tomcat/9.0.70]
2023-02-16 19:23:58,112 INFO org.apache.juli.logging.DirectJDKLog [restartedMain] Initializing Spring embedded WebApplicationContext
2023-02-16 19:23:58,113 INFO org.springframework.boot.web.servlet.context.ServletWebServerApplicationContext [restartedMain] Root WebApplicationContext: initialization completed in 1393 ms
2023-02-16 19:23:58,241 INFO org.hibernate.jpa.internal.util.LogHelper [restartedMain] HHH000204: Processing PersistenceUnitInfo [name: default]
2023-02-16 19:23:58,257 INFO com.zaxxer.hikari.HikariDataSource [restartedMain] HikariPool-3 - Starting...
2023-02-16 19:23:58,258 WARN com.zaxxer.hikari.util.DriverDataSource [restartedMain] Registered driver with driverClassName=com.mysql.jdbc.Driver was not found, trying direct instantiation.
2023-02-16 19:23:58,292 INFO com.zaxxer.hikari.HikariDataSource [restartedMain] HikariPool-3 - Start completed.
2023-02-16 19:23:58,293 INFO org.hibernate.dialect.Dialect [restartedMain] HHH000400: Using dialect: org.hibernate.dialect.MySQL8Dialect
2023-02-16 19:23:58,803 INFO org.hibernate.engine.transaction.jta.platform.internal.JtaPlatformInitiator [restartedMain] HHH000490: Using JtaPlatform implementation: [org.hibernate.engine.transaction.jta.platform.internal.NoJtaPlatform]
2023-02-16 19:23:58,804 INFO org.springframework.orm.jpa.AbstractEntityManagerFactoryBean [restartedMain] Initialized JPA EntityManagerFactory for persistence unit 'default'
2023-02-16 19:23:59,281 WARN org.springframework.boot.autoconfigure.orm.jpa.JpaBaseConfiguration$JpaWebConfiguration [restartedMain] spring.jpa.open-in-view is enabled by default. Therefore, database queries may be performed during view rendering. Explicitly configure spring.jpa.open-in-view to disable this warning
2023-02-16 19:23:59,386 INFO org.springframework.boot.autoconfigure.web.servlet.WelcomePageHandlerMapping [restartedMain] Adding welcome page: class path resource [static/index.html]
2023-02-16 19:24:01,915 INFO org.springframework.boot.devtools.autoconfigure.OptionalLiveReloadServer [restartedMain] LiveReload server is running on port 35729
2023-02-16 19:24:01,932 INFO org.apache.juli.logging.DirectJDKLog [restartedMain] Starting ProtocolHandler ["http-nio-8080"]
2023-02-16 19:24:01,939 INFO org.springframework.boot.web.embedded.tomcat.TomcatWebServer [restartedMain] Tomcat started on port(s): 8080 (http) with context path ''
2023-02-16 19:24:01,956 INFO org.springframework.boot.StartupInfoLogger [restartedMain] Started TheatreManagementApplication in 5.609 seconds (JVM running for 12864.418)
2023-02-16 19:24:01,960 INFO org.springframework.boot.devtools.autoconfigure.ConditionEvaluationDeltaLoggingListener [restartedMain] Condition evaluation unchanged
2023-02-16 19:24:06,240 INFO org.springframework.boot.admin.SpringApplicationAdminMXBeanRegistrar$SpringApplicationAdmin [RMI TCP Connection(248)-127.0.0.1] Application shutdown requested.
2023-02-16 19:24:06,256 INFO org.apache.juli.logging.DirectJDKLog [RMI TCP Connection(248)-127.0.0.1] Pausing ProtocolHandler ["http-nio-8080"]
2023-02-16 19:24:06,259 INFO org.apache.juli.logging.DirectJDKLog [RMI TCP Connection(248)-127.0.0.1] Stopping service [Tomcat]
2023-02-16 19:24:06,377 INFO org.apache.juli.logging.DirectJDKLog [RMI TCP Connection(248)-127.0.0.1] Stopping ProtocolHandler ["http-nio-8080"]
2023-02-16 19:24:06,380 INFO org.apache.juli.logging.DirectJDKLog [RMI TCP Connection(248)-127.0.0.1] Destroying ProtocolHandler ["http-nio-8080"]
2023-02-16 19:24:06,386 INFO org.springframework.orm.jpa.AbstractEntityManagerFactoryBean [RMI TCP Connection(248)-127.0.0.1] Closing JPA EntityManagerFactory for persistence unit 'default'
2023-02-16 19:24:06,387 INFO com.zaxxer.hikari.HikariDataSource [RMI TCP Connection(248)-127.0.0.1] HikariPool-3 - Shutdown initiated...
2023-02-16 19:24:06,462 INFO com.zaxxer.hikari.HikariDataSource [RMI TCP Connection(248)-127.0.0.1] HikariPool-3 - Shutdown completed.
