2023-02-14 20:39:02,772 INFO org.hibernate.validator.internal.util.Version [background-preinit] HV000001: Hibernate Validator 6.2.5.Final
2023-02-14 20:39:02,770 INFO org.springframework.boot.StartupInfoLogger [restartedMain] Starting TheatreManagementApplication using Java 17.0.4.1 on DESKTOP-2F7T33D with PID 684 (C:\Users\ADMIN\Documents\workspace-spring-tool-suite-4-4.16.1.RELEASE\manoj\theatremanagement\target\classes started by ADMIN in C:\Users\ADMIN\Documents\workspace-spring-tool-suite-4-4.16.1.RELEASE\manoj\theatremanagement)
2023-02-14 20:39:02,776 INFO org.springframework.boot.SpringApplication [restartedMain] No active profile set, falling back to 1 default profile: "default"
2023-02-14 20:39:02,921 INFO org.springframework.boot.logging.DeferredLog [restartedMain] Devtools property defaults active! Set 'spring.devtools.add-properties' to 'false' to disable
2023-02-14 20:39:02,921 INFO org.springframework.boot.logging.DeferredLog [restartedMain] For additional web related logging consider setting the 'logging.level.web' property to 'DEBUG'
2023-02-14 20:39:04,611 INFO org.springframework.data.repository.config.RepositoryConfigurationDelegate [restartedMain] Bootstrapping Spring Data JPA repositories in DEFAULT mode.
2023-02-14 20:39:04,752 INFO org.springframework.data.repository.config.RepositoryConfigurationDelegate [restartedMain] Finished Spring Data repository scanning in 123 ms. Found 7 JPA repository interfaces.
2023-02-14 20:39:05,701 INFO org.springframework.boot.web.embedded.tomcat.TomcatWebServer [restartedMain] Tomcat initialized with port(s): 8080 (http)
2023-02-14 20:39:05,721 INFO org.apache.juli.logging.DirectJDKLog [restartedMain] Initializing ProtocolHandler ["http-nio-8080"]
2023-02-14 20:39:05,723 INFO org.apache.juli.logging.DirectJDKLog [restartedMain] Starting service [Tomcat]
2023-02-14 20:39:05,723 INFO org.apache.juli.logging.DirectJDKLog [restartedMain] Starting Servlet engine: [Apache Tomcat/9.0.70]
2023-02-14 20:39:05,889 INFO org.apache.juli.logging.DirectJDKLog [restartedMain] Initializing Spring embedded WebApplicationContext
2023-02-14 20:39:05,890 INFO org.springframework.boot.web.servlet.context.ServletWebServerApplicationContext [restartedMain] Root WebApplicationContext: initialization completed in 2967 ms
2023-02-14 20:39:06,173 INFO org.hibernate.jpa.internal.util.LogHelper [restartedMain] HHH000204: Processing PersistenceUnitInfo [name: default]
2023-02-14 20:39:06,283 INFO org.hibernate.Version [restartedMain] HHH000412: Hibernate ORM core version 5.6.14.Final
2023-02-14 20:39:06,583 INFO org.hibernate.annotations.common.reflection.java.JavaReflectionManager [restartedMain] HCANN000001: Hibernate Commons Annotations {5.1.2.Final}
2023-02-14 20:39:06,801 INFO com.zaxxer.hikari.HikariDataSource [restartedMain] HikariPool-1 - Starting...
2023-02-14 20:39:06,811 WARN com.zaxxer.hikari.util.DriverDataSource [restartedMain] Registered driver with driverClassName=com.mysql.jdbc.Driver was not found, trying direct instantiation.
2023-02-14 20:39:07,375 INFO com.zaxxer.hikari.HikariDataSource [restartedMain] HikariPool-1 - Start completed.
2023-02-14 20:39:07,435 INFO org.hibernate.dialect.Dialect [restartedMain] HHH000400: Using dialect: org.hibernate.dialect.MySQL8Dialect
2023-02-14 20:39:09,180 INFO org.hibernate.engine.transaction.jta.platform.internal.JtaPlatformInitiator [restartedMain] HHH000490: Using JtaPlatform implementation: [org.hibernate.engine.transaction.jta.platform.internal.NoJtaPlatform]
2023-02-14 20:39:09,197 INFO org.springframework.orm.jpa.AbstractEntityManagerFactoryBean [restartedMain] Initialized JPA EntityManagerFactory for persistence unit 'default'
2023-02-14 20:39:10,084 WARN org.springframework.boot.autoconfigure.orm.jpa.JpaBaseConfiguration$JpaWebConfiguration [restartedMain] spring.jpa.open-in-view is enabled by default. Therefore, database queries may be performed during view rendering. Explicitly configure spring.jpa.open-in-view to disable this warning
2023-02-14 20:39:10,311 INFO org.springframework.boot.autoconfigure.web.servlet.WelcomePageHandlerMapping [restartedMain] Adding welcome page: class path resource [static/index.html]
2023-02-14 20:39:11,248 INFO org.springframework.boot.devtools.autoconfigure.OptionalLiveReloadServer [restartedMain] LiveReload server is running on port 35729
2023-02-14 20:39:11,285 INFO org.apache.juli.logging.DirectJDKLog [restartedMain] Starting ProtocolHandler ["http-nio-8080"]
2023-02-14 20:39:11,323 INFO org.springframework.boot.web.embedded.tomcat.TomcatWebServer [restartedMain] Tomcat started on port(s): 8080 (http) with context path ''
2023-02-14 20:39:11,344 INFO org.springframework.boot.StartupInfoLogger [restartedMain] Started TheatreManagementApplication in 9.429 seconds (JVM running for 11.108)
2023-02-14 20:39:39,187 INFO org.apache.juli.logging.DirectJDKLog [http-nio-8080-exec-1] Initializing Spring DispatcherServlet 'dispatcherServlet'
2023-02-14 20:39:39,188 INFO org.springframework.web.servlet.FrameworkServlet [http-nio-8080-exec-1] Initializing Servlet 'dispatcherServlet'
2023-02-14 20:39:39,192 INFO org.springframework.web.servlet.FrameworkServlet [http-nio-8080-exec-1] Completed initialization in 3 ms
2023-02-14 20:39:48,143 INFO com.example.demo.controller.CinemaController [http-nio-8080-exec-7] get a allCinema
2023-02-14 20:40:15,364 INFO com.example.demo.controller.UserController [http-nio-8080-exec-2] login User
2023-02-14 20:40:15,419 WARN org.springframework.web.servlet.handler.AbstractHandlerExceptionResolver [http-nio-8080-exec-2] Resolved [com.example.demo.exceptionhandler.NotFoundException: invalid email and password]
2023-02-14 20:40:16,702 INFO com.example.demo.controller.UserController [http-nio-8080-exec-3] login User
2023-02-14 20:40:16,711 WARN org.springframework.web.servlet.handler.AbstractHandlerExceptionResolver [http-nio-8080-exec-3] Resolved [com.example.demo.exceptionhandler.NotFoundException: invalid email and password]
2023-02-14 20:40:17,446 INFO com.example.demo.controller.UserController [http-nio-8080-exec-4] login User
2023-02-14 20:40:17,459 WARN org.springframework.web.servlet.handler.AbstractHandlerExceptionResolver [http-nio-8080-exec-4] Resolved [com.example.demo.exceptionhandler.NotFoundException: invalid email and password]
2023-02-14 20:40:17,656 INFO com.example.demo.controller.UserController [http-nio-8080-exec-5] login User
2023-02-14 20:40:17,661 WARN org.springframework.web.servlet.handler.AbstractHandlerExceptionResolver [http-nio-8080-exec-5] Resolved [com.example.demo.exceptionhandler.NotFoundException: invalid email and password]
2023-02-14 20:41:26,130 INFO com.example.demo.controller.UserController [http-nio-8080-exec-9] login User
2023-02-14 20:41:26,248 INFO com.example.demo.controller.CinemaController [http-nio-8080-exec-2] get a allCinema
2023-02-14 20:48:01,858 INFO org.springdoc.api.AbstractOpenApiResource [http-nio-8080-exec-4] Init duration for springdoc-openapi is: 1133 ms
2023-02-14 22:13:28,255 INFO org.springframework.boot.admin.SpringApplicationAdminMXBeanRegistrar$SpringApplicationAdmin [RMI TCP Connection(105)-127.0.0.1] Application shutdown requested.
2023-02-14 22:13:28,363 INFO org.apache.juli.logging.DirectJDKLog [RMI TCP Connection(105)-127.0.0.1] Pausing ProtocolHandler ["http-nio-8080"]
2023-02-14 22:13:28,365 INFO org.apache.juli.logging.DirectJDKLog [RMI TCP Connection(105)-127.0.0.1] Stopping service [Tomcat]
2023-02-14 22:13:28,377 INFO org.apache.juli.logging.DirectJDKLog [RMI TCP Connection(105)-127.0.0.1] Destroying Spring FrameworkServlet 'dispatcherServlet'
2023-02-14 22:13:28,405 INFO org.apache.juli.logging.DirectJDKLog [RMI TCP Connection(105)-127.0.0.1] Stopping ProtocolHandler ["http-nio-8080"]
2023-02-14 22:13:28,416 INFO org.apache.juli.logging.DirectJDKLog [RMI TCP Connection(105)-127.0.0.1] Destroying ProtocolHandler ["http-nio-8080"]
2023-02-14 22:13:28,443 INFO org.springframework.orm.jpa.AbstractEntityManagerFactoryBean [RMI TCP Connection(105)-127.0.0.1] Closing JPA EntityManagerFactory for persistence unit 'default'
2023-02-14 22:13:28,477 INFO com.zaxxer.hikari.HikariDataSource [RMI TCP Connection(105)-127.0.0.1] HikariPool-1 - Shutdown initiated...
2023-02-14 22:13:28,490 INFO com.zaxxer.hikari.HikariDataSource [RMI TCP Connection(105)-127.0.0.1] HikariPool-1 - Shutdown completed.
