2023-02-13 09:37:17,157 INFO org.hibernate.validator.internal.util.Version [background-preinit] HV000001: Hibernate Validator 6.2.5.Final
2023-02-13 09:37:17,161 INFO org.springframework.boot.StartupInfoLogger [restartedMain] Starting TheatreManagementApplication using Java 17.0.4.1 on DESKTOP-2F7T33D with PID 13164 (C:\Users\ADMIN\Documents\workspace-spring-tool-suite-4-4.16.1.RELEASE\manoj\theatremanagement\target\classes started by ADMIN in C:\Users\ADMIN\Documents\workspace-spring-tool-suite-4-4.16.1.RELEASE\manoj\theatremanagement)
2023-02-13 09:37:17,164 INFO org.springframework.boot.SpringApplication [restartedMain] No active profile set, falling back to 1 default profile: "default"
2023-02-13 09:37:17,278 INFO org.springframework.boot.logging.DeferredLog [restartedMain] Devtools property defaults active! Set 'spring.devtools.add-properties' to 'false' to disable
2023-02-13 09:37:17,279 INFO org.springframework.boot.logging.DeferredLog [restartedMain] For additional web related logging consider setting the 'logging.level.web' property to 'DEBUG'
2023-02-13 09:37:18,902 INFO org.springframework.data.repository.config.RepositoryConfigurationDelegate [restartedMain] Bootstrapping Spring Data JPA repositories in DEFAULT mode.
2023-02-13 09:37:19,036 INFO org.springframework.data.repository.config.RepositoryConfigurationDelegate [restartedMain] Finished Spring Data repository scanning in 115 ms. Found 7 JPA repository interfaces.
2023-02-13 09:37:19,978 INFO org.springframework.boot.web.embedded.tomcat.TomcatWebServer [restartedMain] Tomcat initialized with port(s): 8080 (http)
2023-02-13 09:37:20,000 INFO org.apache.juli.logging.DirectJDKLog [restartedMain] Initializing ProtocolHandler ["http-nio-8080"]
2023-02-13 09:37:20,002 INFO org.apache.juli.logging.DirectJDKLog [restartedMain] Starting service [Tomcat]
2023-02-13 09:37:20,002 INFO org.apache.juli.logging.DirectJDKLog [restartedMain] Starting Servlet engine: [Apache Tomcat/9.0.70]
2023-02-13 09:37:20,148 INFO org.apache.juli.logging.DirectJDKLog [restartedMain] Initializing Spring embedded WebApplicationContext
2023-02-13 09:37:20,149 INFO org.springframework.boot.web.servlet.context.ServletWebServerApplicationContext [restartedMain] Root WebApplicationContext: initialization completed in 2868 ms
2023-02-13 09:37:20,385 INFO org.hibernate.jpa.internal.util.LogHelper [restartedMain] HHH000204: Processing PersistenceUnitInfo [name: default]
2023-02-13 09:37:20,497 INFO org.hibernate.Version [restartedMain] HHH000412: Hibernate ORM core version 5.6.14.Final
2023-02-13 09:37:20,799 INFO org.hibernate.annotations.common.reflection.java.JavaReflectionManager [restartedMain] HCANN000001: Hibernate Commons Annotations {5.1.2.Final}
2023-02-13 09:37:20,984 INFO com.zaxxer.hikari.HikariDataSource [restartedMain] HikariPool-1 - Starting...
2023-02-13 09:37:20,995 WARN com.zaxxer.hikari.util.DriverDataSource [restartedMain] Registered driver with driverClassName=com.mysql.jdbc.Driver was not found, trying direct instantiation.
2023-02-13 09:37:21,470 INFO com.zaxxer.hikari.HikariDataSource [restartedMain] HikariPool-1 - Start completed.
2023-02-13 09:37:21,534 INFO org.hibernate.dialect.Dialect [restartedMain] HHH000400: Using dialect: org.hibernate.dialect.MySQL8Dialect
2023-02-13 09:37:22,999 INFO org.hibernate.engine.transaction.jta.platform.internal.JtaPlatformInitiator [restartedMain] HHH000490: Using JtaPlatform implementation: [org.hibernate.engine.transaction.jta.platform.internal.NoJtaPlatform]
2023-02-13 09:37:23,014 INFO org.springframework.orm.jpa.AbstractEntityManagerFactoryBean [restartedMain] Initialized JPA EntityManagerFactory for persistence unit 'default'
2023-02-13 09:37:24,090 WARN org.springframework.boot.autoconfigure.orm.jpa.JpaBaseConfiguration$JpaWebConfiguration [restartedMain] spring.jpa.open-in-view is enabled by default. Therefore, database queries may be performed during view rendering. Explicitly configure spring.jpa.open-in-view to disable this warning
2023-02-13 09:37:24,562 INFO org.springframework.boot.autoconfigure.web.servlet.WelcomePageHandlerMapping [restartedMain] Adding welcome page: class path resource [static/index.html]
2023-02-13 09:37:25,711 INFO org.springframework.boot.devtools.autoconfigure.OptionalLiveReloadServer [restartedMain] LiveReload server is running on port 35729
2023-02-13 09:37:25,756 INFO org.apache.juli.logging.DirectJDKLog [restartedMain] Starting ProtocolHandler ["http-nio-8080"]
2023-02-13 09:37:25,801 INFO org.springframework.boot.web.embedded.tomcat.TomcatWebServer [restartedMain] Tomcat started on port(s): 8080 (http) with context path ''
2023-02-13 09:37:25,824 INFO org.springframework.boot.StartupInfoLogger [restartedMain] Started TheatreManagementApplication in 9.401 seconds (JVM running for 10.942)
2023-02-13 09:39:13,981 INFO org.apache.juli.logging.DirectJDKLog [http-nio-8080-exec-1] Initializing Spring DispatcherServlet 'dispatcherServlet'
2023-02-13 09:39:13,982 INFO org.springframework.web.servlet.FrameworkServlet [http-nio-8080-exec-1] Initializing Servlet 'dispatcherServlet'
2023-02-13 09:39:13,989 INFO org.springframework.web.servlet.FrameworkServlet [http-nio-8080-exec-1] Completed initialization in 7 ms
2023-02-13 09:39:14,297 WARN org.springframework.web.servlet.handler.AbstractHandlerExceptionResolver [http-nio-8080-exec-2] Resolved [com.example.demo.exceptionhandler.NotFoundException: Cinema not found]
2023-02-13 09:39:16,151 WARN org.springframework.web.servlet.handler.AbstractHandlerExceptionResolver [http-nio-8080-exec-4] Resolved [com.example.demo.exceptionhandler.NotFoundException: Cinema not found]
2023-02-13 09:39:20,214 WARN org.springframework.web.servlet.handler.AbstractHandlerExceptionResolver [http-nio-8080-exec-6] Resolved [com.example.demo.exceptionhandler.NotFoundException: Cinema not found]
2023-02-13 09:39:35,544 WARN org.springframework.web.servlet.handler.AbstractHandlerExceptionResolver [http-nio-8080-exec-8] Resolved [com.example.demo.exceptionhandler.NotFoundException: Cinema not found]
2023-02-13 09:39:37,559 WARN org.springframework.web.servlet.handler.AbstractHandlerExceptionResolver [http-nio-8080-exec-10] Resolved [com.example.demo.exceptionhandler.NotFoundException: Cinema not found]
2023-02-13 09:39:43,502 WARN org.springframework.web.servlet.handler.AbstractHandlerExceptionResolver [http-nio-8080-exec-2] Resolved [com.example.demo.exceptionhandler.NotFoundException: Cinema not found]
2023-02-13 09:39:52,573 WARN org.springframework.web.servlet.handler.AbstractHandlerExceptionResolver [http-nio-8080-exec-4] Resolved [com.example.demo.exceptionhandler.NotFoundException: Cinema not found]
2023-02-13 09:39:55,215 WARN org.springframework.web.servlet.handler.AbstractHandlerExceptionResolver [http-nio-8080-exec-6] Resolved [com.example.demo.exceptionhandler.NotFoundException: Cinema not found]
2023-02-13 09:39:58,598 WARN org.springframework.web.servlet.handler.AbstractHandlerExceptionResolver [http-nio-8080-exec-8] Resolved [com.example.demo.exceptionhandler.NotFoundException: Cinema not found]
2023-02-13 09:40:00,507 WARN org.springframework.web.servlet.handler.AbstractHandlerExceptionResolver [http-nio-8080-exec-10] Resolved [com.example.demo.exceptionhandler.NotFoundException: Cinema not found]
2023-02-13 09:41:50,769 WARN org.springframework.web.servlet.handler.AbstractHandlerExceptionResolver [http-nio-8080-exec-3] Resolved [com.example.demo.exceptionhandler.NotFoundException: Cinema not found]
2023-02-13 09:41:52,795 WARN org.springframework.web.servlet.handler.AbstractHandlerExceptionResolver [http-nio-8080-exec-5] Resolved [com.example.demo.exceptionhandler.NotFoundException: Cinema not found]
2023-02-13 09:41:57,255 WARN org.springframework.web.servlet.handler.AbstractHandlerExceptionResolver [http-nio-8080-exec-6] Resolved [com.example.demo.exceptionhandler.NotFoundException: Cinema not found]
2023-02-13 09:42:55,177 WARN org.springframework.web.servlet.handler.AbstractHandlerExceptionResolver [http-nio-8080-exec-9] Resolved [com.example.demo.exceptionhandler.NotFoundException: Cinema not found]
2023-02-13 09:43:25,807 INFO org.springdoc.api.AbstractOpenApiResource [http-nio-8080-exec-9] Init duration for springdoc-openapi is: 722 ms
2023-02-13 09:45:19,711 INFO com.example.demo.controller.CinemaController [http-nio-8080-exec-6] get a Cinema
2023-02-13 10:20:44,094 INFO com.example.demo.controller.UserController [http-nio-8080-exec-4] login User
2023-02-13 10:20:44,352 INFO com.example.demo.controller.CinemaController [http-nio-8080-exec-7] get a allCinema
2023-02-13 10:20:52,837 INFO com.example.demo.controller.CinemaController [http-nio-8080-exec-1] get a allCinema
2023-02-13 10:21:02,462 INFO com.example.demo.controller.CinemaController [http-nio-8080-exec-2] get a Cinema
2023-02-13 10:21:19,460 INFO com.example.demo.controller.CinemaController [http-nio-8080-exec-4] get a Cinema
2023-02-13 10:21:27,587 INFO com.example.demo.controller.TheatreController [http-nio-8080-exec-6] get a alltheatre
2023-02-13 10:21:28,100 INFO com.example.demo.controller.TheatreController [http-nio-8080-exec-9] get a alltheatre
2023-02-13 10:21:32,274 INFO com.example.demo.controller.TheatreController [http-nio-8080-exec-1] get a theatre
2023-02-13 10:21:37,127 INFO com.example.demo.controller.CinemaController [http-nio-8080-exec-4] get a allCinema
2023-02-13 10:21:39,064 INFO com.example.demo.controller.CinemaController [http-nio-8080-exec-5] get a Cinema
2023-02-13 10:21:48,681 INFO com.example.demo.controller.CinemaController [http-nio-8080-exec-7] update a cinema
2023-02-13 10:21:53,761 INFO com.example.demo.controller.CinemaController [http-nio-8080-exec-10] get a allCinema
2023-02-13 10:22:09,810 INFO com.example.demo.controller.TheatreController [http-nio-8080-exec-3] get a alltheatre
2023-02-13 10:22:10,037 INFO com.example.demo.controller.TheatreController [http-nio-8080-exec-4] get a alltheatre
2023-02-13 10:22:12,041 INFO com.example.demo.controller.TheatreController [http-nio-8080-exec-7] get a theatre
2023-02-13 10:22:17,743 INFO com.example.demo.controller.TheatreController [http-nio-8080-exec-8] update a theatre
2023-02-13 10:22:17,805 INFO com.example.demo.controller.TheatreController [http-nio-8080-exec-9] get a alltheatre
2023-02-13 10:22:20,188 INFO com.example.demo.controller.TheatreController [http-nio-8080-exec-2] get a alltheatre
2023-02-13 10:22:21,153 INFO com.example.demo.controller.TheatreController [http-nio-8080-exec-6] get a theatre
2023-02-13 10:22:36,737 INFO com.example.demo.controller.TheatreController [http-nio-8080-exec-7] get a alltheatre
2023-02-13 10:28:18,788 INFO org.springframework.boot.devtools.autoconfigure.LocalDevToolsAutoConfiguration$RestartingClassPathChangeChangedEventListener [File Watcher] Restarting due to 3 class path changes (0 additions, 0 deletions, 3 modifications)
2023-02-13 10:28:18,936 INFO org.apache.juli.logging.DirectJDKLog [Thread-5] Pausing ProtocolHandler ["http-nio-8080"]
2023-02-13 10:28:18,937 INFO org.apache.juli.logging.DirectJDKLog [Thread-5] Stopping service [Tomcat]
2023-02-13 10:28:18,989 INFO org.apache.juli.logging.DirectJDKLog [Thread-5] Destroying Spring FrameworkServlet 'dispatcherServlet'
2023-02-13 10:28:19,004 INFO org.apache.juli.logging.DirectJDKLog [Thread-5] Stopping ProtocolHandler ["http-nio-8080"]
2023-02-13 10:28:19,017 INFO org.apache.juli.logging.DirectJDKLog [Thread-5] Destroying ProtocolHandler ["http-nio-8080"]
2023-02-13 10:28:19,029 INFO org.springframework.orm.jpa.AbstractEntityManagerFactoryBean [Thread-5] Closing JPA EntityManagerFactory for persistence unit 'default'
2023-02-13 10:28:19,046 INFO com.zaxxer.hikari.HikariDataSource [Thread-5] HikariPool-1 - Shutdown initiated...
2023-02-13 10:28:19,089 INFO com.zaxxer.hikari.HikariDataSource [Thread-5] HikariPool-1 - Shutdown completed.
2023-02-13 10:28:19,447 INFO org.springframework.boot.StartupInfoLogger [restartedMain] Starting TheatreManagementApplication using Java 17.0.4.1 on DESKTOP-2F7T33D with PID 13164 (C:\Users\ADMIN\Documents\workspace-spring-tool-suite-4-4.16.1.RELEASE\manoj\theatremanagement\target\classes started by ADMIN in C:\Users\ADMIN\Documents\workspace-spring-tool-suite-4-4.16.1.RELEASE\manoj\theatremanagement)
2023-02-13 10:28:19,462 INFO org.springframework.boot.SpringApplication [restartedMain] No active profile set, falling back to 1 default profile: "default"
2023-02-13 10:28:20,515 INFO org.springframework.data.repository.config.RepositoryConfigurationDelegate [restartedMain] Bootstrapping Spring Data JPA repositories in DEFAULT mode.
2023-02-13 10:28:20,610 INFO org.springframework.data.repository.config.RepositoryConfigurationDelegate [restartedMain] Finished Spring Data repository scanning in 93 ms. Found 7 JPA repository interfaces.
2023-02-13 10:28:20,943 INFO org.springframework.boot.web.embedded.tomcat.TomcatWebServer [restartedMain] Tomcat initialized with port(s): 8080 (http)
2023-02-13 10:28:20,946 INFO org.apache.juli.logging.DirectJDKLog [restartedMain] Initializing ProtocolHandler ["http-nio-8080"]
2023-02-13 10:28:20,947 INFO org.apache.juli.logging.DirectJDKLog [restartedMain] Starting service [Tomcat]
2023-02-13 10:28:20,948 INFO org.apache.juli.logging.DirectJDKLog [restartedMain] Starting Servlet engine: [Apache Tomcat/9.0.70]
2023-02-13 10:28:21,016 INFO org.apache.juli.logging.DirectJDKLog [restartedMain] Initializing Spring embedded WebApplicationContext
2023-02-13 10:28:21,017 INFO org.springframework.boot.web.servlet.context.ServletWebServerApplicationContext [restartedMain] Root WebApplicationContext: initialization completed in 1546 ms
2023-02-13 10:28:21,156 INFO org.hibernate.jpa.internal.util.LogHelper [restartedMain] HHH000204: Processing PersistenceUnitInfo [name: default]
2023-02-13 10:28:21,182 INFO com.zaxxer.hikari.HikariDataSource [restartedMain] HikariPool-2 - Starting...
2023-02-13 10:28:21,183 WARN com.zaxxer.hikari.util.DriverDataSource [restartedMain] Registered driver with driverClassName=com.mysql.jdbc.Driver was not found, trying direct instantiation.
2023-02-13 10:28:21,233 INFO com.zaxxer.hikari.HikariDataSource [restartedMain] HikariPool-2 - Start completed.
2023-02-13 10:28:21,234 INFO org.hibernate.dialect.Dialect [restartedMain] HHH000400: Using dialect: org.hibernate.dialect.MySQL8Dialect
2023-02-13 10:28:21,807 INFO org.hibernate.engine.transaction.jta.platform.internal.JtaPlatformInitiator [restartedMain] HHH000490: Using JtaPlatform implementation: [org.hibernate.engine.transaction.jta.platform.internal.NoJtaPlatform]
2023-02-13 10:28:21,808 INFO org.springframework.orm.jpa.AbstractEntityManagerFactoryBean [restartedMain] Initialized JPA EntityManagerFactory for persistence unit 'default'
2023-02-13 10:28:22,522 WARN org.springframework.boot.autoconfigure.orm.jpa.JpaBaseConfiguration$JpaWebConfiguration [restartedMain] spring.jpa.open-in-view is enabled by default. Therefore, database queries may be performed during view rendering. Explicitly configure spring.jpa.open-in-view to disable this warning
2023-02-13 10:28:22,691 INFO org.springframework.boot.autoconfigure.web.servlet.WelcomePageHandlerMapping [restartedMain] Adding welcome page: class path resource [static/index.html]
2023-02-13 10:28:23,772 INFO org.springframework.boot.devtools.autoconfigure.OptionalLiveReloadServer [restartedMain] LiveReload server is running on port 35729
2023-02-13 10:28:23,813 INFO org.apache.juli.logging.DirectJDKLog [restartedMain] Starting ProtocolHandler ["http-nio-8080"]
2023-02-13 10:28:23,824 INFO org.springframework.boot.web.embedded.tomcat.TomcatWebServer [restartedMain] Tomcat started on port(s): 8080 (http) with context path ''
2023-02-13 10:28:23,841 INFO org.springframework.boot.StartupInfoLogger [restartedMain] Started TheatreManagementApplication in 4.58 seconds (JVM running for 3068.959)
2023-02-13 10:28:23,861 INFO org.springframework.boot.devtools.autoconfigure.ConditionEvaluationDeltaLoggingListener [restartedMain] Condition evaluation unchanged
2023-02-13 10:30:50,043 INFO org.apache.juli.logging.DirectJDKLog [http-nio-8080-exec-1] Initializing Spring DispatcherServlet 'dispatcherServlet'
2023-02-13 10:30:50,044 INFO org.springframework.web.servlet.FrameworkServlet [http-nio-8080-exec-1] Initializing Servlet 'dispatcherServlet'
2023-02-13 10:30:50,046 INFO org.springframework.web.servlet.FrameworkServlet [http-nio-8080-exec-1] Completed initialization in 1 ms
2023-02-13 10:31:59,232 INFO com.example.demo.controller.UserController [http-nio-8080-exec-7] creat new User
2023-02-13 12:21:27,367 INFO com.example.demo.controller.UserController [http-nio-8080-exec-5] login User
2023-02-13 12:21:27,497 INFO com.example.demo.controller.CinemaController [http-nio-8080-exec-8] get a allCinema
2023-02-13 12:21:32,721 INFO com.example.demo.controller.CinemaController [http-nio-8080-exec-10] get a Cinema
2023-02-13 12:22:30,977 INFO com.example.demo.controller.CinemaController [http-nio-8080-exec-2] get a Cinema
2023-02-13 12:22:51,638 INFO com.example.demo.controller.TheatreController [http-nio-8080-exec-3] get a alltheatre
2023-02-13 12:22:52,257 INFO com.example.demo.controller.TheatreController [http-nio-8080-exec-6] get a alltheatre
2023-02-13 12:23:03,098 INFO com.example.demo.controller.TheatreController [http-nio-8080-exec-8] get a theatre
2023-02-13 12:23:56,092 INFO com.example.demo.controller.CinemaController [http-nio-8080-exec-1] get a allCinema
2023-02-13 12:24:55,215 INFO com.example.demo.controller.UserController [http-nio-8080-exec-5] login User
2023-02-13 12:24:55,313 INFO com.example.demo.controller.CinemaController [http-nio-8080-exec-8] get a allCinema
2023-02-13 14:04:17,517 WARN com.zaxxer.hikari.pool.HikariPool$HouseKeeper [HikariPool-2 housekeeper] HikariPool-2 - Thread starvation or clock leap detected (housekeeper delta=52m53s677ms847µs600ns).
2023-02-13 14:15:16,791 INFO com.example.demo.controller.UserController [http-nio-8080-exec-1] login User
2023-02-13 14:15:16,897 INFO com.example.demo.controller.CinemaController [http-nio-8080-exec-3] get a allCinema
2023-02-13 15:47:00,331 INFO com.example.demo.controller.CinemaController [http-nio-8080-exec-10] get a allCinema
2023-02-13 15:47:52,480 INFO com.example.demo.controller.UserController [http-nio-8080-exec-3] login User
2023-02-13 15:47:52,579 INFO com.example.demo.controller.CinemaController [http-nio-8080-exec-7] get a allCinema
2023-02-13 15:47:55,780 INFO com.example.demo.controller.TheatreController [http-nio-8080-exec-1] get a alltheatre
2023-02-13 15:47:56,078 INFO com.example.demo.controller.TheatreController [http-nio-8080-exec-5] get a alltheatre
2023-02-13 15:47:57,372 INFO com.example.demo.controller.TheatreController [http-nio-8080-exec-9] get a alltheatre
2023-02-13 15:47:59,319 INFO com.example.demo.controller.TheatreController [http-nio-8080-exec-2] get a alltheatre
2023-02-13 15:48:01,753 INFO com.example.demo.controller.CinemaController [http-nio-8080-exec-6] get a allCinema
2023-02-13 15:48:02,504 INFO com.example.demo.controller.CinemaController [http-nio-8080-exec-1] get a allCinema
2023-02-13 15:48:04,983 INFO com.example.demo.controller.CinemaController [http-nio-8080-exec-6] get a allCinema
2023-02-13 15:48:05,950 INFO com.example.demo.controller.CinemaController [http-nio-8080-exec-1] get a allCinema
2023-02-13 15:48:06,254 INFO com.example.demo.controller.CinemaController [http-nio-8080-exec-3] get a allCinema
2023-02-13 15:49:08,394 INFO com.example.demo.controller.TheatreController [http-nio-8080-exec-9] get a alltheatre
2023-02-13 15:49:08,872 INFO com.example.demo.controller.TheatreController [http-nio-8080-exec-4] get a alltheatre
2023-02-13 15:49:12,789 INFO com.example.demo.controller.CinemaController [http-nio-8080-exec-7] get a allCinema
2023-02-13 18:48:10,037 WARN com.zaxxer.hikari.pool.HikariPool$HouseKeeper [HikariPool-2 housekeeper] HikariPool-2 - Thread starvation or clock leap detected (housekeeper delta=7m47s854ms486µs100ns).
2023-02-13 18:56:50,660 INFO org.springframework.boot.admin.SpringApplicationAdminMXBeanRegistrar$SpringApplicationAdmin [RMI TCP Connection(512)-127.0.0.1] Application shutdown requested.
2023-02-13 18:56:50,686 INFO org.apache.juli.logging.DirectJDKLog [RMI TCP Connection(512)-127.0.0.1] Pausing ProtocolHandler ["http-nio-8080"]
2023-02-13 18:56:50,687 INFO org.apache.juli.logging.DirectJDKLog [RMI TCP Connection(512)-127.0.0.1] Stopping service [Tomcat]
2023-02-13 18:56:50,689 INFO org.apache.juli.logging.DirectJDKLog [RMI TCP Connection(512)-127.0.0.1] Destroying Spring FrameworkServlet 'dispatcherServlet'
2023-02-13 18:56:50,698 INFO org.apache.juli.logging.DirectJDKLog [RMI TCP Connection(512)-127.0.0.1] Stopping ProtocolHandler ["http-nio-8080"]
2023-02-13 18:56:50,703 INFO org.apache.juli.logging.DirectJDKLog [RMI TCP Connection(512)-127.0.0.1] Destroying ProtocolHandler ["http-nio-8080"]
2023-02-13 18:56:50,708 INFO org.springframework.orm.jpa.AbstractEntityManagerFactoryBean [RMI TCP Connection(512)-127.0.0.1] Closing JPA EntityManagerFactory for persistence unit 'default'
2023-02-13 18:56:50,711 INFO com.zaxxer.hikari.HikariDataSource [RMI TCP Connection(512)-127.0.0.1] HikariPool-2 - Shutdown initiated...
2023-02-13 18:56:50,717 INFO com.zaxxer.hikari.HikariDataSource [RMI TCP Connection(512)-127.0.0.1] HikariPool-2 - Shutdown completed.
